<?xml version="1.0" encoding="UTF-8"?>
<!-- Generated by org.testng.reporters.JUnitXMLReporter -->
<testsuite hostname="FOCUS-QA-10" name="Test" tests="40" failures="12" timestamp="3 Jan 2023 08:29:16 GMT" time="671.255" errors="0">
  <testcase name="verifyBrowserOpen" time="6.887" classname="com.focus.testcases.URLBrowserTest"/>
  <testcase name="checkLoginPageTitleByURLInputInBrowser" time="3.919" classname="com.focus.testcases.URLBrowserTest"/>
  <testcase name="checkLoginPageAvailablityOfFields" time="0.786" classname="com.focus.testcases.LoginPageTest"/>
  <testcase name="checkCompanyTextDisplayInCompanyListDropdown" time="0.05" classname="com.focus.testcases.LoginPageTest"/>
  <testcase name="checkSignInBtnWithValidUserNameAndValidPassword" time="10.381" classname="com.focus.testcases.LoginPageTest"/>
  <testcase name="checkPDCOptionsUnderSettings" time="15.629" classname="com.focus.testcases.PDCTest"/>
  <testcase name="checkConvertedMaturePDCScreenWithNoPDCExists" time="13.937" classname="com.focus.testcases.PDCTest"/>
  <testcase name="checkSavingVoucherToPostDatedReceipts" time="33.123" classname="com.focus.testcases.PDCTest"/>
  <testcase name="checkSavedVoucherInPDRVAT" time="4.674" classname="com.focus.testcases.PDCTest"/>
  <testcase name="checkEditingVoucherAndSavingInPDRVAT" time="15.747" classname="com.focus.testcases.PDCTest"/>
  <testcase name="checkSavedVouchersInPDCVoucherScreenWithOutPostOnDate" time="11.076" classname="com.focus.testcases.PDCTest">
    <failure type="java.lang.AssertionError" message="expected [true] but found [false]">
      <![CDATA[java.lang.AssertionError: expected [true] but found [false]
	at com.focus.testcases.PDCTest.checkSavedVouchersInPDCVoucherScreenWithOutPostOnDate(PDCTest.java:57)
... Removed 30 stack frames]]>
    </failure>
  </testcase> <!-- checkSavedVouchersInPDCVoucherScreenWithOutPostOnDate -->
  <testcase name="checkConvertingVouchersInPDCVoucherScreenWithOutPostOnDate" time="6.673" classname="com.focus.testcases.PDCTest">
    <failure type="java.lang.AssertionError" message="expected [true] but found [false]">
      <![CDATA[java.lang.AssertionError: expected [true] but found [false]
	at com.focus.testcases.PDCTest.checkConvertingVouchersInPDCVoucherScreenWithOutPostOnDate(PDCTest.java:64)
... Removed 30 stack frames]]>
    </failure>
  </testcase> <!-- checkConvertingVouchersInPDCVoucherScreenWithOutPostOnDate -->
  <testcase name="checkAddExtraFieldPDCInHeaderFieldOFReceipts" time="26.319" classname="com.focus.testcases.PDCTest"/>
  <testcase name="checkCovertingVoucherInPDC" time="10.84" classname="com.focus.testcases.PDCTest"/>
  <testcase name="checkConvertedPDCVoucherInReceipts" time="45.381" classname="com.focus.testcases.PDCTest">
    <failure type="org.openqa.selenium.NoSuchElementException" message="no such element: Unable to locate element: {&amp;quot;method&amp;quot;:&amp;quot;xpath&amp;quot;,&amp;quot;selector&amp;quot;:&amp;quot;//input[@id=&amp;apos;id_header_67108981&amp;apos;]&amp;quot;}
  (Session info: chrome=108.0.5359.125)
For documentation on this error, please visit: http://seleniumhq.org/exceptions/no_such_element.html
Build info: version: &amp;apos;3.12.0&amp;apos;, revision: &amp;apos;7c6e0b3&amp;apos;, time: &amp;apos;2018-05-08T14:04:26.12Z&amp;apos;
System info: host: &amp;apos;FOCUS-QA-10&amp;apos;, ip: &amp;apos;192.168.4.206&amp;apos;, os.name: &amp;apos;Windows 10&amp;apos;, os.arch: &amp;apos;amd64&amp;apos;, os.version: &amp;apos;10.0&amp;apos;, java.version: &amp;apos;1.8.0_111&amp;apos;
Driver info: org.openqa.selenium.chrome.ChromeDriver
Capabilities {acceptInsecureCerts: false, browserName: chrome, browserVersion: 108.0.5359.125, chrome: {chromedriverVersion: 108.0.5359.71 (1e0e3868ee06..., userDataDir: C:\Users\Rakesh\AppData\Loc...}, goog:chromeOptions: {debuggerAddress: localhost:61342}, javascriptEnabled: true, networkConnectionEnabled: false, pageLoadStrategy: normal, platform: WINDOWS, platformName: WINDOWS, proxy: Proxy(), setWindowRect: true, strictFileInteractability: false, timeouts: {implicit: 0, pageLoad: 300000, script: 30000}, unhandledPromptBehavior: dismiss and notify, webauthn:extension:credBlob: true, webauthn:extension:largeBlob: true, webauthn:virtualAuthenticators: true}
Session ID: c8506335ae1f41eb975b75faa432a762
*** Element info: {Using=xpath, value=//input[@id=&amp;apos;id_header_67108981&amp;apos;]}">
      <![CDATA[org.openqa.selenium.NoSuchElementException: no such element: Unable to locate element: {"method":"xpath","selector":"//input[@id='id_header_67108981']"}
  (Session info: chrome=108.0.5359.125)
For documentation on this error, please visit: http://seleniumhq.org/exceptions/no_such_element.html
Build info: version: '3.12.0', revision: '7c6e0b3', time: '2018-05-08T14:04:26.12Z'
System info: host: 'FOCUS-QA-10', ip: '192.168.4.206', os.name: 'Windows 10', os.arch: 'amd64', os.version: '10.0', java.version: '1.8.0_111'
Driver info: org.openqa.selenium.chrome.ChromeDriver
Capabilities {acceptInsecureCerts: false, browserName: chrome, browserVersion: 108.0.5359.125, chrome: {chromedriverVersion: 108.0.5359.71 (1e0e3868ee06..., userDataDir: C:\Users\Rakesh\AppData\Loc...}, goog:chromeOptions: {debuggerAddress: localhost:61342}, javascriptEnabled: true, networkConnectionEnabled: false, pageLoadStrategy: normal, platform: WINDOWS, platformName: WINDOWS, proxy: Proxy(), setWindowRect: true, strictFileInteractability: false, timeouts: {implicit: 0, pageLoad: 300000, script: 30000}, unhandledPromptBehavior: dismiss and notify, webauthn:extension:credBlob: true, webauthn:extension:largeBlob: true, webauthn:virtualAuthenticators: true}
Session ID: c8506335ae1f41eb975b75faa432a762
*** Element info: {Using=xpath, value=//input[@id='id_header_67108981']}
	at org.openqa.selenium.remote.http.W3CHttpResponseCodec.createException(W3CHttpResponseCodec.java:187)
	at org.openqa.selenium.remote.http.W3CHttpResponseCodec.decode(W3CHttpResponseCodec.java:122)
	at org.openqa.selenium.remote.http.W3CHttpResponseCodec.decode(W3CHttpResponseCodec.java:49)
	at org.openqa.selenium.remote.HttpCommandExecutor.execute(HttpCommandExecutor.java:158)
	at org.openqa.selenium.remote.service.DriverCommandExecutor.execute(DriverCommandExecutor.java:83)
	at org.openqa.selenium.remote.RemoteWebDriver.execute(RemoteWebDriver.java:543)
	at org.openqa.selenium.remote.RemoteWebDriver.findElement(RemoteWebDriver.java:317)
	at org.openqa.selenium.remote.RemoteWebDriver.findElementByXPath(RemoteWebDriver.java:419)
	at org.openqa.selenium.By$ByXPath.findElement(By.java:353)
	at org.openqa.selenium.remote.RemoteWebDriver.findElement(RemoteWebDriver.java:309)
	at org.openqa.selenium.support.pagefactory.DefaultElementLocator.findElement(DefaultElementLocator.java:69)
	at org.openqa.selenium.support.pagefactory.internal.LocatingElementHandler.invoke(LocatingElementHandler.java:38)
	at com.sun.proxy.$Proxy12.getAttribute(Unknown Source)
	at com.focus.Pages.PDCPage.checkConvertedPDCVoucherInReceipts(PDCPage.java:938)
	at com.focus.testcases.PDCTest.checkConvertedPDCVoucherInReceipts(PDCTest.java:86)
... Removed 28 stack frames]]>
    </failure>
  </testcase> <!-- checkConvertedPDCVoucherInReceipts -->
  <testcase name="checkDeleteOfConvertedVoucherinRecepits" time="4.52" classname="com.focus.testcases.PDCTest"/>
  <testcase name="checkClickOnConvertedPDCVouchersAfterDeletionOfConvertedVoucherInRecepits" time="10.303" classname="com.focus.testcases.PDCTest"/>
  <testcase name="checkUpdateinPDCUnderSettingMenuForEnableReversePostingInRecepits" time="16.226" classname="com.focus.testcases.PDCTest"/>
  <testcase name="checkLogoutAndLoginWithSU" time="53.307" classname="com.focus.testcases.PDCTest">
    <failure type="org.openqa.selenium.NoSuchElementException" message="no such element: Unable to locate element: {&amp;quot;method&amp;quot;:&amp;quot;xpath&amp;quot;,&amp;quot;selector&amp;quot;:&amp;quot;//*[@id=&amp;apos;ddlCompany&amp;apos;]&amp;quot;}
  (Session info: chrome=108.0.5359.125)
For documentation on this error, please visit: http://seleniumhq.org/exceptions/no_such_element.html
Build info: version: &amp;apos;3.12.0&amp;apos;, revision: &amp;apos;7c6e0b3&amp;apos;, time: &amp;apos;2018-05-08T14:04:26.12Z&amp;apos;
System info: host: &amp;apos;FOCUS-QA-10&amp;apos;, ip: &amp;apos;192.168.4.206&amp;apos;, os.name: &amp;apos;Windows 10&amp;apos;, os.arch: &amp;apos;amd64&amp;apos;, os.version: &amp;apos;10.0&amp;apos;, java.version: &amp;apos;1.8.0_111&amp;apos;
Driver info: org.openqa.selenium.chrome.ChromeDriver
Capabilities {acceptInsecureCerts: false, browserName: chrome, browserVersion: 108.0.5359.125, chrome: {chromedriverVersion: 108.0.5359.71 (1e0e3868ee06..., userDataDir: C:\Users\Rakesh\AppData\Loc...}, goog:chromeOptions: {debuggerAddress: localhost:61342}, javascriptEnabled: true, networkConnectionEnabled: false, pageLoadStrategy: normal, platform: WINDOWS, platformName: WINDOWS, proxy: Proxy(), setWindowRect: true, strictFileInteractability: false, timeouts: {implicit: 0, pageLoad: 300000, script: 30000}, unhandledPromptBehavior: dismiss and notify, webauthn:extension:credBlob: true, webauthn:extension:largeBlob: true, webauthn:virtualAuthenticators: true}
Session ID: c8506335ae1f41eb975b75faa432a762
*** Element info: {Using=xpath, value=//*[@id=&amp;apos;ddlCompany&amp;apos;]}">
      <![CDATA[org.openqa.selenium.NoSuchElementException: no such element: Unable to locate element: {"method":"xpath","selector":"//*[@id='ddlCompany']"}
  (Session info: chrome=108.0.5359.125)
For documentation on this error, please visit: http://seleniumhq.org/exceptions/no_such_element.html
Build info: version: '3.12.0', revision: '7c6e0b3', time: '2018-05-08T14:04:26.12Z'
System info: host: 'FOCUS-QA-10', ip: '192.168.4.206', os.name: 'Windows 10', os.arch: 'amd64', os.version: '10.0', java.version: '1.8.0_111'
Driver info: org.openqa.selenium.chrome.ChromeDriver
Capabilities {acceptInsecureCerts: false, browserName: chrome, browserVersion: 108.0.5359.125, chrome: {chromedriverVersion: 108.0.5359.71 (1e0e3868ee06..., userDataDir: C:\Users\Rakesh\AppData\Loc...}, goog:chromeOptions: {debuggerAddress: localhost:61342}, javascriptEnabled: true, networkConnectionEnabled: false, pageLoadStrategy: normal, platform: WINDOWS, platformName: WINDOWS, proxy: Proxy(), setWindowRect: true, strictFileInteractability: false, timeouts: {implicit: 0, pageLoad: 300000, script: 30000}, unhandledPromptBehavior: dismiss and notify, webauthn:extension:credBlob: true, webauthn:extension:largeBlob: true, webauthn:virtualAuthenticators: true}
Session ID: c8506335ae1f41eb975b75faa432a762
*** Element info: {Using=xpath, value=//*[@id='ddlCompany']}
	at org.openqa.selenium.remote.http.W3CHttpResponseCodec.createException(W3CHttpResponseCodec.java:187)
	at org.openqa.selenium.remote.http.W3CHttpResponseCodec.decode(W3CHttpResponseCodec.java:122)
	at org.openqa.selenium.remote.http.W3CHttpResponseCodec.decode(W3CHttpResponseCodec.java:49)
	at org.openqa.selenium.remote.HttpCommandExecutor.execute(HttpCommandExecutor.java:158)
	at org.openqa.selenium.remote.service.DriverCommandExecutor.execute(DriverCommandExecutor.java:83)
	at org.openqa.selenium.remote.RemoteWebDriver.execute(RemoteWebDriver.java:543)
	at org.openqa.selenium.remote.RemoteWebDriver.findElement(RemoteWebDriver.java:317)
	at org.openqa.selenium.remote.RemoteWebDriver.findElementByXPath(RemoteWebDriver.java:419)
	at org.openqa.selenium.By$ByXPath.findElement(By.java:353)
	at org.openqa.selenium.remote.RemoteWebDriver.findElement(RemoteWebDriver.java:309)
	at org.openqa.selenium.support.pagefactory.DefaultElementLocator.findElement(DefaultElementLocator.java:69)
	at org.openqa.selenium.support.pagefactory.internal.LocatingElementHandler.invoke(LocatingElementHandler.java:38)
	at com.sun.proxy.$Proxy12.getTagName(Unknown Source)
	at org.openqa.selenium.support.ui.Select.<init>(Select.java:44)
	at com.focus.Pages.PDCPage.checkLogoutAndLoginWithSU(PDCPage.java:1243)
	at com.focus.testcases.PDCTest.checkLogoutAndLoginWithSU(PDCTest.java:117)
... Removed 28 stack frames]]>
    </failure>
  </testcase> <!-- checkLogoutAndLoginWithSU -->
  <testcase name="checkCreationOfNewCashAndBankAccountType" time="32.067" classname="com.focus.testcases.PDCTest">
    <failure type="java.lang.AssertionError" message="expected [true] but found [false]">
      <![CDATA[java.lang.AssertionError: expected [true] but found [false]
	at com.focus.testcases.PDCTest.checkCreationOfNewCashAndBankAccountType(PDCTest.java:126)
... Removed 30 stack frames]]>
    </failure>
  </testcase> <!-- checkCreationOfNewCashAndBankAccountType -->
  <testcase name="checkSavingVoucherInPostDatedReceiptsWithCustomerC" time="18.0" classname="com.focus.testcases.PDCTest">
    <failure type="java.lang.AssertionError" message="expected [true] but found [false]">
      <![CDATA[java.lang.AssertionError: expected [true] but found [false]
	at com.focus.testcases.PDCTest.checkSavingVoucherInPostDatedReceiptsWithCustomerC(PDCTest.java:134)
... Removed 30 stack frames]]>
    </failure>
  </testcase> <!-- checkSavingVoucherInPostDatedReceiptsWithCustomerC -->
  <testcase name="checkDeleteOptionInPDRVAT" time="6.426" classname="com.focus.testcases.PDCTest"/>
  <testcase name="checkCovertingVoucherInPDCWithReversePosting" time="13.325" classname="com.focus.testcases.PDCTest"/>
  <testcase name="checkSavedCovertedVoucherInReceiptsAfterReversePosting" time="47.217" classname="com.focus.testcases.PDCTest">
    <failure type="org.openqa.selenium.NoSuchElementException" message="no such element: Unable to locate element: {&amp;quot;method&amp;quot;:&amp;quot;xpath&amp;quot;,&amp;quot;selector&amp;quot;:&amp;quot;//input[@id=&amp;apos;id_header_67108981&amp;apos;]&amp;quot;}
  (Session info: chrome=108.0.5359.125)
For documentation on this error, please visit: http://seleniumhq.org/exceptions/no_such_element.html
Build info: version: &amp;apos;3.12.0&amp;apos;, revision: &amp;apos;7c6e0b3&amp;apos;, time: &amp;apos;2018-05-08T14:04:26.12Z&amp;apos;
System info: host: &amp;apos;FOCUS-QA-10&amp;apos;, ip: &amp;apos;192.168.4.206&amp;apos;, os.name: &amp;apos;Windows 10&amp;apos;, os.arch: &amp;apos;amd64&amp;apos;, os.version: &amp;apos;10.0&amp;apos;, java.version: &amp;apos;1.8.0_111&amp;apos;
Driver info: org.openqa.selenium.chrome.ChromeDriver
Capabilities {acceptInsecureCerts: false, browserName: chrome, browserVersion: 108.0.5359.125, chrome: {chromedriverVersion: 108.0.5359.71 (1e0e3868ee06..., userDataDir: C:\Users\Rakesh\AppData\Loc...}, goog:chromeOptions: {debuggerAddress: localhost:61342}, javascriptEnabled: true, networkConnectionEnabled: false, pageLoadStrategy: normal, platform: WINDOWS, platformName: WINDOWS, proxy: Proxy(), setWindowRect: true, strictFileInteractability: false, timeouts: {implicit: 0, pageLoad: 300000, script: 30000}, unhandledPromptBehavior: dismiss and notify, webauthn:extension:credBlob: true, webauthn:extension:largeBlob: true, webauthn:virtualAuthenticators: true}
Session ID: c8506335ae1f41eb975b75faa432a762
*** Element info: {Using=xpath, value=//input[@id=&amp;apos;id_header_67108981&amp;apos;]}">
      <![CDATA[org.openqa.selenium.NoSuchElementException: no such element: Unable to locate element: {"method":"xpath","selector":"//input[@id='id_header_67108981']"}
  (Session info: chrome=108.0.5359.125)
For documentation on this error, please visit: http://seleniumhq.org/exceptions/no_such_element.html
Build info: version: '3.12.0', revision: '7c6e0b3', time: '2018-05-08T14:04:26.12Z'
System info: host: 'FOCUS-QA-10', ip: '192.168.4.206', os.name: 'Windows 10', os.arch: 'amd64', os.version: '10.0', java.version: '1.8.0_111'
Driver info: org.openqa.selenium.chrome.ChromeDriver
Capabilities {acceptInsecureCerts: false, browserName: chrome, browserVersion: 108.0.5359.125, chrome: {chromedriverVersion: 108.0.5359.71 (1e0e3868ee06..., userDataDir: C:\Users\Rakesh\AppData\Loc...}, goog:chromeOptions: {debuggerAddress: localhost:61342}, javascriptEnabled: true, networkConnectionEnabled: false, pageLoadStrategy: normal, platform: WINDOWS, platformName: WINDOWS, proxy: Proxy(), setWindowRect: true, strictFileInteractability: false, timeouts: {implicit: 0, pageLoad: 300000, script: 30000}, unhandledPromptBehavior: dismiss and notify, webauthn:extension:credBlob: true, webauthn:extension:largeBlob: true, webauthn:virtualAuthenticators: true}
Session ID: c8506335ae1f41eb975b75faa432a762
*** Element info: {Using=xpath, value=//input[@id='id_header_67108981']}
	at org.openqa.selenium.remote.http.W3CHttpResponseCodec.createException(W3CHttpResponseCodec.java:187)
	at org.openqa.selenium.remote.http.W3CHttpResponseCodec.decode(W3CHttpResponseCodec.java:122)
	at org.openqa.selenium.remote.http.W3CHttpResponseCodec.decode(W3CHttpResponseCodec.java:49)
	at org.openqa.selenium.remote.HttpCommandExecutor.execute(HttpCommandExecutor.java:158)
	at org.openqa.selenium.remote.service.DriverCommandExecutor.execute(DriverCommandExecutor.java:83)
	at org.openqa.selenium.remote.RemoteWebDriver.execute(RemoteWebDriver.java:543)
	at org.openqa.selenium.remote.RemoteWebDriver.findElement(RemoteWebDriver.java:317)
	at org.openqa.selenium.remote.RemoteWebDriver.findElementByXPath(RemoteWebDriver.java:419)
	at org.openqa.selenium.By$ByXPath.findElement(By.java:353)
	at org.openqa.selenium.remote.RemoteWebDriver.findElement(RemoteWebDriver.java:309)
	at org.openqa.selenium.support.pagefactory.DefaultElementLocator.findElement(DefaultElementLocator.java:69)
	at org.openqa.selenium.support.pagefactory.internal.LocatingElementHandler.invoke(LocatingElementHandler.java:38)
	at com.sun.proxy.$Proxy12.getAttribute(Unknown Source)
	at com.focus.Pages.PDCPage.checkSavedCovertedVoucherInReceiptsAfterReversePosting(PDCPage.java:1827)
	at com.focus.testcases.PDCTest.checkSavedCovertedVoucherInReceiptsAfterReversePosting(PDCTest.java:156)
... Removed 28 stack frames]]>
    </failure>
  </testcase> <!-- checkSavedCovertedVoucherInReceiptsAfterReversePosting -->
  <testcase name="checkUpdateinPDCUnderSettingMenuForDisableEnableReversePostingInRecepits" time="11.359" classname="com.focus.testcases.PDCTest"/>
  <testcase name="checkConvertMaturedPDCScreenForPDPVAT" time="7.198" classname="com.focus.testcases.PDCTest"/>
  <testcase name="CheckSavingVoucherInPDPVAT" time="29.262" classname="com.focus.testcases.PDCTest">
    <failure type="java.lang.AssertionError" message="expected [true] but found [false]">
      <![CDATA[java.lang.AssertionError: expected [true] but found [false]
	at com.focus.testcases.PDCTest.CheckSavingVoucherInPDPVAT(PDCTest.java:181)
... Removed 30 stack frames]]>
    </failure>
  </testcase> <!-- CheckSavingVoucherInPDPVAT -->
  <testcase name="checkSavingNewVoucherInPDPVATOnFutureDateWithCurrencyAEDAndDepartmentINDIA" time="33.573" classname="com.focus.testcases.PDCTest"/>
  <testcase name="checkSavedVoucherInPDPVAT" time="11.629" classname="com.focus.testcases.PDCTest"/>
  <testcase name="checkEditingVoucherAndSavingInPDPVAT" time="8.945" classname="com.focus.testcases.PDCTest"/>
  <testcase name="checkDeleteOptionInPDPVAT" time="6.45" classname="com.focus.testcases.PDCTest"/>
  <testcase name="CheckSavedVoucherInPDPVATInCovertedPDCScreen" time="10.647" classname="com.focus.testcases.PDCTest">
    <failure type="java.lang.AssertionError" message="expected [true] but found [false]">
      <![CDATA[java.lang.AssertionError: expected [true] but found [false]
	at com.focus.testcases.PDCTest.CheckSavedVoucherInPDPVATInCovertedPDCScreen(PDCTest.java:218)
... Removed 30 stack frames]]>
    </failure>
  </testcase> <!-- CheckSavedVoucherInPDPVATInCovertedPDCScreen -->
  <testcase name="checkConvertingVouchersPDPInPDCVoucherScreenWithOutPostOnDate" time="4.172" classname="com.focus.testcases.PDCTest">
    <failure type="java.lang.AssertionError" message="expected [true] but found [false]">
      <![CDATA[java.lang.AssertionError: expected [true] but found [false]
	at com.focus.testcases.PDCTest.checkConvertingVouchersPDPInPDCVoucherScreenWithOutPostOnDate(PDCTest.java:225)
... Removed 30 stack frames]]>
    </failure>
  </testcase> <!-- checkConvertingVouchersPDPInPDCVoucherScreenWithOutPostOnDate -->
  <testcase name="checkAddExtraFieldPDCInHeaderFieldOFPayments" time="28.149" classname="com.focus.testcases.PDCTest"/>
  <testcase name="checkConvertingPDPVoucherInPDCScreenAfterExtraField" time="10.62" classname="com.focus.testcases.PDCTest"/>
  <testcase name="checkConvertedPDCVoucherInPayments" time="11.761" classname="com.focus.testcases.PDCTest">
    <failure type="java.lang.AssertionError" message="expected [true] but found [false]">
      <![CDATA[java.lang.AssertionError: expected [true] but found [false]
	at com.focus.testcases.PDCTest.checkConvertedPDCVoucherInPayments(PDCTest.java:246)
... Removed 30 stack frames]]>
    </failure>
  </testcase> <!-- checkConvertedPDCVoucherInPayments -->
  <testcase name="checkUpdateinPDCUnderSettingMenuForEnableReversePostingInPayments" time="16.122" classname="com.focus.testcases.PDCTest">
    <failure type="java.lang.AssertionError" message="expected [true] but found [false]">
      <![CDATA[java.lang.AssertionError: expected [true] but found [false]
	at com.focus.testcases.PDCTest.checkUpdateinPDCUnderSettingMenuForEnableReversePostingInPayments(PDCTest.java:255)
... Removed 30 stack frames]]>
    </failure>
  </testcase> <!-- checkUpdateinPDCUnderSettingMenuForEnableReversePostingInPayments -->
  <testcase name="checkSavingVoucherInPDPVATWithVendorB" time="34.951" classname="com.focus.testcases.PDCTest"/>
  <testcase name="checkCovertingPDPVoucherInPDCWithReversePosting" time="20.804" classname="com.focus.testcases.PDCTest"/>
  <testcase name="checkSavedCovertedVoucherInPaymentsAfterReversePosting" time="13.119" classname="com.focus.testcases.PDCTest"/>
</testsuite> <!-- Test -->
