<!DOCTYPE html PUBLIC "-//W3C//DTD XHTML 1.1//EN" "http://www.w3.org/TR/xhtml11/DTD/xhtml11.dtd">
<html xmlns="http://www.w3.org/1999/xhtml"><head><title>TestNG Report</title><style type="text/css">table {margin-bottom:10px;border-collapse:collapse;empty-cells:show}th,td {border:1px solid #009;padding:.25em .5em}th {vertical-align:bottom}td {vertical-align:top}table a {font-weight:bold}.stripe td {background-color: #E6EBF9}.num {text-align:right}.passedodd td {background-color: #3F3}.passedeven td {background-color: #0A0}.skippedodd td {background-color: #DDD}.skippedeven td {background-color: #CCC}.failedodd td,.attn {background-color: #F33}.failedeven td,.stripe .attn {background-color: #D00}.stacktrace {white-space:pre;font-family:monospace}.totop {font-size:85%;text-align:center;border-bottom:2px solid #000}</style></head><body><table><tr><th>Test</th><th># Passed</th><th># Skipped</th><th># Failed</th><th>Time (ms)</th><th>Included Groups</th><th>Excluded Groups</th></tr><tr><th colspan="7">Suite</th></tr><tr><td><a href="#t0">Test</a></td><td class="num">28</td><td class="num">0</td><td class="num attn">12</td><td class="num">671,255</td><td></td><td></td></tr></table><table><thead><tr><th>Class</th><th>Method</th><th>Start</th><th>Time (ms)</th></tr></thead><tbody><tr><th colspan="4">Suite</th></tr></tbody><tbody id="t0"><tr><th colspan="4">Test &#8212; failed</th></tr><tr class="failedeven"><td rowspan="12">com.focus.testcases.PDCTest</td><td><a href="#m0">CheckSavedVoucherInPDPVATInCovertedPDCScreen</a></td><td rowspan="1">1672734405622</td><td rowspan="1">10647</td></tr><tr class="failedeven"><td><a href="#m1">CheckSavingVoucherInPDPVAT</a></td><td rowspan="1">1672734315638</td><td rowspan="1">29262</td></tr><tr class="failedeven"><td><a href="#m2">checkConvertedPDCVoucherInPayments</a></td><td rowspan="1">1672734459441</td><td rowspan="1">11761</td></tr><tr class="failedeven"><td><a href="#m3">checkConvertedPDCVoucherInReceipts</a></td><td rowspan="1">1672734049710</td><td rowspan="1">45381</td></tr><tr class="failedeven"><td><a href="#m4">checkConvertingVouchersInPDCVoucherScreenWithOutPostOnDate</a></td><td rowspan="1">1672734005770</td><td rowspan="1">6673</td></tr><tr class="failedeven"><td><a href="#m5">checkConvertingVouchersPDPInPDCVoucherScreenWithOutPostOnDate</a></td><td rowspan="1">1672734416392</td><td rowspan="1">4172</td></tr><tr class="failedeven"><td><a href="#m6">checkCreationOfNewCashAndBankAccountType</a></td><td rowspan="1">1672734179700</td><td rowspan="1">32067</td></tr><tr class="failedeven"><td><a href="#m7">checkLogoutAndLoginWithSU</a></td><td rowspan="1">1672734126275</td><td rowspan="1">53307</td></tr><tr class="failedeven"><td><a href="#m8">checkSavedCovertedVoucherInReceiptsAfterReversePosting</a></td><td rowspan="1">1672734249740</td><td rowspan="1">47217</td></tr><tr class="failedeven"><td><a href="#m9">checkSavedVouchersInPDCVoucherScreenWithOutPostOnDate</a></td><td rowspan="1">1672733990717</td><td rowspan="1">11076</td></tr><tr class="failedeven"><td><a href="#m10">checkSavingVoucherInPostDatedReceiptsWithCustomerC</a></td><td rowspan="1">1672734211874</td><td rowspan="1">18000</td></tr><tr class="failedeven"><td><a href="#m11">checkUpdateinPDCUnderSettingMenuForEnableReversePostingInPayments</a></td><td rowspan="1">1672734471311</td><td rowspan="1">16122</td></tr><tr><th colspan="4">Test &#8212; passed</th></tr><tr class="passedeven"><td rowspan="3">com.focus.testcases.LoginPageTest</td><td><a href="#m12">checkCompanyTextDisplayInCompanyListDropdown</a></td><td rowspan="1">1672733897165</td><td rowspan="1">50</td></tr><tr class="passedeven"><td><a href="#m13">checkLoginPageAvailablityOfFields</a></td><td rowspan="1">1672733896378</td><td rowspan="1">786</td></tr><tr class="passedeven"><td><a href="#m14">checkSignInBtnWithValidUserNameAndValidPassword</a></td><td rowspan="1">1672733897217</td><td rowspan="1">10381</td></tr><tr class="passedodd"><td rowspan="23">com.focus.testcases.PDCTest</td><td><a href="#m15">checkAddExtraFieldPDCInHeaderFieldOFPayments</a></td><td rowspan="1">1672734420669</td><td rowspan="1">28149</td></tr><tr class="passedodd"><td><a href="#m16">checkAddExtraFieldPDCInHeaderFieldOFReceipts</a></td><td rowspan="1">1672734012549</td><td rowspan="1">26319</td></tr><tr class="passedodd"><td><a href="#m17">checkClickOnConvertedPDCVouchersAfterDeletionOfConvertedVoucherInRecepits</a></td><td rowspan="1">1672734099744</td><td rowspan="1">10303</td></tr><tr class="passedodd"><td><a href="#m18">checkConvertMaturedPDCScreenForPDPVAT</a></td><td rowspan="1">1672734308439</td><td rowspan="1">7198</td></tr><tr class="passedodd"><td><a href="#m19">checkConvertedMaturePDCScreenWithNoPDCExists</a></td><td rowspan="1">1672733923231</td><td rowspan="1">13937</td></tr><tr class="passedodd"><td><a href="#m20">checkConvertingPDPVoucherInPDCScreenAfterExtraField</a></td><td rowspan="1">1672734448820</td><td rowspan="1">10620</td></tr><tr class="passedodd"><td><a href="#m21">checkCovertingPDPVoucherInPDCWithReversePosting</a></td><td rowspan="1">1672734522487</td><td rowspan="1">20804</td></tr><tr class="passedodd"><td><a href="#m22">checkCovertingVoucherInPDC</a></td><td rowspan="1">1672734038869</td><td rowspan="1">10840</td></tr><tr class="passedodd"><td><a href="#m23">checkCovertingVoucherInPDCWithReversePosting</a></td><td rowspan="1">1672734236414</td><td rowspan="1">13325</td></tr><tr class="passedodd"><td><a href="#m24">checkDeleteOfConvertedVoucherinRecepits</a></td><td rowspan="1">1672734095223</td><td rowspan="1">4520</td></tr><tr class="passedodd"><td><a href="#m25">checkDeleteOptionInPDPVAT</a></td><td rowspan="1">1672734399171</td><td rowspan="1">6450</td></tr><tr class="passedodd"><td><a href="#m26">checkDeleteOptionInPDRVAT</a></td><td rowspan="1">1672734229986</td><td rowspan="1">6426</td></tr><tr class="passedodd"><td><a href="#m27">checkEditingVoucherAndSavingInPDPVAT</a></td><td rowspan="1">1672734390225</td><td rowspan="1">8945</td></tr><tr class="passedodd"><td><a href="#m28">checkEditingVoucherAndSavingInPDRVAT</a></td><td rowspan="1">1672733974969</td><td rowspan="1">15747</td></tr><tr class="passedodd"><td><a href="#m29">checkPDCOptionsUnderSettings</a></td><td rowspan="1">1672733907600</td><td rowspan="1">15629</td></tr><tr class="passedodd"><td><a href="#m30">checkSavedCovertedVoucherInPaymentsAfterReversePosting</a></td><td rowspan="1">1672734543292</td><td rowspan="1">13119</td></tr><tr class="passedodd"><td><a href="#m31">checkSavedVoucherInPDPVAT</a></td><td rowspan="1">1672734378595</td><td rowspan="1">11629</td></tr><tr class="passedodd"><td><a href="#m32">checkSavedVoucherInPDRVAT</a></td><td rowspan="1">1672733970293</td><td rowspan="1">4674</td></tr><tr class="passedodd"><td><a href="#m33">checkSavingNewVoucherInPDPVATOnFutureDateWithCurrencyAEDAndDepartmentINDIA</a></td><td rowspan="1">1672734345020</td><td rowspan="1">33573</td></tr><tr class="passedodd"><td><a href="#m34">checkSavingVoucherInPDPVATWithVendorB</a></td><td rowspan="1">1672734487535</td><td rowspan="1">34951</td></tr><tr class="passedodd"><td><a href="#m35">checkSavingVoucherToPostDatedReceipts</a></td><td rowspan="1">1672733937169</td><td rowspan="1">33123</td></tr><tr class="passedodd"><td><a href="#m36">checkUpdateinPDCUnderSettingMenuForDisableEnableReversePostingInRecepits</a></td><td rowspan="1">1672734297079</td><td rowspan="1">11359</td></tr><tr class="passedodd"><td><a href="#m37">checkUpdateinPDCUnderSettingMenuForEnableReversePostingInRecepits</a></td><td rowspan="1">1672734110048</td><td rowspan="1">16226</td></tr><tr class="passedeven"><td rowspan="2">com.focus.testcases.URLBrowserTest</td><td><a href="#m38">checkLoginPageTitleByURLInputInBrowser</a></td><td rowspan="1">1672733892456</td><td rowspan="1">3919</td></tr><tr class="passedeven"><td><a href="#m39">verifyBrowserOpen</a></td><td rowspan="1">1672733885566</td><td rowspan="1">6887</td></tr></tbody></table><h2>Test</h2><h3 id="m0">com.focus.testcases.PDCTest#CheckSavedVoucherInPDPVATInCovertedPDCScreen</h3><table class="result"><tr><th>Messages</th></tr><tr><td><div class="messages">Completed executing following method : PDCTest.CheckSavedVoucherInPDPVATInCovertedPDCScreen<br/>Test Method resides in com.focus.testcases.PDCTest<br/>Test Status: Failed<br/>About to begin executing following method : BaseEngine.afterMethodExecution</div></td></tr><tr><th>Exception</th></tr><tr><td><div class="stacktrace">java.lang.AssertionError: expected [true] but found [false]
	at com.focus.testcases.PDCTest.CheckSavedVoucherInPDPVATInCovertedPDCScreen(PDCTest.java:218)
... Removed 30 stack frames</div></td></tr></table><p class="totop"><a href="#summary">back to summary</a></p><h3 id="m1">com.focus.testcases.PDCTest#CheckSavingVoucherInPDPVAT</h3><table class="result"><tr><th>Messages</th></tr><tr><td><div class="messages">Completed executing following method : PDCTest.CheckSavingVoucherInPDPVAT<br/>Test Method resides in com.focus.testcases.PDCTest<br/>Test Status: Failed<br/>About to begin executing following method : BaseEngine.afterMethodExecution</div></td></tr><tr><th>Exception</th></tr><tr><td><div class="stacktrace">java.lang.AssertionError: expected [true] but found [false]
	at com.focus.testcases.PDCTest.CheckSavingVoucherInPDPVAT(PDCTest.java:181)
... Removed 30 stack frames</div></td></tr></table><p class="totop"><a href="#summary">back to summary</a></p><h3 id="m2">com.focus.testcases.PDCTest#checkConvertedPDCVoucherInPayments</h3><table class="result"><tr><th>Messages</th></tr><tr><td><div class="messages">Completed executing following method : PDCTest.checkConvertedPDCVoucherInPayments<br/>Test Method resides in com.focus.testcases.PDCTest<br/>Test Status: Failed<br/>About to begin executing following method : BaseEngine.afterMethodExecution</div></td></tr><tr><th>Exception</th></tr><tr><td><div class="stacktrace">java.lang.AssertionError: expected [true] but found [false]
	at com.focus.testcases.PDCTest.checkConvertedPDCVoucherInPayments(PDCTest.java:246)
... Removed 30 stack frames</div></td></tr></table><p class="totop"><a href="#summary">back to summary</a></p><h3 id="m3">com.focus.testcases.PDCTest#checkConvertedPDCVoucherInReceipts</h3><table class="result"><tr><th>Messages</th></tr><tr><td><div class="messages">Completed executing following method : PDCTest.checkConvertedPDCVoucherInReceipts<br/>Test Method resides in com.focus.testcases.PDCTest<br/>Test Status: Failed<br/>About to begin executing following method : BaseEngine.afterMethodExecution</div></td></tr><tr><th>Exception</th></tr><tr><td><div class="stacktrace">org.openqa.selenium.NoSuchElementException: no such element: Unable to locate element: {&quot;method&quot;:&quot;xpath&quot;,&quot;selector&quot;:&quot;//input[@id=&apos;id_header_67108981&apos;]&quot;}
  (Session info: chrome=108.0.5359.125)
For documentation on this error, please visit: http://seleniumhq.org/exceptions/no_such_element.html
Build info: version: &apos;3.12.0&apos;, revision: &apos;7c6e0b3&apos;, time: &apos;2018-05-08T14:04:26.12Z&apos;
System info: host: &apos;FOCUS-QA-10&apos;, ip: &apos;192.168.4.206&apos;, os.name: &apos;Windows 10&apos;, os.arch: &apos;amd64&apos;, os.version: &apos;10.0&apos;, java.version: &apos;1.8.0_111&apos;
Driver info: org.openqa.selenium.chrome.ChromeDriver
Capabilities {acceptInsecureCerts: false, browserName: chrome, browserVersion: 108.0.5359.125, chrome: {chromedriverVersion: 108.0.5359.71 (1e0e3868ee06..., userDataDir: C:\Users\Rakesh\AppData\Loc...}, goog:chromeOptions: {debuggerAddress: localhost:61342}, javascriptEnabled: true, networkConnectionEnabled: false, pageLoadStrategy: normal, platform: WINDOWS, platformName: WINDOWS, proxy: Proxy(), setWindowRect: true, strictFileInteractability: false, timeouts: {implicit: 0, pageLoad: 300000, script: 30000}, unhandledPromptBehavior: dismiss and notify, webauthn:extension:credBlob: true, webauthn:extension:largeBlob: true, webauthn:virtualAuthenticators: true}
Session ID: c8506335ae1f41eb975b75faa432a762
*** Element info: {Using=xpath, value=//input[@id=&apos;id_header_67108981&apos;]}
	at org.openqa.selenium.remote.http.W3CHttpResponseCodec.createException(W3CHttpResponseCodec.java:187)
	at org.openqa.selenium.remote.http.W3CHttpResponseCodec.decode(W3CHttpResponseCodec.java:122)
	at org.openqa.selenium.remote.http.W3CHttpResponseCodec.decode(W3CHttpResponseCodec.java:49)
	at org.openqa.selenium.remote.HttpCommandExecutor.execute(HttpCommandExecutor.java:158)
	at org.openqa.selenium.remote.service.DriverCommandExecutor.execute(DriverCommandExecutor.java:83)
	at org.openqa.selenium.remote.RemoteWebDriver.execute(RemoteWebDriver.java:543)
	at org.openqa.selenium.remote.RemoteWebDriver.findElement(RemoteWebDriver.java:317)
	at org.openqa.selenium.remote.RemoteWebDriver.findElementByXPath(RemoteWebDriver.java:419)
	at org.openqa.selenium.By$ByXPath.findElement(By.java:353)
	at org.openqa.selenium.remote.RemoteWebDriver.findElement(RemoteWebDriver.java:309)
	at org.openqa.selenium.support.pagefactory.DefaultElementLocator.findElement(DefaultElementLocator.java:69)
	at org.openqa.selenium.support.pagefactory.internal.LocatingElementHandler.invoke(LocatingElementHandler.java:38)
	at com.sun.proxy.$Proxy12.getAttribute(Unknown Source)
	at com.focus.Pages.PDCPage.checkConvertedPDCVoucherInReceipts(PDCPage.java:938)
	at com.focus.testcases.PDCTest.checkConvertedPDCVoucherInReceipts(PDCTest.java:86)
... Removed 28 stack frames</div></td></tr></table><p class="totop"><a href="#summary">back to summary</a></p><h3 id="m4">com.focus.testcases.PDCTest#checkConvertingVouchersInPDCVoucherScreenWithOutPostOnDate</h3><table class="result"><tr><th>Messages</th></tr><tr><td><div class="messages">Completed executing following method : PDCTest.checkConvertingVouchersInPDCVoucherScreenWithOutPostOnDate<br/>Test Method resides in com.focus.testcases.PDCTest<br/>Test Status: Failed<br/>About to begin executing following method : BaseEngine.afterMethodExecution</div></td></tr><tr><th>Exception</th></tr><tr><td><div class="stacktrace">java.lang.AssertionError: expected [true] but found [false]
	at com.focus.testcases.PDCTest.checkConvertingVouchersInPDCVoucherScreenWithOutPostOnDate(PDCTest.java:64)
... Removed 30 stack frames</div></td></tr></table><p class="totop"><a href="#summary">back to summary</a></p><h3 id="m5">com.focus.testcases.PDCTest#checkConvertingVouchersPDPInPDCVoucherScreenWithOutPostOnDate</h3><table class="result"><tr><th>Messages</th></tr><tr><td><div class="messages">Completed executing following method : PDCTest.checkConvertingVouchersPDPInPDCVoucherScreenWithOutPostOnDate<br/>Test Method resides in com.focus.testcases.PDCTest<br/>Test Status: Failed<br/>About to begin executing following method : BaseEngine.afterMethodExecution</div></td></tr><tr><th>Exception</th></tr><tr><td><div class="stacktrace">java.lang.AssertionError: expected [true] but found [false]
	at com.focus.testcases.PDCTest.checkConvertingVouchersPDPInPDCVoucherScreenWithOutPostOnDate(PDCTest.java:225)
... Removed 30 stack frames</div></td></tr></table><p class="totop"><a href="#summary">back to summary</a></p><h3 id="m6">com.focus.testcases.PDCTest#checkCreationOfNewCashAndBankAccountType</h3><table class="result"><tr><th>Messages</th></tr><tr><td><div class="messages">Completed executing following method : PDCTest.checkCreationOfNewCashAndBankAccountType<br/>Test Method resides in com.focus.testcases.PDCTest<br/>Test Status: Failed<br/>About to begin executing following method : BaseEngine.afterMethodExecution</div></td></tr><tr><th>Exception</th></tr><tr><td><div class="stacktrace">java.lang.AssertionError: expected [true] but found [false]
	at com.focus.testcases.PDCTest.checkCreationOfNewCashAndBankAccountType(PDCTest.java:126)
... Removed 30 stack frames</div></td></tr></table><p class="totop"><a href="#summary">back to summary</a></p><h3 id="m7">com.focus.testcases.PDCTest#checkLogoutAndLoginWithSU</h3><table class="result"><tr><th>Messages</th></tr><tr><td><div class="messages">Completed executing following method : PDCTest.checkLogoutAndLoginWithSU<br/>Test Method resides in com.focus.testcases.PDCTest<br/>Test Status: Failed<br/>About to begin executing following method : BaseEngine.afterMethodExecution</div></td></tr><tr><th>Exception</th></tr><tr><td><div class="stacktrace">org.openqa.selenium.NoSuchElementException: no such element: Unable to locate element: {&quot;method&quot;:&quot;xpath&quot;,&quot;selector&quot;:&quot;//*[@id=&apos;ddlCompany&apos;]&quot;}
  (Session info: chrome=108.0.5359.125)
For documentation on this error, please visit: http://seleniumhq.org/exceptions/no_such_element.html
Build info: version: &apos;3.12.0&apos;, revision: &apos;7c6e0b3&apos;, time: &apos;2018-05-08T14:04:26.12Z&apos;
System info: host: &apos;FOCUS-QA-10&apos;, ip: &apos;192.168.4.206&apos;, os.name: &apos;Windows 10&apos;, os.arch: &apos;amd64&apos;, os.version: &apos;10.0&apos;, java.version: &apos;1.8.0_111&apos;
Driver info: org.openqa.selenium.chrome.ChromeDriver
Capabilities {acceptInsecureCerts: false, browserName: chrome, browserVersion: 108.0.5359.125, chrome: {chromedriverVersion: 108.0.5359.71 (1e0e3868ee06..., userDataDir: C:\Users\Rakesh\AppData\Loc...}, goog:chromeOptions: {debuggerAddress: localhost:61342}, javascriptEnabled: true, networkConnectionEnabled: false, pageLoadStrategy: normal, platform: WINDOWS, platformName: WINDOWS, proxy: Proxy(), setWindowRect: true, strictFileInteractability: false, timeouts: {implicit: 0, pageLoad: 300000, script: 30000}, unhandledPromptBehavior: dismiss and notify, webauthn:extension:credBlob: true, webauthn:extension:largeBlob: true, webauthn:virtualAuthenticators: true}
Session ID: c8506335ae1f41eb975b75faa432a762
*** Element info: {Using=xpath, value=//*[@id=&apos;ddlCompany&apos;]}
	at org.openqa.selenium.remote.http.W3CHttpResponseCodec.createException(W3CHttpResponseCodec.java:187)
	at org.openqa.selenium.remote.http.W3CHttpResponseCodec.decode(W3CHttpResponseCodec.java:122)
	at org.openqa.selenium.remote.http.W3CHttpResponseCodec.decode(W3CHttpResponseCodec.java:49)
	at org.openqa.selenium.remote.HttpCommandExecutor.execute(HttpCommandExecutor.java:158)
	at org.openqa.selenium.remote.service.DriverCommandExecutor.execute(DriverCommandExecutor.java:83)
	at org.openqa.selenium.remote.RemoteWebDriver.execute(RemoteWebDriver.java:543)
	at org.openqa.selenium.remote.RemoteWebDriver.findElement(RemoteWebDriver.java:317)
	at org.openqa.selenium.remote.RemoteWebDriver.findElementByXPath(RemoteWebDriver.java:419)
	at org.openqa.selenium.By$ByXPath.findElement(By.java:353)
	at org.openqa.selenium.remote.RemoteWebDriver.findElement(RemoteWebDriver.java:309)
	at org.openqa.selenium.support.pagefactory.DefaultElementLocator.findElement(DefaultElementLocator.java:69)
	at org.openqa.selenium.support.pagefactory.internal.LocatingElementHandler.invoke(LocatingElementHandler.java:38)
	at com.sun.proxy.$Proxy12.getTagName(Unknown Source)
	at org.openqa.selenium.support.ui.Select.&lt;init&gt;(Select.java:44)
	at com.focus.Pages.PDCPage.checkLogoutAndLoginWithSU(PDCPage.java:1243)
	at com.focus.testcases.PDCTest.checkLogoutAndLoginWithSU(PDCTest.java:117)
... Removed 28 stack frames</div></td></tr></table><p class="totop"><a href="#summary">back to summary</a></p><h3 id="m8">com.focus.testcases.PDCTest#checkSavedCovertedVoucherInReceiptsAfterReversePosting</h3><table class="result"><tr><th>Messages</th></tr><tr><td><div class="messages">Completed executing following method : PDCTest.checkSavedCovertedVoucherInReceiptsAfterReversePosting<br/>Test Method resides in com.focus.testcases.PDCTest<br/>Test Status: Failed<br/>About to begin executing following method : BaseEngine.afterMethodExecution</div></td></tr><tr><th>Exception</th></tr><tr><td><div class="stacktrace">org.openqa.selenium.NoSuchElementException: no such element: Unable to locate element: {&quot;method&quot;:&quot;xpath&quot;,&quot;selector&quot;:&quot;//input[@id=&apos;id_header_67108981&apos;]&quot;}
  (Session info: chrome=108.0.5359.125)
For documentation on this error, please visit: http://seleniumhq.org/exceptions/no_such_element.html
Build info: version: &apos;3.12.0&apos;, revision: &apos;7c6e0b3&apos;, time: &apos;2018-05-08T14:04:26.12Z&apos;
System info: host: &apos;FOCUS-QA-10&apos;, ip: &apos;192.168.4.206&apos;, os.name: &apos;Windows 10&apos;, os.arch: &apos;amd64&apos;, os.version: &apos;10.0&apos;, java.version: &apos;1.8.0_111&apos;
Driver info: org.openqa.selenium.chrome.ChromeDriver
Capabilities {acceptInsecureCerts: false, browserName: chrome, browserVersion: 108.0.5359.125, chrome: {chromedriverVersion: 108.0.5359.71 (1e0e3868ee06..., userDataDir: C:\Users\Rakesh\AppData\Loc...}, goog:chromeOptions: {debuggerAddress: localhost:61342}, javascriptEnabled: true, networkConnectionEnabled: false, pageLoadStrategy: normal, platform: WINDOWS, platformName: WINDOWS, proxy: Proxy(), setWindowRect: true, strictFileInteractability: false, timeouts: {implicit: 0, pageLoad: 300000, script: 30000}, unhandledPromptBehavior: dismiss and notify, webauthn:extension:credBlob: true, webauthn:extension:largeBlob: true, webauthn:virtualAuthenticators: true}
Session ID: c8506335ae1f41eb975b75faa432a762
*** Element info: {Using=xpath, value=//input[@id=&apos;id_header_67108981&apos;]}
	at org.openqa.selenium.remote.http.W3CHttpResponseCodec.createException(W3CHttpResponseCodec.java:187)
	at org.openqa.selenium.remote.http.W3CHttpResponseCodec.decode(W3CHttpResponseCodec.java:122)
	at org.openqa.selenium.remote.http.W3CHttpResponseCodec.decode(W3CHttpResponseCodec.java:49)
	at org.openqa.selenium.remote.HttpCommandExecutor.execute(HttpCommandExecutor.java:158)
	at org.openqa.selenium.remote.service.DriverCommandExecutor.execute(DriverCommandExecutor.java:83)
	at org.openqa.selenium.remote.RemoteWebDriver.execute(RemoteWebDriver.java:543)
	at org.openqa.selenium.remote.RemoteWebDriver.findElement(RemoteWebDriver.java:317)
	at org.openqa.selenium.remote.RemoteWebDriver.findElementByXPath(RemoteWebDriver.java:419)
	at org.openqa.selenium.By$ByXPath.findElement(By.java:353)
	at org.openqa.selenium.remote.RemoteWebDriver.findElement(RemoteWebDriver.java:309)
	at org.openqa.selenium.support.pagefactory.DefaultElementLocator.findElement(DefaultElementLocator.java:69)
	at org.openqa.selenium.support.pagefactory.internal.LocatingElementHandler.invoke(LocatingElementHandler.java:38)
	at com.sun.proxy.$Proxy12.getAttribute(Unknown Source)
	at com.focus.Pages.PDCPage.checkSavedCovertedVoucherInReceiptsAfterReversePosting(PDCPage.java:1827)
	at com.focus.testcases.PDCTest.checkSavedCovertedVoucherInReceiptsAfterReversePosting(PDCTest.java:156)
... Removed 28 stack frames</div></td></tr></table><p class="totop"><a href="#summary">back to summary</a></p><h3 id="m9">com.focus.testcases.PDCTest#checkSavedVouchersInPDCVoucherScreenWithOutPostOnDate</h3><table class="result"><tr><th>Messages</th></tr><tr><td><div class="messages">Completed executing following method : PDCTest.checkSavedVouchersInPDCVoucherScreenWithOutPostOnDate<br/>Test Method resides in com.focus.testcases.PDCTest<br/>Test Status: Failed<br/>About to begin executing following method : BaseEngine.afterMethodExecution</div></td></tr><tr><th>Exception</th></tr><tr><td><div class="stacktrace">java.lang.AssertionError: expected [true] but found [false]
	at com.focus.testcases.PDCTest.checkSavedVouchersInPDCVoucherScreenWithOutPostOnDate(PDCTest.java:57)
... Removed 30 stack frames</div></td></tr></table><p class="totop"><a href="#summary">back to summary</a></p><h3 id="m10">com.focus.testcases.PDCTest#checkSavingVoucherInPostDatedReceiptsWithCustomerC</h3><table class="result"><tr><th>Messages</th></tr><tr><td><div class="messages">Completed executing following method : PDCTest.checkSavingVoucherInPostDatedReceiptsWithCustomerC<br/>Test Method resides in com.focus.testcases.PDCTest<br/>Test Status: Failed<br/>About to begin executing following method : BaseEngine.afterMethodExecution</div></td></tr><tr><th>Exception</th></tr><tr><td><div class="stacktrace">java.lang.AssertionError: expected [true] but found [false]
	at com.focus.testcases.PDCTest.checkSavingVoucherInPostDatedReceiptsWithCustomerC(PDCTest.java:134)
... Removed 30 stack frames</div></td></tr></table><p class="totop"><a href="#summary">back to summary</a></p><h3 id="m11">com.focus.testcases.PDCTest#checkUpdateinPDCUnderSettingMenuForEnableReversePostingInPayments</h3><table class="result"><tr><th>Messages</th></tr><tr><td><div class="messages">Completed executing following method : PDCTest.checkUpdateinPDCUnderSettingMenuForEnableReversePostingInPayments<br/>Test Method resides in com.focus.testcases.PDCTest<br/>Test Status: Failed<br/>About to begin executing following method : BaseEngine.afterMethodExecution</div></td></tr><tr><th>Exception</th></tr><tr><td><div class="stacktrace">java.lang.AssertionError: expected [true] but found [false]
	at com.focus.testcases.PDCTest.checkUpdateinPDCUnderSettingMenuForEnableReversePostingInPayments(PDCTest.java:255)
... Removed 30 stack frames</div></td></tr></table><p class="totop"><a href="#summary">back to summary</a></p><h3 id="m12">com.focus.testcases.LoginPageTest#checkCompanyTextDisplayInCompanyListDropdown</h3><table class="result"><tr><th>Messages</th></tr><tr><td><div class="messages">Completed executing following method : LoginPageTest.checkCompanyTextDisplayInCompanyListDropdown<br/>Test Method resides in com.focus.testcases.LoginPageTest<br/>Test Status: Pass<br/>About to begin executing following method : BaseEngine.afterMethodExecution</div></td></tr></table><p class="totop"><a href="#summary">back to summary</a></p><h3 id="m13">com.focus.testcases.LoginPageTest#checkLoginPageAvailablityOfFields</h3><table class="result"><tr><th>Messages</th></tr><tr><td><div class="messages">Completed executing following method : LoginPageTest.checkLoginPageAvailablityOfFields<br/>Test Method resides in com.focus.testcases.LoginPageTest<br/>Test Status: Pass<br/>About to begin executing following method : BaseEngine.afterMethodExecution</div></td></tr></table><p class="totop"><a href="#summary">back to summary</a></p><h3 id="m14">com.focus.testcases.LoginPageTest#checkSignInBtnWithValidUserNameAndValidPassword</h3><table class="result"><tr><th>Messages</th></tr><tr><td><div class="messages">Completed executing following method : LoginPageTest.checkSignInBtnWithValidUserNameAndValidPassword<br/>Test Method resides in com.focus.testcases.LoginPageTest<br/>Test Status: Pass<br/>About to begin executing following method : BaseEngine.afterMethodExecution</div></td></tr></table><p class="totop"><a href="#summary">back to summary</a></p><h3 id="m15">com.focus.testcases.PDCTest#checkAddExtraFieldPDCInHeaderFieldOFPayments</h3><table class="result"><tr><th>Messages</th></tr><tr><td><div class="messages">Completed executing following method : PDCTest.checkAddExtraFieldPDCInHeaderFieldOFPayments<br/>Test Method resides in com.focus.testcases.PDCTest<br/>Test Status: Pass<br/>About to begin executing following method : BaseEngine.afterMethodExecution</div></td></tr></table><p class="totop"><a href="#summary">back to summary</a></p><h3 id="m16">com.focus.testcases.PDCTest#checkAddExtraFieldPDCInHeaderFieldOFReceipts</h3><table class="result"><tr><th>Messages</th></tr><tr><td><div class="messages">Completed executing following method : PDCTest.checkAddExtraFieldPDCInHeaderFieldOFReceipts<br/>Test Method resides in com.focus.testcases.PDCTest<br/>Test Status: Pass<br/>About to begin executing following method : BaseEngine.afterMethodExecution</div></td></tr></table><p class="totop"><a href="#summary">back to summary</a></p><h3 id="m17">com.focus.testcases.PDCTest#checkClickOnConvertedPDCVouchersAfterDeletionOfConvertedVoucherInRecepits</h3><table class="result"><tr><th>Messages</th></tr><tr><td><div class="messages">Completed executing following method : PDCTest.checkClickOnConvertedPDCVouchersAfterDeletionOfConvertedVoucherInRecepits<br/>Test Method resides in com.focus.testcases.PDCTest<br/>Test Status: Pass<br/>About to begin executing following method : BaseEngine.afterMethodExecution</div></td></tr></table><p class="totop"><a href="#summary">back to summary</a></p><h3 id="m18">com.focus.testcases.PDCTest#checkConvertMaturedPDCScreenForPDPVAT</h3><table class="result"><tr><th>Messages</th></tr><tr><td><div class="messages">Completed executing following method : PDCTest.checkConvertMaturedPDCScreenForPDPVAT<br/>Test Method resides in com.focus.testcases.PDCTest<br/>Test Status: Pass<br/>About to begin executing following method : BaseEngine.afterMethodExecution</div></td></tr></table><p class="totop"><a href="#summary">back to summary</a></p><h3 id="m19">com.focus.testcases.PDCTest#checkConvertedMaturePDCScreenWithNoPDCExists</h3><table class="result"><tr><th>Messages</th></tr><tr><td><div class="messages">Completed executing following method : PDCTest.checkConvertedMaturePDCScreenWithNoPDCExists<br/>Test Method resides in com.focus.testcases.PDCTest<br/>Test Status: Pass<br/>About to begin executing following method : BaseEngine.afterMethodExecution</div></td></tr></table><p class="totop"><a href="#summary">back to summary</a></p><h3 id="m20">com.focus.testcases.PDCTest#checkConvertingPDPVoucherInPDCScreenAfterExtraField</h3><table class="result"><tr><th>Messages</th></tr><tr><td><div class="messages">Completed executing following method : PDCTest.checkConvertingPDPVoucherInPDCScreenAfterExtraField<br/>Test Method resides in com.focus.testcases.PDCTest<br/>Test Status: Pass<br/>About to begin executing following method : BaseEngine.afterMethodExecution</div></td></tr></table><p class="totop"><a href="#summary">back to summary</a></p><h3 id="m21">com.focus.testcases.PDCTest#checkCovertingPDPVoucherInPDCWithReversePosting</h3><table class="result"><tr><th>Messages</th></tr><tr><td><div class="messages">Completed executing following method : PDCTest.checkCovertingPDPVoucherInPDCWithReversePosting<br/>Test Method resides in com.focus.testcases.PDCTest<br/>Test Status: Pass<br/>About to begin executing following method : BaseEngine.afterMethodExecution</div></td></tr></table><p class="totop"><a href="#summary">back to summary</a></p><h3 id="m22">com.focus.testcases.PDCTest#checkCovertingVoucherInPDC</h3><table class="result"><tr><th>Messages</th></tr><tr><td><div class="messages">Completed executing following method : PDCTest.checkCovertingVoucherInPDC<br/>Test Method resides in com.focus.testcases.PDCTest<br/>Test Status: Pass<br/>About to begin executing following method : BaseEngine.afterMethodExecution</div></td></tr></table><p class="totop"><a href="#summary">back to summary</a></p><h3 id="m23">com.focus.testcases.PDCTest#checkCovertingVoucherInPDCWithReversePosting</h3><table class="result"><tr><th>Messages</th></tr><tr><td><div class="messages">Completed executing following method : PDCTest.checkCovertingVoucherInPDCWithReversePosting<br/>Test Method resides in com.focus.testcases.PDCTest<br/>Test Status: Pass<br/>About to begin executing following method : BaseEngine.afterMethodExecution</div></td></tr></table><p class="totop"><a href="#summary">back to summary</a></p><h3 id="m24">com.focus.testcases.PDCTest#checkDeleteOfConvertedVoucherinRecepits</h3><table class="result"><tr><th>Messages</th></tr><tr><td><div class="messages">Completed executing following method : PDCTest.checkDeleteOfConvertedVoucherinRecepits<br/>Test Method resides in com.focus.testcases.PDCTest<br/>Test Status: Pass<br/>About to begin executing following method : BaseEngine.afterMethodExecution</div></td></tr></table><p class="totop"><a href="#summary">back to summary</a></p><h3 id="m25">com.focus.testcases.PDCTest#checkDeleteOptionInPDPVAT</h3><table class="result"><tr><th>Messages</th></tr><tr><td><div class="messages">Completed executing following method : PDCTest.checkDeleteOptionInPDPVAT<br/>Test Method resides in com.focus.testcases.PDCTest<br/>Test Status: Pass<br/>About to begin executing following method : BaseEngine.afterMethodExecution</div></td></tr></table><p class="totop"><a href="#summary">back to summary</a></p><h3 id="m26">com.focus.testcases.PDCTest#checkDeleteOptionInPDRVAT</h3><table class="result"><tr><th>Messages</th></tr><tr><td><div class="messages">Completed executing following method : PDCTest.checkDeleteOptionInPDRVAT<br/>Test Method resides in com.focus.testcases.PDCTest<br/>Test Status: Pass<br/>About to begin executing following method : BaseEngine.afterMethodExecution</div></td></tr></table><p class="totop"><a href="#summary">back to summary</a></p><h3 id="m27">com.focus.testcases.PDCTest#checkEditingVoucherAndSavingInPDPVAT</h3><table class="result"><tr><th>Messages</th></tr><tr><td><div class="messages">Completed executing following method : PDCTest.checkEditingVoucherAndSavingInPDPVAT<br/>Test Method resides in com.focus.testcases.PDCTest<br/>Test Status: Pass<br/>About to begin executing following method : BaseEngine.afterMethodExecution</div></td></tr></table><p class="totop"><a href="#summary">back to summary</a></p><h3 id="m28">com.focus.testcases.PDCTest#checkEditingVoucherAndSavingInPDRVAT</h3><table class="result"><tr><th>Messages</th></tr><tr><td><div class="messages">Completed executing following method : PDCTest.checkEditingVoucherAndSavingInPDRVAT<br/>Test Method resides in com.focus.testcases.PDCTest<br/>Test Status: Pass<br/>About to begin executing following method : BaseEngine.afterMethodExecution</div></td></tr></table><p class="totop"><a href="#summary">back to summary</a></p><h3 id="m29">com.focus.testcases.PDCTest#checkPDCOptionsUnderSettings</h3><table class="result"><tr><th>Messages</th></tr><tr><td><div class="messages">Completed executing following method : PDCTest.checkPDCOptionsUnderSettings<br/>Test Method resides in com.focus.testcases.PDCTest<br/>Test Status: Pass<br/>About to begin executing following method : BaseEngine.afterMethodExecution</div></td></tr></table><p class="totop"><a href="#summary">back to summary</a></p><h3 id="m30">com.focus.testcases.PDCTest#checkSavedCovertedVoucherInPaymentsAfterReversePosting</h3><table class="result"><tr><th>Messages</th></tr><tr><td><div class="messages">Completed executing following method : PDCTest.checkSavedCovertedVoucherInPaymentsAfterReversePosting<br/>Test Method resides in com.focus.testcases.PDCTest<br/>Test Status: Pass<br/>About to begin executing following method : BaseEngine.afterMethodExecution</div></td></tr></table><p class="totop"><a href="#summary">back to summary</a></p><h3 id="m31">com.focus.testcases.PDCTest#checkSavedVoucherInPDPVAT</h3><table class="result"><tr><th>Messages</th></tr><tr><td><div class="messages">Completed executing following method : PDCTest.checkSavedVoucherInPDPVAT<br/>Test Method resides in com.focus.testcases.PDCTest<br/>Test Status: Pass<br/>About to begin executing following method : BaseEngine.afterMethodExecution</div></td></tr></table><p class="totop"><a href="#summary">back to summary</a></p><h3 id="m32">com.focus.testcases.PDCTest#checkSavedVoucherInPDRVAT</h3><table class="result"><tr><th>Messages</th></tr><tr><td><div class="messages">Completed executing following method : PDCTest.checkSavedVoucherInPDRVAT<br/>Test Method resides in com.focus.testcases.PDCTest<br/>Test Status: Pass<br/>About to begin executing following method : BaseEngine.afterMethodExecution</div></td></tr></table><p class="totop"><a href="#summary">back to summary</a></p><h3 id="m33">com.focus.testcases.PDCTest#checkSavingNewVoucherInPDPVATOnFutureDateWithCurrencyAEDAndDepartmentINDIA</h3><table class="result"><tr><th>Messages</th></tr><tr><td><div class="messages">Completed executing following method : PDCTest.checkSavingNewVoucherInPDPVATOnFutureDateWithCurrencyAEDAndDepartmentINDIA<br/>Test Method resides in com.focus.testcases.PDCTest<br/>Test Status: Pass<br/>About to begin executing following method : BaseEngine.afterMethodExecution</div></td></tr></table><p class="totop"><a href="#summary">back to summary</a></p><h3 id="m34">com.focus.testcases.PDCTest#checkSavingVoucherInPDPVATWithVendorB</h3><table class="result"><tr><th>Messages</th></tr><tr><td><div class="messages">Completed executing following method : PDCTest.checkSavingVoucherInPDPVATWithVendorB<br/>Test Method resides in com.focus.testcases.PDCTest<br/>Test Status: Pass<br/>About to begin executing following method : BaseEngine.afterMethodExecution</div></td></tr></table><p class="totop"><a href="#summary">back to summary</a></p><h3 id="m35">com.focus.testcases.PDCTest#checkSavingVoucherToPostDatedReceipts</h3><table class="result"><tr><th>Messages</th></tr><tr><td><div class="messages">Completed executing following method : PDCTest.checkSavingVoucherToPostDatedReceipts<br/>Test Method resides in com.focus.testcases.PDCTest<br/>Test Status: Pass<br/>About to begin executing following method : BaseEngine.afterMethodExecution</div></td></tr></table><p class="totop"><a href="#summary">back to summary</a></p><h3 id="m36">com.focus.testcases.PDCTest#checkUpdateinPDCUnderSettingMenuForDisableEnableReversePostingInRecepits</h3><table class="result"><tr><th>Messages</th></tr><tr><td><div class="messages">Completed executing following method : PDCTest.checkUpdateinPDCUnderSettingMenuForDisableEnableReversePostingInRecepits<br/>Test Method resides in com.focus.testcases.PDCTest<br/>Test Status: Pass<br/>About to begin executing following method : BaseEngine.afterMethodExecution</div></td></tr></table><p class="totop"><a href="#summary">back to summary</a></p><h3 id="m37">com.focus.testcases.PDCTest#checkUpdateinPDCUnderSettingMenuForEnableReversePostingInRecepits</h3><table class="result"><tr><th>Messages</th></tr><tr><td><div class="messages">Completed executing following method : PDCTest.checkUpdateinPDCUnderSettingMenuForEnableReversePostingInRecepits<br/>Test Method resides in com.focus.testcases.PDCTest<br/>Test Status: Pass<br/>About to begin executing following method : BaseEngine.afterMethodExecution</div></td></tr></table><p class="totop"><a href="#summary">back to summary</a></p><h3 id="m38">com.focus.testcases.URLBrowserTest#checkLoginPageTitleByURLInputInBrowser</h3><table class="result"><tr><th>Messages</th></tr><tr><td><div class="messages">Completed executing following method : URLBrowserTest.checkLoginPageTitleByURLInputInBrowser<br/>Test Method resides in com.focus.testcases.URLBrowserTest<br/>Test Status: Pass<br/>About to begin executing following method : BaseEngine.afterMethodExecution</div></td></tr></table><p class="totop"><a href="#summary">back to summary</a></p><h3 id="m39">com.focus.testcases.URLBrowserTest#verifyBrowserOpen</h3><table class="result"><tr><th>Messages</th></tr><tr><td><div class="messages">Completed executing following method : URLBrowserTest.verifyBrowserOpen<br/>Test Method resides in com.focus.testcases.URLBrowserTest<br/>Test Status: Pass<br/>About to begin executing following method : BaseEngine.afterMethodExecution</div></td></tr></table><p class="totop"><a href="#summary">back to summary</a></p></body></html>