<?xml version="1.0" encoding="UTF-8"?>
<testng-results skipped="0" failed="12" total="40" passed="28">
  <reporter-output>
    <line>
      <![CDATA[About to begin executing Suite Suite]]>
    </line>
    <line>
      <![CDATA[About to begin executing following method : BaseEngine.openBrowser]]>
    </line>
    <line>
      <![CDATA[Completed executing following method : BaseEngine.openBrowser]]>
    </line>
    <line>
      <![CDATA[About to begin executing Test Test]]>
    </line>
    <line>
      <![CDATA[About to begin executing following method : BaseEngine.intialiseReports]]>
    </line>
    <line>
      <![CDATA[Completed executing following method : BaseEngine.intialiseReports]]>
    </line>
    <line>
      <![CDATA[About to begin executing following method : BaseEngine.beforeMethodExecution]]>
    </line>
    <line>
      <![CDATA[Completed executing following method : BaseEngine.beforeMethodExecution]]>
    </line>
    <line>
      <![CDATA[About to begin executing following method : URLBrowserTest.verifyBrowserOpen]]>
    </line>
    <line>
      <![CDATA[Completed executing following method : URLBrowserTest.verifyBrowserOpen]]>
    </line>
    <line>
      <![CDATA[Test Method resides in com.focus.testcases.URLBrowserTest]]>
    </line>
    <line>
      <![CDATA[Test Status: Pass]]>
    </line>
    <line>
      <![CDATA[About to begin executing following method : BaseEngine.afterMethodExecution]]>
    </line>
    <line>
      <![CDATA[Completed executing following method : BaseEngine.afterMethodExecution]]>
    </line>
    <line>
      <![CDATA[About to begin executing following method : BaseEngine.beforeMethodExecution]]>
    </line>
    <line>
      <![CDATA[Completed executing following method : BaseEngine.beforeMethodExecution]]>
    </line>
    <line>
      <![CDATA[About to begin executing following method : URLBrowserTest.checkLoginPageTitleByURLInputInBrowser]]>
    </line>
    <line>
      <![CDATA[Completed executing following method : URLBrowserTest.checkLoginPageTitleByURLInputInBrowser]]>
    </line>
    <line>
      <![CDATA[Test Method resides in com.focus.testcases.URLBrowserTest]]>
    </line>
    <line>
      <![CDATA[Test Status: Pass]]>
    </line>
    <line>
      <![CDATA[About to begin executing following method : BaseEngine.afterMethodExecution]]>
    </line>
    <line>
      <![CDATA[Completed executing following method : BaseEngine.afterMethodExecution]]>
    </line>
    <line>
      <![CDATA[About to begin executing following method : BaseEngine.beforeMethodExecution]]>
    </line>
    <line>
      <![CDATA[Completed executing following method : BaseEngine.beforeMethodExecution]]>
    </line>
    <line>
      <![CDATA[About to begin executing following method : LoginPageTest.checkLoginPageAvailablityOfFields]]>
    </line>
    <line>
      <![CDATA[Completed executing following method : LoginPageTest.checkLoginPageAvailablityOfFields]]>
    </line>
    <line>
      <![CDATA[Test Method resides in com.focus.testcases.LoginPageTest]]>
    </line>
    <line>
      <![CDATA[Test Status: Pass]]>
    </line>
    <line>
      <![CDATA[About to begin executing following method : BaseEngine.afterMethodExecution]]>
    </line>
    <line>
      <![CDATA[Completed executing following method : BaseEngine.afterMethodExecution]]>
    </line>
    <line>
      <![CDATA[About to begin executing following method : BaseEngine.beforeMethodExecution]]>
    </line>
    <line>
      <![CDATA[Completed executing following method : BaseEngine.beforeMethodExecution]]>
    </line>
    <line>
      <![CDATA[About to begin executing following method : LoginPageTest.checkCompanyTextDisplayInCompanyListDropdown]]>
    </line>
    <line>
      <![CDATA[Completed executing following method : LoginPageTest.checkCompanyTextDisplayInCompanyListDropdown]]>
    </line>
    <line>
      <![CDATA[Test Method resides in com.focus.testcases.LoginPageTest]]>
    </line>
    <line>
      <![CDATA[Test Status: Pass]]>
    </line>
    <line>
      <![CDATA[About to begin executing following method : BaseEngine.afterMethodExecution]]>
    </line>
    <line>
      <![CDATA[Completed executing following method : BaseEngine.afterMethodExecution]]>
    </line>
    <line>
      <![CDATA[About to begin executing following method : BaseEngine.beforeMethodExecution]]>
    </line>
    <line>
      <![CDATA[Completed executing following method : BaseEngine.beforeMethodExecution]]>
    </line>
    <line>
      <![CDATA[About to begin executing following method : LoginPageTest.checkSignInBtnWithValidUserNameAndValidPassword]]>
    </line>
    <line>
      <![CDATA[Completed executing following method : LoginPageTest.checkSignInBtnWithValidUserNameAndValidPassword]]>
    </line>
    <line>
      <![CDATA[Test Method resides in com.focus.testcases.LoginPageTest]]>
    </line>
    <line>
      <![CDATA[Test Status: Pass]]>
    </line>
    <line>
      <![CDATA[About to begin executing following method : BaseEngine.afterMethodExecution]]>
    </line>
    <line>
      <![CDATA[Completed executing following method : BaseEngine.afterMethodExecution]]>
    </line>
    <line>
      <![CDATA[About to begin executing following method : BaseEngine.beforeMethodExecution]]>
    </line>
    <line>
      <![CDATA[Completed executing following method : BaseEngine.beforeMethodExecution]]>
    </line>
    <line>
      <![CDATA[About to begin executing following method : PDCTest.checkPDCOptionsUnderSettings]]>
    </line>
    <line>
      <![CDATA[Completed executing following method : PDCTest.checkPDCOptionsUnderSettings]]>
    </line>
    <line>
      <![CDATA[Test Method resides in com.focus.testcases.PDCTest]]>
    </line>
    <line>
      <![CDATA[Test Status: Pass]]>
    </line>
    <line>
      <![CDATA[About to begin executing following method : BaseEngine.afterMethodExecution]]>
    </line>
    <line>
      <![CDATA[Completed executing following method : BaseEngine.afterMethodExecution]]>
    </line>
    <line>
      <![CDATA[About to begin executing following method : BaseEngine.beforeMethodExecution]]>
    </line>
    <line>
      <![CDATA[Completed executing following method : BaseEngine.beforeMethodExecution]]>
    </line>
    <line>
      <![CDATA[About to begin executing following method : PDCTest.checkConvertedMaturePDCScreenWithNoPDCExists]]>
    </line>
    <line>
      <![CDATA[Completed executing following method : PDCTest.checkConvertedMaturePDCScreenWithNoPDCExists]]>
    </line>
    <line>
      <![CDATA[Test Method resides in com.focus.testcases.PDCTest]]>
    </line>
    <line>
      <![CDATA[Test Status: Pass]]>
    </line>
    <line>
      <![CDATA[About to begin executing following method : BaseEngine.afterMethodExecution]]>
    </line>
    <line>
      <![CDATA[Completed executing following method : BaseEngine.afterMethodExecution]]>
    </line>
    <line>
      <![CDATA[About to begin executing following method : BaseEngine.beforeMethodExecution]]>
    </line>
    <line>
      <![CDATA[Completed executing following method : BaseEngine.beforeMethodExecution]]>
    </line>
    <line>
      <![CDATA[About to begin executing following method : PDCTest.checkSavingVoucherToPostDatedReceipts]]>
    </line>
    <line>
      <![CDATA[Completed executing following method : PDCTest.checkSavingVoucherToPostDatedReceipts]]>
    </line>
    <line>
      <![CDATA[Test Method resides in com.focus.testcases.PDCTest]]>
    </line>
    <line>
      <![CDATA[Test Status: Pass]]>
    </line>
    <line>
      <![CDATA[About to begin executing following method : BaseEngine.afterMethodExecution]]>
    </line>
    <line>
      <![CDATA[Completed executing following method : BaseEngine.afterMethodExecution]]>
    </line>
    <line>
      <![CDATA[About to begin executing following method : BaseEngine.beforeMethodExecution]]>
    </line>
    <line>
      <![CDATA[Completed executing following method : BaseEngine.beforeMethodExecution]]>
    </line>
    <line>
      <![CDATA[About to begin executing following method : PDCTest.checkSavedVoucherInPDRVAT]]>
    </line>
    <line>
      <![CDATA[Completed executing following method : PDCTest.checkSavedVoucherInPDRVAT]]>
    </line>
    <line>
      <![CDATA[Test Method resides in com.focus.testcases.PDCTest]]>
    </line>
    <line>
      <![CDATA[Test Status: Pass]]>
    </line>
    <line>
      <![CDATA[About to begin executing following method : BaseEngine.afterMethodExecution]]>
    </line>
    <line>
      <![CDATA[Completed executing following method : BaseEngine.afterMethodExecution]]>
    </line>
    <line>
      <![CDATA[About to begin executing following method : BaseEngine.beforeMethodExecution]]>
    </line>
    <line>
      <![CDATA[Completed executing following method : BaseEngine.beforeMethodExecution]]>
    </line>
    <line>
      <![CDATA[About to begin executing following method : PDCTest.checkEditingVoucherAndSavingInPDRVAT]]>
    </line>
    <line>
      <![CDATA[Completed executing following method : PDCTest.checkEditingVoucherAndSavingInPDRVAT]]>
    </line>
    <line>
      <![CDATA[Test Method resides in com.focus.testcases.PDCTest]]>
    </line>
    <line>
      <![CDATA[Test Status: Pass]]>
    </line>
    <line>
      <![CDATA[About to begin executing following method : BaseEngine.afterMethodExecution]]>
    </line>
    <line>
      <![CDATA[Completed executing following method : BaseEngine.afterMethodExecution]]>
    </line>
    <line>
      <![CDATA[About to begin executing following method : BaseEngine.beforeMethodExecution]]>
    </line>
    <line>
      <![CDATA[Completed executing following method : BaseEngine.beforeMethodExecution]]>
    </line>
    <line>
      <![CDATA[About to begin executing following method : PDCTest.checkSavedVouchersInPDCVoucherScreenWithOutPostOnDate]]>
    </line>
    <line>
      <![CDATA[Completed executing following method : PDCTest.checkSavedVouchersInPDCVoucherScreenWithOutPostOnDate]]>
    </line>
    <line>
      <![CDATA[Test Method resides in com.focus.testcases.PDCTest]]>
    </line>
    <line>
      <![CDATA[Test Status: Failed]]>
    </line>
    <line>
      <![CDATA[About to begin executing following method : BaseEngine.afterMethodExecution]]>
    </line>
    <line>
      <![CDATA[Completed executing following method : BaseEngine.afterMethodExecution]]>
    </line>
    <line>
      <![CDATA[About to begin executing following method : BaseEngine.beforeMethodExecution]]>
    </line>
    <line>
      <![CDATA[Completed executing following method : BaseEngine.beforeMethodExecution]]>
    </line>
    <line>
      <![CDATA[About to begin executing following method : PDCTest.checkConvertingVouchersInPDCVoucherScreenWithOutPostOnDate]]>
    </line>
    <line>
      <![CDATA[Completed executing following method : PDCTest.checkConvertingVouchersInPDCVoucherScreenWithOutPostOnDate]]>
    </line>
    <line>
      <![CDATA[Test Method resides in com.focus.testcases.PDCTest]]>
    </line>
    <line>
      <![CDATA[Test Status: Failed]]>
    </line>
    <line>
      <![CDATA[About to begin executing following method : BaseEngine.afterMethodExecution]]>
    </line>
    <line>
      <![CDATA[Completed executing following method : BaseEngine.afterMethodExecution]]>
    </line>
    <line>
      <![CDATA[About to begin executing following method : BaseEngine.beforeMethodExecution]]>
    </line>
    <line>
      <![CDATA[Completed executing following method : BaseEngine.beforeMethodExecution]]>
    </line>
    <line>
      <![CDATA[About to begin executing following method : PDCTest.checkAddExtraFieldPDCInHeaderFieldOFReceipts]]>
    </line>
    <line>
      <![CDATA[Completed executing following method : PDCTest.checkAddExtraFieldPDCInHeaderFieldOFReceipts]]>
    </line>
    <line>
      <![CDATA[Test Method resides in com.focus.testcases.PDCTest]]>
    </line>
    <line>
      <![CDATA[Test Status: Pass]]>
    </line>
    <line>
      <![CDATA[About to begin executing following method : BaseEngine.afterMethodExecution]]>
    </line>
    <line>
      <![CDATA[Completed executing following method : BaseEngine.afterMethodExecution]]>
    </line>
    <line>
      <![CDATA[About to begin executing following method : BaseEngine.beforeMethodExecution]]>
    </line>
    <line>
      <![CDATA[Completed executing following method : BaseEngine.beforeMethodExecution]]>
    </line>
    <line>
      <![CDATA[About to begin executing following method : PDCTest.checkCovertingVoucherInPDC]]>
    </line>
    <line>
      <![CDATA[Completed executing following method : PDCTest.checkCovertingVoucherInPDC]]>
    </line>
    <line>
      <![CDATA[Test Method resides in com.focus.testcases.PDCTest]]>
    </line>
    <line>
      <![CDATA[Test Status: Pass]]>
    </line>
    <line>
      <![CDATA[About to begin executing following method : BaseEngine.afterMethodExecution]]>
    </line>
    <line>
      <![CDATA[Completed executing following method : BaseEngine.afterMethodExecution]]>
    </line>
    <line>
      <![CDATA[About to begin executing following method : BaseEngine.beforeMethodExecution]]>
    </line>
    <line>
      <![CDATA[Completed executing following method : BaseEngine.beforeMethodExecution]]>
    </line>
    <line>
      <![CDATA[About to begin executing following method : PDCTest.checkConvertedPDCVoucherInReceipts]]>
    </line>
    <line>
      <![CDATA[Completed executing following method : PDCTest.checkConvertedPDCVoucherInReceipts]]>
    </line>
    <line>
      <![CDATA[Test Method resides in com.focus.testcases.PDCTest]]>
    </line>
    <line>
      <![CDATA[Test Status: Failed]]>
    </line>
    <line>
      <![CDATA[About to begin executing following method : BaseEngine.afterMethodExecution]]>
    </line>
    <line>
      <![CDATA[Completed executing following method : BaseEngine.afterMethodExecution]]>
    </line>
    <line>
      <![CDATA[About to begin executing following method : BaseEngine.beforeMethodExecution]]>
    </line>
    <line>
      <![CDATA[Completed executing following method : BaseEngine.beforeMethodExecution]]>
    </line>
    <line>
      <![CDATA[About to begin executing following method : PDCTest.checkDeleteOfConvertedVoucherinRecepits]]>
    </line>
    <line>
      <![CDATA[Completed executing following method : PDCTest.checkDeleteOfConvertedVoucherinRecepits]]>
    </line>
    <line>
      <![CDATA[Test Method resides in com.focus.testcases.PDCTest]]>
    </line>
    <line>
      <![CDATA[Test Status: Pass]]>
    </line>
    <line>
      <![CDATA[About to begin executing following method : BaseEngine.afterMethodExecution]]>
    </line>
    <line>
      <![CDATA[Completed executing following method : BaseEngine.afterMethodExecution]]>
    </line>
    <line>
      <![CDATA[About to begin executing following method : BaseEngine.beforeMethodExecution]]>
    </line>
    <line>
      <![CDATA[Completed executing following method : BaseEngine.beforeMethodExecution]]>
    </line>
    <line>
      <![CDATA[About to begin executing following method : PDCTest.checkClickOnConvertedPDCVouchersAfterDeletionOfConvertedVoucherInRecepits]]>
    </line>
    <line>
      <![CDATA[Completed executing following method : PDCTest.checkClickOnConvertedPDCVouchersAfterDeletionOfConvertedVoucherInRecepits]]>
    </line>
    <line>
      <![CDATA[Test Method resides in com.focus.testcases.PDCTest]]>
    </line>
    <line>
      <![CDATA[Test Status: Pass]]>
    </line>
    <line>
      <![CDATA[About to begin executing following method : BaseEngine.afterMethodExecution]]>
    </line>
    <line>
      <![CDATA[Completed executing following method : BaseEngine.afterMethodExecution]]>
    </line>
    <line>
      <![CDATA[About to begin executing following method : BaseEngine.beforeMethodExecution]]>
    </line>
    <line>
      <![CDATA[Completed executing following method : BaseEngine.beforeMethodExecution]]>
    </line>
    <line>
      <![CDATA[About to begin executing following method : PDCTest.checkUpdateinPDCUnderSettingMenuForEnableReversePostingInRecepits]]>
    </line>
    <line>
      <![CDATA[Completed executing following method : PDCTest.checkUpdateinPDCUnderSettingMenuForEnableReversePostingInRecepits]]>
    </line>
    <line>
      <![CDATA[Test Method resides in com.focus.testcases.PDCTest]]>
    </line>
    <line>
      <![CDATA[Test Status: Pass]]>
    </line>
    <line>
      <![CDATA[About to begin executing following method : BaseEngine.afterMethodExecution]]>
    </line>
    <line>
      <![CDATA[Completed executing following method : BaseEngine.afterMethodExecution]]>
    </line>
    <line>
      <![CDATA[About to begin executing following method : BaseEngine.beforeMethodExecution]]>
    </line>
    <line>
      <![CDATA[Completed executing following method : BaseEngine.beforeMethodExecution]]>
    </line>
    <line>
      <![CDATA[About to begin executing following method : PDCTest.checkLogoutAndLoginWithSU]]>
    </line>
    <line>
      <![CDATA[Completed executing following method : PDCTest.checkLogoutAndLoginWithSU]]>
    </line>
    <line>
      <![CDATA[Test Method resides in com.focus.testcases.PDCTest]]>
    </line>
    <line>
      <![CDATA[Test Status: Failed]]>
    </line>
    <line>
      <![CDATA[About to begin executing following method : BaseEngine.afterMethodExecution]]>
    </line>
    <line>
      <![CDATA[Completed executing following method : BaseEngine.afterMethodExecution]]>
    </line>
    <line>
      <![CDATA[About to begin executing following method : BaseEngine.beforeMethodExecution]]>
    </line>
    <line>
      <![CDATA[Completed executing following method : BaseEngine.beforeMethodExecution]]>
    </line>
    <line>
      <![CDATA[About to begin executing following method : PDCTest.checkCreationOfNewCashAndBankAccountType]]>
    </line>
    <line>
      <![CDATA[Completed executing following method : PDCTest.checkCreationOfNewCashAndBankAccountType]]>
    </line>
    <line>
      <![CDATA[Test Method resides in com.focus.testcases.PDCTest]]>
    </line>
    <line>
      <![CDATA[Test Status: Failed]]>
    </line>
    <line>
      <![CDATA[About to begin executing following method : BaseEngine.afterMethodExecution]]>
    </line>
    <line>
      <![CDATA[Completed executing following method : BaseEngine.afterMethodExecution]]>
    </line>
    <line>
      <![CDATA[About to begin executing following method : BaseEngine.beforeMethodExecution]]>
    </line>
    <line>
      <![CDATA[Completed executing following method : BaseEngine.beforeMethodExecution]]>
    </line>
    <line>
      <![CDATA[About to begin executing following method : PDCTest.checkSavingVoucherInPostDatedReceiptsWithCustomerC]]>
    </line>
    <line>
      <![CDATA[Completed executing following method : PDCTest.checkSavingVoucherInPostDatedReceiptsWithCustomerC]]>
    </line>
    <line>
      <![CDATA[Test Method resides in com.focus.testcases.PDCTest]]>
    </line>
    <line>
      <![CDATA[Test Status: Failed]]>
    </line>
    <line>
      <![CDATA[About to begin executing following method : BaseEngine.afterMethodExecution]]>
    </line>
    <line>
      <![CDATA[Completed executing following method : BaseEngine.afterMethodExecution]]>
    </line>
    <line>
      <![CDATA[About to begin executing following method : BaseEngine.beforeMethodExecution]]>
    </line>
    <line>
      <![CDATA[Completed executing following method : BaseEngine.beforeMethodExecution]]>
    </line>
    <line>
      <![CDATA[About to begin executing following method : PDCTest.checkDeleteOptionInPDRVAT]]>
    </line>
    <line>
      <![CDATA[Completed executing following method : PDCTest.checkDeleteOptionInPDRVAT]]>
    </line>
    <line>
      <![CDATA[Test Method resides in com.focus.testcases.PDCTest]]>
    </line>
    <line>
      <![CDATA[Test Status: Pass]]>
    </line>
    <line>
      <![CDATA[About to begin executing following method : BaseEngine.afterMethodExecution]]>
    </line>
    <line>
      <![CDATA[Completed executing following method : BaseEngine.afterMethodExecution]]>
    </line>
    <line>
      <![CDATA[About to begin executing following method : BaseEngine.beforeMethodExecution]]>
    </line>
    <line>
      <![CDATA[Completed executing following method : BaseEngine.beforeMethodExecution]]>
    </line>
    <line>
      <![CDATA[About to begin executing following method : PDCTest.checkCovertingVoucherInPDCWithReversePosting]]>
    </line>
    <line>
      <![CDATA[Completed executing following method : PDCTest.checkCovertingVoucherInPDCWithReversePosting]]>
    </line>
    <line>
      <![CDATA[Test Method resides in com.focus.testcases.PDCTest]]>
    </line>
    <line>
      <![CDATA[Test Status: Pass]]>
    </line>
    <line>
      <![CDATA[About to begin executing following method : BaseEngine.afterMethodExecution]]>
    </line>
    <line>
      <![CDATA[Completed executing following method : BaseEngine.afterMethodExecution]]>
    </line>
    <line>
      <![CDATA[About to begin executing following method : BaseEngine.beforeMethodExecution]]>
    </line>
    <line>
      <![CDATA[Completed executing following method : BaseEngine.beforeMethodExecution]]>
    </line>
    <line>
      <![CDATA[About to begin executing following method : PDCTest.checkSavedCovertedVoucherInReceiptsAfterReversePosting]]>
    </line>
    <line>
      <![CDATA[Completed executing following method : PDCTest.checkSavedCovertedVoucherInReceiptsAfterReversePosting]]>
    </line>
    <line>
      <![CDATA[Test Method resides in com.focus.testcases.PDCTest]]>
    </line>
    <line>
      <![CDATA[Test Status: Failed]]>
    </line>
    <line>
      <![CDATA[About to begin executing following method : BaseEngine.afterMethodExecution]]>
    </line>
    <line>
      <![CDATA[Completed executing following method : BaseEngine.afterMethodExecution]]>
    </line>
    <line>
      <![CDATA[About to begin executing following method : BaseEngine.beforeMethodExecution]]>
    </line>
    <line>
      <![CDATA[Completed executing following method : BaseEngine.beforeMethodExecution]]>
    </line>
    <line>
      <![CDATA[About to begin executing following method : PDCTest.checkUpdateinPDCUnderSettingMenuForDisableEnableReversePostingInRecepits]]>
    </line>
    <line>
      <![CDATA[Completed executing following method : PDCTest.checkUpdateinPDCUnderSettingMenuForDisableEnableReversePostingInRecepits]]>
    </line>
    <line>
      <![CDATA[Test Method resides in com.focus.testcases.PDCTest]]>
    </line>
    <line>
      <![CDATA[Test Status: Pass]]>
    </line>
    <line>
      <![CDATA[About to begin executing following method : BaseEngine.afterMethodExecution]]>
    </line>
    <line>
      <![CDATA[Completed executing following method : BaseEngine.afterMethodExecution]]>
    </line>
    <line>
      <![CDATA[About to begin executing following method : BaseEngine.beforeMethodExecution]]>
    </line>
    <line>
      <![CDATA[Completed executing following method : BaseEngine.beforeMethodExecution]]>
    </line>
    <line>
      <![CDATA[About to begin executing following method : PDCTest.checkConvertMaturedPDCScreenForPDPVAT]]>
    </line>
    <line>
      <![CDATA[Completed executing following method : PDCTest.checkConvertMaturedPDCScreenForPDPVAT]]>
    </line>
    <line>
      <![CDATA[Test Method resides in com.focus.testcases.PDCTest]]>
    </line>
    <line>
      <![CDATA[Test Status: Pass]]>
    </line>
    <line>
      <![CDATA[About to begin executing following method : BaseEngine.afterMethodExecution]]>
    </line>
    <line>
      <![CDATA[Completed executing following method : BaseEngine.afterMethodExecution]]>
    </line>
    <line>
      <![CDATA[About to begin executing following method : BaseEngine.beforeMethodExecution]]>
    </line>
    <line>
      <![CDATA[Completed executing following method : BaseEngine.beforeMethodExecution]]>
    </line>
    <line>
      <![CDATA[About to begin executing following method : PDCTest.CheckSavingVoucherInPDPVAT]]>
    </line>
    <line>
      <![CDATA[Completed executing following method : PDCTest.CheckSavingVoucherInPDPVAT]]>
    </line>
    <line>
      <![CDATA[Test Method resides in com.focus.testcases.PDCTest]]>
    </line>
    <line>
      <![CDATA[Test Status: Failed]]>
    </line>
    <line>
      <![CDATA[About to begin executing following method : BaseEngine.afterMethodExecution]]>
    </line>
    <line>
      <![CDATA[Completed executing following method : BaseEngine.afterMethodExecution]]>
    </line>
    <line>
      <![CDATA[About to begin executing following method : BaseEngine.beforeMethodExecution]]>
    </line>
    <line>
      <![CDATA[Completed executing following method : BaseEngine.beforeMethodExecution]]>
    </line>
    <line>
      <![CDATA[About to begin executing following method : PDCTest.checkSavingNewVoucherInPDPVATOnFutureDateWithCurrencyAEDAndDepartmentINDIA]]>
    </line>
    <line>
      <![CDATA[Completed executing following method : PDCTest.checkSavingNewVoucherInPDPVATOnFutureDateWithCurrencyAEDAndDepartmentINDIA]]>
    </line>
    <line>
      <![CDATA[Test Method resides in com.focus.testcases.PDCTest]]>
    </line>
    <line>
      <![CDATA[Test Status: Pass]]>
    </line>
    <line>
      <![CDATA[About to begin executing following method : BaseEngine.afterMethodExecution]]>
    </line>
    <line>
      <![CDATA[Completed executing following method : BaseEngine.afterMethodExecution]]>
    </line>
    <line>
      <![CDATA[About to begin executing following method : BaseEngine.beforeMethodExecution]]>
    </line>
    <line>
      <![CDATA[Completed executing following method : BaseEngine.beforeMethodExecution]]>
    </line>
    <line>
      <![CDATA[About to begin executing following method : PDCTest.checkSavedVoucherInPDPVAT]]>
    </line>
    <line>
      <![CDATA[Completed executing following method : PDCTest.checkSavedVoucherInPDPVAT]]>
    </line>
    <line>
      <![CDATA[Test Method resides in com.focus.testcases.PDCTest]]>
    </line>
    <line>
      <![CDATA[Test Status: Pass]]>
    </line>
    <line>
      <![CDATA[About to begin executing following method : BaseEngine.afterMethodExecution]]>
    </line>
    <line>
      <![CDATA[Completed executing following method : BaseEngine.afterMethodExecution]]>
    </line>
    <line>
      <![CDATA[About to begin executing following method : BaseEngine.beforeMethodExecution]]>
    </line>
    <line>
      <![CDATA[Completed executing following method : BaseEngine.beforeMethodExecution]]>
    </line>
    <line>
      <![CDATA[About to begin executing following method : PDCTest.checkEditingVoucherAndSavingInPDPVAT]]>
    </line>
    <line>
      <![CDATA[Completed executing following method : PDCTest.checkEditingVoucherAndSavingInPDPVAT]]>
    </line>
    <line>
      <![CDATA[Test Method resides in com.focus.testcases.PDCTest]]>
    </line>
    <line>
      <![CDATA[Test Status: Pass]]>
    </line>
    <line>
      <![CDATA[About to begin executing following method : BaseEngine.afterMethodExecution]]>
    </line>
    <line>
      <![CDATA[Completed executing following method : BaseEngine.afterMethodExecution]]>
    </line>
    <line>
      <![CDATA[About to begin executing following method : BaseEngine.beforeMethodExecution]]>
    </line>
    <line>
      <![CDATA[Completed executing following method : BaseEngine.beforeMethodExecution]]>
    </line>
    <line>
      <![CDATA[About to begin executing following method : PDCTest.checkDeleteOptionInPDPVAT]]>
    </line>
    <line>
      <![CDATA[Completed executing following method : PDCTest.checkDeleteOptionInPDPVAT]]>
    </line>
    <line>
      <![CDATA[Test Method resides in com.focus.testcases.PDCTest]]>
    </line>
    <line>
      <![CDATA[Test Status: Pass]]>
    </line>
    <line>
      <![CDATA[About to begin executing following method : BaseEngine.afterMethodExecution]]>
    </line>
    <line>
      <![CDATA[Completed executing following method : BaseEngine.afterMethodExecution]]>
    </line>
    <line>
      <![CDATA[About to begin executing following method : BaseEngine.beforeMethodExecution]]>
    </line>
    <line>
      <![CDATA[Completed executing following method : BaseEngine.beforeMethodExecution]]>
    </line>
    <line>
      <![CDATA[About to begin executing following method : PDCTest.CheckSavedVoucherInPDPVATInCovertedPDCScreen]]>
    </line>
    <line>
      <![CDATA[Completed executing following method : PDCTest.CheckSavedVoucherInPDPVATInCovertedPDCScreen]]>
    </line>
    <line>
      <![CDATA[Test Method resides in com.focus.testcases.PDCTest]]>
    </line>
    <line>
      <![CDATA[Test Status: Failed]]>
    </line>
    <line>
      <![CDATA[About to begin executing following method : BaseEngine.afterMethodExecution]]>
    </line>
    <line>
      <![CDATA[Completed executing following method : BaseEngine.afterMethodExecution]]>
    </line>
    <line>
      <![CDATA[About to begin executing following method : BaseEngine.beforeMethodExecution]]>
    </line>
    <line>
      <![CDATA[Completed executing following method : BaseEngine.beforeMethodExecution]]>
    </line>
    <line>
      <![CDATA[About to begin executing following method : PDCTest.checkConvertingVouchersPDPInPDCVoucherScreenWithOutPostOnDate]]>
    </line>
    <line>
      <![CDATA[Completed executing following method : PDCTest.checkConvertingVouchersPDPInPDCVoucherScreenWithOutPostOnDate]]>
    </line>
    <line>
      <![CDATA[Test Method resides in com.focus.testcases.PDCTest]]>
    </line>
    <line>
      <![CDATA[Test Status: Failed]]>
    </line>
    <line>
      <![CDATA[About to begin executing following method : BaseEngine.afterMethodExecution]]>
    </line>
    <line>
      <![CDATA[Completed executing following method : BaseEngine.afterMethodExecution]]>
    </line>
    <line>
      <![CDATA[About to begin executing following method : BaseEngine.beforeMethodExecution]]>
    </line>
    <line>
      <![CDATA[Completed executing following method : BaseEngine.beforeMethodExecution]]>
    </line>
    <line>
      <![CDATA[About to begin executing following method : PDCTest.checkAddExtraFieldPDCInHeaderFieldOFPayments]]>
    </line>
    <line>
      <![CDATA[Completed executing following method : PDCTest.checkAddExtraFieldPDCInHeaderFieldOFPayments]]>
    </line>
    <line>
      <![CDATA[Test Method resides in com.focus.testcases.PDCTest]]>
    </line>
    <line>
      <![CDATA[Test Status: Pass]]>
    </line>
    <line>
      <![CDATA[About to begin executing following method : BaseEngine.afterMethodExecution]]>
    </line>
    <line>
      <![CDATA[Completed executing following method : BaseEngine.afterMethodExecution]]>
    </line>
    <line>
      <![CDATA[About to begin executing following method : BaseEngine.beforeMethodExecution]]>
    </line>
    <line>
      <![CDATA[Completed executing following method : BaseEngine.beforeMethodExecution]]>
    </line>
    <line>
      <![CDATA[About to begin executing following method : PDCTest.checkConvertingPDPVoucherInPDCScreenAfterExtraField]]>
    </line>
    <line>
      <![CDATA[Completed executing following method : PDCTest.checkConvertingPDPVoucherInPDCScreenAfterExtraField]]>
    </line>
    <line>
      <![CDATA[Test Method resides in com.focus.testcases.PDCTest]]>
    </line>
    <line>
      <![CDATA[Test Status: Pass]]>
    </line>
    <line>
      <![CDATA[About to begin executing following method : BaseEngine.afterMethodExecution]]>
    </line>
    <line>
      <![CDATA[Completed executing following method : BaseEngine.afterMethodExecution]]>
    </line>
    <line>
      <![CDATA[About to begin executing following method : BaseEngine.beforeMethodExecution]]>
    </line>
    <line>
      <![CDATA[Completed executing following method : BaseEngine.beforeMethodExecution]]>
    </line>
    <line>
      <![CDATA[About to begin executing following method : PDCTest.checkConvertedPDCVoucherInPayments]]>
    </line>
    <line>
      <![CDATA[Completed executing following method : PDCTest.checkConvertedPDCVoucherInPayments]]>
    </line>
    <line>
      <![CDATA[Test Method resides in com.focus.testcases.PDCTest]]>
    </line>
    <line>
      <![CDATA[Test Status: Failed]]>
    </line>
    <line>
      <![CDATA[About to begin executing following method : BaseEngine.afterMethodExecution]]>
    </line>
    <line>
      <![CDATA[Completed executing following method : BaseEngine.afterMethodExecution]]>
    </line>
    <line>
      <![CDATA[About to begin executing following method : BaseEngine.beforeMethodExecution]]>
    </line>
    <line>
      <![CDATA[Completed executing following method : BaseEngine.beforeMethodExecution]]>
    </line>
    <line>
      <![CDATA[About to begin executing following method : PDCTest.checkUpdateinPDCUnderSettingMenuForEnableReversePostingInPayments]]>
    </line>
    <line>
      <![CDATA[Completed executing following method : PDCTest.checkUpdateinPDCUnderSettingMenuForEnableReversePostingInPayments]]>
    </line>
    <line>
      <![CDATA[Test Method resides in com.focus.testcases.PDCTest]]>
    </line>
    <line>
      <![CDATA[Test Status: Failed]]>
    </line>
    <line>
      <![CDATA[About to begin executing following method : BaseEngine.afterMethodExecution]]>
    </line>
    <line>
      <![CDATA[Completed executing following method : BaseEngine.afterMethodExecution]]>
    </line>
    <line>
      <![CDATA[About to begin executing following method : BaseEngine.beforeMethodExecution]]>
    </line>
    <line>
      <![CDATA[Completed executing following method : BaseEngine.beforeMethodExecution]]>
    </line>
    <line>
      <![CDATA[About to begin executing following method : PDCTest.checkSavingVoucherInPDPVATWithVendorB]]>
    </line>
    <line>
      <![CDATA[Completed executing following method : PDCTest.checkSavingVoucherInPDPVATWithVendorB]]>
    </line>
    <line>
      <![CDATA[Test Method resides in com.focus.testcases.PDCTest]]>
    </line>
    <line>
      <![CDATA[Test Status: Pass]]>
    </line>
    <line>
      <![CDATA[About to begin executing following method : BaseEngine.afterMethodExecution]]>
    </line>
    <line>
      <![CDATA[Completed executing following method : BaseEngine.afterMethodExecution]]>
    </line>
    <line>
      <![CDATA[About to begin executing following method : BaseEngine.beforeMethodExecution]]>
    </line>
    <line>
      <![CDATA[Completed executing following method : BaseEngine.beforeMethodExecution]]>
    </line>
    <line>
      <![CDATA[About to begin executing following method : PDCTest.checkCovertingPDPVoucherInPDCWithReversePosting]]>
    </line>
    <line>
      <![CDATA[Completed executing following method : PDCTest.checkCovertingPDPVoucherInPDCWithReversePosting]]>
    </line>
    <line>
      <![CDATA[Test Method resides in com.focus.testcases.PDCTest]]>
    </line>
    <line>
      <![CDATA[Test Status: Pass]]>
    </line>
    <line>
      <![CDATA[About to begin executing following method : BaseEngine.afterMethodExecution]]>
    </line>
    <line>
      <![CDATA[Completed executing following method : BaseEngine.afterMethodExecution]]>
    </line>
    <line>
      <![CDATA[About to begin executing following method : BaseEngine.beforeMethodExecution]]>
    </line>
    <line>
      <![CDATA[Completed executing following method : BaseEngine.beforeMethodExecution]]>
    </line>
    <line>
      <![CDATA[About to begin executing following method : PDCTest.checkSavedCovertedVoucherInPaymentsAfterReversePosting]]>
    </line>
    <line>
      <![CDATA[Completed executing following method : PDCTest.checkSavedCovertedVoucherInPaymentsAfterReversePosting]]>
    </line>
    <line>
      <![CDATA[Test Method resides in com.focus.testcases.PDCTest]]>
    </line>
    <line>
      <![CDATA[Test Status: Pass]]>
    </line>
    <line>
      <![CDATA[About to begin executing following method : BaseEngine.afterMethodExecution]]>
    </line>
    <line>
      <![CDATA[Completed executing following method : BaseEngine.afterMethodExecution]]>
    </line>
    <line>
      <![CDATA[About to begin executing following method : BaseEngine.generateReports]]>
    </line>
    <line>
      <![CDATA[Completed executing following method : BaseEngine.generateReports]]>
    </line>
    <line>
      <![CDATA[Completed executing test Test]]>
    </line>
    <line>
      <![CDATA[About to begin executing following method : BaseEngine.closeBrowser]]>
    </line>
    <line>
      <![CDATA[Completed executing following method : BaseEngine.closeBrowser]]>
    </line>
  </reporter-output>
  <suite name="Suite" duration-ms="671255" started-at="2023-01-03T08:18:05Z" finished-at="2023-01-03T08:29:16Z">
    <groups>
    </groups>
    <test name="Test" duration-ms="671255" started-at="2023-01-03T08:18:05Z" finished-at="2023-01-03T08:29:16Z">
      <class name="com.focus.testcases.LoginPageTest">
        <test-method status="PASS" signature="checkLoginPageAvailablityOfFields()[pri:3, instance:com.focus.testcases.LoginPageTest@23e028a9]" name="checkLoginPageAvailablityOfFields" duration-ms="786" started-at="2023-01-03T13:48:16Z" finished-at="2023-01-03T13:48:17Z">
          <reporter-output>
            <line>
              <![CDATA[Completed executing following method : LoginPageTest.checkLoginPageAvailablityOfFields]]>
            </line>
            <line>
              <![CDATA[Test Method resides in com.focus.testcases.LoginPageTest]]>
            </line>
            <line>
              <![CDATA[Test Status: Pass]]>
            </line>
            <line>
              <![CDATA[About to begin executing following method : BaseEngine.afterMethodExecution]]>
            </line>
          </reporter-output>
        </test-method> <!-- checkLoginPageAvailablityOfFields -->
        <test-method status="PASS" signature="beforeMethodExecution(java.lang.reflect.Method)[pri:0, instance:com.focus.testcases.LoginPageTest@23e028a9]" name="beforeMethodExecution" is-config="true" duration-ms="0" started-at="2023-01-03T13:48:16Z" finished-at="2023-01-03T13:48:16Z">
          <params>
            <param index="0">
              <value>
                <![CDATA[public void com.focus.testcases.LoginPageTest.checkLoginPageAvailablityOfFields() throws org.apache.poi.EncryptedDocumentException,org.apache.poi.openxml4j.exceptions.InvalidFormatException,java.io.IOException,java.lang.InterruptedException]]>
              </value>
            </param>
          </params>
          <reporter-output>
            <line>
              <![CDATA[Completed executing following method : BaseEngine.beforeMethodExecution]]>
            </line>
          </reporter-output>
        </test-method> <!-- beforeMethodExecution -->
        <test-method status="PASS" signature="checkCompanyTextDisplayInCompanyListDropdown()[pri:4, instance:com.focus.testcases.LoginPageTest@23e028a9]" name="checkCompanyTextDisplayInCompanyListDropdown" duration-ms="50" started-at="2023-01-03T13:48:17Z" finished-at="2023-01-03T13:48:17Z">
          <reporter-output>
            <line>
              <![CDATA[Completed executing following method : LoginPageTest.checkCompanyTextDisplayInCompanyListDropdown]]>
            </line>
            <line>
              <![CDATA[Test Method resides in com.focus.testcases.LoginPageTest]]>
            </line>
            <line>
              <![CDATA[Test Status: Pass]]>
            </line>
            <line>
              <![CDATA[About to begin executing following method : BaseEngine.afterMethodExecution]]>
            </line>
          </reporter-output>
        </test-method> <!-- checkCompanyTextDisplayInCompanyListDropdown -->
        <test-method status="PASS" signature="beforeMethodExecution(java.lang.reflect.Method)[pri:0, instance:com.focus.testcases.LoginPageTest@23e028a9]" name="beforeMethodExecution" is-config="true" duration-ms="0" started-at="2023-01-03T13:48:17Z" finished-at="2023-01-03T13:48:17Z">
          <params>
            <param index="0">
              <value>
                <![CDATA[public void com.focus.testcases.LoginPageTest.checkCompanyTextDisplayInCompanyListDropdown() throws org.apache.poi.EncryptedDocumentException,org.apache.poi.openxml4j.exceptions.InvalidFormatException,java.io.IOException,java.lang.InterruptedException]]>
              </value>
            </param>
          </params>
          <reporter-output>
            <line>
              <![CDATA[Completed executing following method : BaseEngine.beforeMethodExecution]]>
            </line>
          </reporter-output>
        </test-method> <!-- beforeMethodExecution -->
        <test-method status="PASS" signature="afterMethodExecution(org.testng.ITestResult)[pri:0, instance:com.focus.testcases.LoginPageTest@23e028a9]" name="afterMethodExecution" is-config="true" duration-ms="0" started-at="2023-01-03T13:48:17Z" finished-at="2023-01-03T13:48:17Z">
          <params>
            <param index="0">
              <value>
                <![CDATA[[TestResult name=checkLoginPageAvailablityOfFields status=SUCCESS method=LoginPageTest.checkLoginPageAvailablityOfFields()[pri:3, instance:com.focus.testcases.LoginPageTest@23e028a9] output=Completed executing following method : LoginPageTest.checkLoginPageAvailablityOfFields]]]>
              </value>
            </param>
          </params>
          <reporter-output>
            <line>
              <![CDATA[Completed executing following method : BaseEngine.afterMethodExecution]]>
            </line>
          </reporter-output>
        </test-method> <!-- afterMethodExecution -->
        <test-method status="PASS" signature="afterMethodExecution(org.testng.ITestResult)[pri:0, instance:com.focus.testcases.LoginPageTest@23e028a9]" name="afterMethodExecution" is-config="true" duration-ms="1" started-at="2023-01-03T13:48:17Z" finished-at="2023-01-03T13:48:17Z">
          <params>
            <param index="0">
              <value>
                <![CDATA[[TestResult name=checkCompanyTextDisplayInCompanyListDropdown status=SUCCESS method=LoginPageTest.checkCompanyTextDisplayInCompanyListDropdown()[pri:4, instance:com.focus.testcases.LoginPageTest@23e028a9] output=Completed executing following method : LoginPageTest.checkCompanyTextDisplayInCompanyListDropdown]]]>
              </value>
            </param>
          </params>
          <reporter-output>
            <line>
              <![CDATA[Completed executing following method : BaseEngine.afterMethodExecution]]>
            </line>
          </reporter-output>
        </test-method> <!-- afterMethodExecution -->
        <test-method status="PASS" signature="beforeMethodExecution(java.lang.reflect.Method)[pri:0, instance:com.focus.testcases.LoginPageTest@23e028a9]" name="beforeMethodExecution" is-config="true" duration-ms="0" started-at="2023-01-03T13:48:17Z" finished-at="2023-01-03T13:48:17Z">
          <params>
            <param index="0">
              <value>
                <![CDATA[public void com.focus.testcases.LoginPageTest.checkSignInBtnWithValidUserNameAndValidPassword() throws org.apache.poi.EncryptedDocumentException,org.apache.poi.openxml4j.exceptions.InvalidFormatException,java.io.IOException,java.lang.InterruptedException]]>
              </value>
            </param>
          </params>
          <reporter-output>
            <line>
              <![CDATA[Completed executing following method : BaseEngine.beforeMethodExecution]]>
            </line>
          </reporter-output>
        </test-method> <!-- beforeMethodExecution -->
        <test-method status="PASS" signature="checkSignInBtnWithValidUserNameAndValidPassword()[pri:5, instance:com.focus.testcases.LoginPageTest@23e028a9]" name="checkSignInBtnWithValidUserNameAndValidPassword" duration-ms="10381" started-at="2023-01-03T13:48:17Z" finished-at="2023-01-03T13:48:27Z">
          <reporter-output>
            <line>
              <![CDATA[Completed executing following method : LoginPageTest.checkSignInBtnWithValidUserNameAndValidPassword]]>
            </line>
            <line>
              <![CDATA[Test Method resides in com.focus.testcases.LoginPageTest]]>
            </line>
            <line>
              <![CDATA[Test Status: Pass]]>
            </line>
            <line>
              <![CDATA[About to begin executing following method : BaseEngine.afterMethodExecution]]>
            </line>
          </reporter-output>
        </test-method> <!-- checkSignInBtnWithValidUserNameAndValidPassword -->
        <test-method status="PASS" signature="afterMethodExecution(org.testng.ITestResult)[pri:0, instance:com.focus.testcases.LoginPageTest@23e028a9]" name="afterMethodExecution" is-config="true" duration-ms="1" started-at="2023-01-03T13:48:27Z" finished-at="2023-01-03T13:48:27Z">
          <params>
            <param index="0">
              <value>
                <![CDATA[[TestResult name=checkSignInBtnWithValidUserNameAndValidPassword status=SUCCESS method=LoginPageTest.checkSignInBtnWithValidUserNameAndValidPassword()[pri:5, instance:com.focus.testcases.LoginPageTest@23e028a9] output=Completed executing following method : LoginPageTest.checkSignInBtnWithValidUserNameAndValidPassword]]]>
              </value>
            </param>
          </params>
          <reporter-output>
            <line>
              <![CDATA[Completed executing following method : BaseEngine.afterMethodExecution]]>
            </line>
          </reporter-output>
        </test-method> <!-- afterMethodExecution -->
      </class> <!-- com.focus.testcases.LoginPageTest -->
      <class name="com.focus.testcases.PDCTest">
        <test-method status="PASS" signature="beforeMethodExecution(java.lang.reflect.Method)[pri:0, instance:com.focus.testcases.PDCTest@3dd4520b]" name="beforeMethodExecution" is-config="true" duration-ms="1" started-at="2023-01-03T13:48:27Z" finished-at="2023-01-03T13:48:27Z">
          <params>
            <param index="0">
              <value>
                <![CDATA[public void com.focus.testcases.PDCTest.checkPDCOptionsUnderSettings() throws org.apache.poi.EncryptedDocumentException,org.apache.poi.openxml4j.exceptions.InvalidFormatException,java.io.IOException,java.lang.InterruptedException]]>
              </value>
            </param>
          </params>
          <reporter-output>
            <line>
              <![CDATA[Completed executing following method : BaseEngine.beforeMethodExecution]]>
            </line>
          </reporter-output>
        </test-method> <!-- beforeMethodExecution -->
        <test-method status="PASS" signature="checkPDCOptionsUnderSettings()[pri:700398, instance:com.focus.testcases.PDCTest@3dd4520b]" name="checkPDCOptionsUnderSettings" duration-ms="15629" started-at="2023-01-03T13:48:27Z" finished-at="2023-01-03T13:48:43Z">
          <reporter-output>
            <line>
              <![CDATA[Completed executing following method : PDCTest.checkPDCOptionsUnderSettings]]>
            </line>
            <line>
              <![CDATA[Test Method resides in com.focus.testcases.PDCTest]]>
            </line>
            <line>
              <![CDATA[Test Status: Pass]]>
            </line>
            <line>
              <![CDATA[About to begin executing following method : BaseEngine.afterMethodExecution]]>
            </line>
          </reporter-output>
        </test-method> <!-- checkPDCOptionsUnderSettings -->
        <test-method status="PASS" signature="afterMethodExecution(org.testng.ITestResult)[pri:0, instance:com.focus.testcases.PDCTest@3dd4520b]" name="afterMethodExecution" is-config="true" duration-ms="0" started-at="2023-01-03T13:48:43Z" finished-at="2023-01-03T13:48:43Z">
          <params>
            <param index="0">
              <value>
                <![CDATA[[TestResult name=checkPDCOptionsUnderSettings status=SUCCESS method=PDCTest.checkPDCOptionsUnderSettings()[pri:700398, instance:com.focus.testcases.PDCTest@3dd4520b] output=Completed executing following method : PDCTest.checkPDCOptionsUnderSettings]]]>
              </value>
            </param>
          </params>
          <reporter-output>
            <line>
              <![CDATA[Completed executing following method : BaseEngine.afterMethodExecution]]>
            </line>
          </reporter-output>
        </test-method> <!-- afterMethodExecution -->
        <test-method status="PASS" signature="beforeMethodExecution(java.lang.reflect.Method)[pri:0, instance:com.focus.testcases.PDCTest@3dd4520b]" name="beforeMethodExecution" is-config="true" duration-ms="1" started-at="2023-01-03T13:48:43Z" finished-at="2023-01-03T13:48:43Z">
          <params>
            <param index="0">
              <value>
                <![CDATA[public void com.focus.testcases.PDCTest.checkConvertedMaturePDCScreenWithNoPDCExists() throws org.apache.poi.EncryptedDocumentException,org.apache.poi.openxml4j.exceptions.InvalidFormatException,java.io.IOException,java.lang.InterruptedException]]>
              </value>
            </param>
          </params>
          <reporter-output>
            <line>
              <![CDATA[Completed executing following method : BaseEngine.beforeMethodExecution]]>
            </line>
          </reporter-output>
        </test-method> <!-- beforeMethodExecution -->
        <test-method status="PASS" signature="checkConvertedMaturePDCScreenWithNoPDCExists()[pri:700399, instance:com.focus.testcases.PDCTest@3dd4520b]" name="checkConvertedMaturePDCScreenWithNoPDCExists" duration-ms="13937" started-at="2023-01-03T13:48:43Z" finished-at="2023-01-03T13:48:57Z">
          <reporter-output>
            <line>
              <![CDATA[Completed executing following method : PDCTest.checkConvertedMaturePDCScreenWithNoPDCExists]]>
            </line>
            <line>
              <![CDATA[Test Method resides in com.focus.testcases.PDCTest]]>
            </line>
            <line>
              <![CDATA[Test Status: Pass]]>
            </line>
            <line>
              <![CDATA[About to begin executing following method : BaseEngine.afterMethodExecution]]>
            </line>
          </reporter-output>
        </test-method> <!-- checkConvertedMaturePDCScreenWithNoPDCExists -->
        <test-method status="PASS" signature="afterMethodExecution(org.testng.ITestResult)[pri:0, instance:com.focus.testcases.PDCTest@3dd4520b]" name="afterMethodExecution" is-config="true" duration-ms="0" started-at="2023-01-03T13:48:57Z" finished-at="2023-01-03T13:48:57Z">
          <params>
            <param index="0">
              <value>
                <![CDATA[[TestResult name=checkConvertedMaturePDCScreenWithNoPDCExists status=SUCCESS method=PDCTest.checkConvertedMaturePDCScreenWithNoPDCExists()[pri:700399, instance:com.focus.testcases.PDCTest@3dd4520b] output=Completed executing following method : PDCTest.checkConvertedMaturePDCScreenWithNoPDCExists]]]>
              </value>
            </param>
          </params>
          <reporter-output>
            <line>
              <![CDATA[Completed executing following method : BaseEngine.afterMethodExecution]]>
            </line>
          </reporter-output>
        </test-method> <!-- afterMethodExecution -->
        <test-method status="PASS" signature="checkSavingVoucherToPostDatedReceipts()[pri:700404, instance:com.focus.testcases.PDCTest@3dd4520b]" name="checkSavingVoucherToPostDatedReceipts" duration-ms="33123" started-at="2023-01-03T13:48:57Z" finished-at="2023-01-03T13:49:30Z">
          <reporter-output>
            <line>
              <![CDATA[Completed executing following method : PDCTest.checkSavingVoucherToPostDatedReceipts]]>
            </line>
            <line>
              <![CDATA[Test Method resides in com.focus.testcases.PDCTest]]>
            </line>
            <line>
              <![CDATA[Test Status: Pass]]>
            </line>
            <line>
              <![CDATA[About to begin executing following method : BaseEngine.afterMethodExecution]]>
            </line>
          </reporter-output>
        </test-method> <!-- checkSavingVoucherToPostDatedReceipts -->
        <test-method status="PASS" signature="beforeMethodExecution(java.lang.reflect.Method)[pri:0, instance:com.focus.testcases.PDCTest@3dd4520b]" name="beforeMethodExecution" is-config="true" duration-ms="0" started-at="2023-01-03T13:48:57Z" finished-at="2023-01-03T13:48:57Z">
          <params>
            <param index="0">
              <value>
                <![CDATA[public void com.focus.testcases.PDCTest.checkSavingVoucherToPostDatedReceipts() throws org.apache.poi.EncryptedDocumentException,org.apache.poi.openxml4j.exceptions.InvalidFormatException,java.io.IOException,java.lang.InterruptedException]]>
              </value>
            </param>
          </params>
          <reporter-output>
            <line>
              <![CDATA[Completed executing following method : BaseEngine.beforeMethodExecution]]>
            </line>
          </reporter-output>
        </test-method> <!-- beforeMethodExecution -->
        <test-method status="PASS" signature="afterMethodExecution(org.testng.ITestResult)[pri:0, instance:com.focus.testcases.PDCTest@3dd4520b]" name="afterMethodExecution" is-config="true" duration-ms="0" started-at="2023-01-03T13:49:30Z" finished-at="2023-01-03T13:49:30Z">
          <params>
            <param index="0">
              <value>
                <![CDATA[[TestResult name=checkSavingVoucherToPostDatedReceipts status=SUCCESS method=PDCTest.checkSavingVoucherToPostDatedReceipts()[pri:700404, instance:com.focus.testcases.PDCTest@3dd4520b] output=Completed executing following method : PDCTest.checkSavingVoucherToPostDatedReceipts]]]>
              </value>
            </param>
          </params>
          <reporter-output>
            <line>
              <![CDATA[Completed executing following method : BaseEngine.afterMethodExecution]]>
            </line>
          </reporter-output>
        </test-method> <!-- afterMethodExecution -->
        <test-method status="PASS" signature="checkSavedVoucherInPDRVAT()[pri:700414, instance:com.focus.testcases.PDCTest@3dd4520b]" name="checkSavedVoucherInPDRVAT" duration-ms="4674" started-at="2023-01-03T13:49:30Z" finished-at="2023-01-03T13:49:34Z">
          <reporter-output>
            <line>
              <![CDATA[Completed executing following method : PDCTest.checkSavedVoucherInPDRVAT]]>
            </line>
            <line>
              <![CDATA[Test Method resides in com.focus.testcases.PDCTest]]>
            </line>
            <line>
              <![CDATA[Test Status: Pass]]>
            </line>
            <line>
              <![CDATA[About to begin executing following method : BaseEngine.afterMethodExecution]]>
            </line>
          </reporter-output>
        </test-method> <!-- checkSavedVoucherInPDRVAT -->
        <test-method status="PASS" signature="beforeMethodExecution(java.lang.reflect.Method)[pri:0, instance:com.focus.testcases.PDCTest@3dd4520b]" name="beforeMethodExecution" is-config="true" duration-ms="0" started-at="2023-01-03T13:49:30Z" finished-at="2023-01-03T13:49:30Z">
          <params>
            <param index="0">
              <value>
                <![CDATA[public void com.focus.testcases.PDCTest.checkSavedVoucherInPDRVAT() throws org.apache.poi.EncryptedDocumentException,org.apache.poi.openxml4j.exceptions.InvalidFormatException,java.io.IOException,java.lang.InterruptedException]]>
              </value>
            </param>
          </params>
          <reporter-output>
            <line>
              <![CDATA[Completed executing following method : BaseEngine.beforeMethodExecution]]>
            </line>
          </reporter-output>
        </test-method> <!-- beforeMethodExecution -->
        <test-method status="PASS" signature="afterMethodExecution(org.testng.ITestResult)[pri:0, instance:com.focus.testcases.PDCTest@3dd4520b]" name="afterMethodExecution" is-config="true" duration-ms="0" started-at="2023-01-03T13:49:34Z" finished-at="2023-01-03T13:49:34Z">
          <params>
            <param index="0">
              <value>
                <![CDATA[[TestResult name=checkSavedVoucherInPDRVAT status=SUCCESS method=PDCTest.checkSavedVoucherInPDRVAT()[pri:700414, instance:com.focus.testcases.PDCTest@3dd4520b] output=Completed executing following method : PDCTest.checkSavedVoucherInPDRVAT]]]>
              </value>
            </param>
          </params>
          <reporter-output>
            <line>
              <![CDATA[Completed executing following method : BaseEngine.afterMethodExecution]]>
            </line>
          </reporter-output>
        </test-method> <!-- afterMethodExecution -->
        <test-method status="PASS" signature="beforeMethodExecution(java.lang.reflect.Method)[pri:0, instance:com.focus.testcases.PDCTest@3dd4520b]" name="beforeMethodExecution" is-config="true" duration-ms="0" started-at="2023-01-03T13:49:34Z" finished-at="2023-01-03T13:49:34Z">
          <params>
            <param index="0">
              <value>
                <![CDATA[public void com.focus.testcases.PDCTest.checkEditingVoucherAndSavingInPDRVAT() throws org.apache.poi.EncryptedDocumentException,org.apache.poi.openxml4j.exceptions.InvalidFormatException,java.io.IOException,java.lang.InterruptedException]]>
              </value>
            </param>
          </params>
          <reporter-output>
            <line>
              <![CDATA[Completed executing following method : BaseEngine.beforeMethodExecution]]>
            </line>
          </reporter-output>
        </test-method> <!-- beforeMethodExecution -->
        <test-method status="PASS" signature="checkEditingVoucherAndSavingInPDRVAT()[pri:700415, instance:com.focus.testcases.PDCTest@3dd4520b]" name="checkEditingVoucherAndSavingInPDRVAT" duration-ms="15747" started-at="2023-01-03T13:49:34Z" finished-at="2023-01-03T13:49:50Z">
          <reporter-output>
            <line>
              <![CDATA[Completed executing following method : PDCTest.checkEditingVoucherAndSavingInPDRVAT]]>
            </line>
            <line>
              <![CDATA[Test Method resides in com.focus.testcases.PDCTest]]>
            </line>
            <line>
              <![CDATA[Test Status: Pass]]>
            </line>
            <line>
              <![CDATA[About to begin executing following method : BaseEngine.afterMethodExecution]]>
            </line>
          </reporter-output>
        </test-method> <!-- checkEditingVoucherAndSavingInPDRVAT -->
        <test-method status="PASS" signature="afterMethodExecution(org.testng.ITestResult)[pri:0, instance:com.focus.testcases.PDCTest@3dd4520b]" name="afterMethodExecution" is-config="true" duration-ms="0" started-at="2023-01-03T13:49:50Z" finished-at="2023-01-03T13:49:50Z">
          <params>
            <param index="0">
              <value>
                <![CDATA[[TestResult name=checkEditingVoucherAndSavingInPDRVAT status=SUCCESS method=PDCTest.checkEditingVoucherAndSavingInPDRVAT()[pri:700415, instance:com.focus.testcases.PDCTest@3dd4520b] output=Completed executing following method : PDCTest.checkEditingVoucherAndSavingInPDRVAT]]]>
              </value>
            </param>
          </params>
          <reporter-output>
            <line>
              <![CDATA[Completed executing following method : BaseEngine.afterMethodExecution]]>
            </line>
          </reporter-output>
        </test-method> <!-- afterMethodExecution -->
        <test-method status="FAIL" signature="checkSavedVouchersInPDCVoucherScreenWithOutPostOnDate()[pri:700416, instance:com.focus.testcases.PDCTest@3dd4520b]" name="checkSavedVouchersInPDCVoucherScreenWithOutPostOnDate" duration-ms="11076" started-at="2023-01-03T13:49:50Z" finished-at="2023-01-03T13:50:01Z">
          <exception class="java.lang.AssertionError">
            <message>
              <![CDATA[expected [true] but found [false]]]>
            </message>
            <full-stacktrace>
              <![CDATA[java.lang.AssertionError: expected [true] but found [false]
	at org.testng.Assert.fail(Assert.java:94)
	at org.testng.Assert.failNotEquals(Assert.java:513)
	at org.testng.Assert.assertEqualsImpl(Assert.java:135)
	at org.testng.Assert.assertEquals(Assert.java:116)
	at org.testng.Assert.assertEquals(Assert.java:305)
	at org.testng.Assert.assertEquals(Assert.java:315)
	at com.focus.testcases.PDCTest.checkSavedVouchersInPDCVoucherScreenWithOutPostOnDate(PDCTest.java:57)
	at sun.reflect.NativeMethodAccessorImpl.invoke0(Native Method)
	at sun.reflect.NativeMethodAccessorImpl.invoke(Unknown Source)
	at sun.reflect.DelegatingMethodAccessorImpl.invoke(Unknown Source)
	at java.lang.reflect.Method.invoke(Unknown Source)
	at org.testng.internal.MethodInvocationHelper.invokeMethod(MethodInvocationHelper.java:86)
	at org.testng.internal.Invoker.invokeMethod(Invoker.java:643)
	at org.testng.internal.Invoker.invokeTestMethod(Invoker.java:820)
	at org.testng.internal.Invoker.invokeTestMethods(Invoker.java:1128)
	at org.testng.internal.TestMethodWorker.invokeTestMethods(TestMethodWorker.java:129)
	at org.testng.internal.TestMethodWorker.run(TestMethodWorker.java:112)
	at org.testng.TestRunner.privateRun(TestRunner.java:782)
	at org.testng.TestRunner.run(TestRunner.java:632)
	at org.testng.SuiteRunner.runTest(SuiteRunner.java:366)
	at org.testng.SuiteRunner.runSequentially(SuiteRunner.java:361)
	at org.testng.SuiteRunner.privateRun(SuiteRunner.java:319)
	at org.testng.SuiteRunner.run(SuiteRunner.java:268)
	at org.testng.SuiteRunnerWorker.runSuite(SuiteRunnerWorker.java:52)
	at org.testng.SuiteRunnerWorker.run(SuiteRunnerWorker.java:86)
	at org.testng.TestNG.runSuitesSequentially(TestNG.java:1244)
	at org.testng.TestNG.runSuitesLocally(TestNG.java:1169)
	at org.testng.TestNG.run(TestNG.java:1064)
	at org.testng.remote.AbstractRemoteTestNG.run(AbstractRemoteTestNG.java:114)
	at org.testng.remote.RemoteTestNG.initAndRun(RemoteTestNG.java:251)
	at org.testng.remote.RemoteTestNG.main(RemoteTestNG.java:77)
]]>
            </full-stacktrace>
          </exception> <!-- java.lang.AssertionError -->
          <reporter-output>
            <line>
              <![CDATA[Completed executing following method : PDCTest.checkSavedVouchersInPDCVoucherScreenWithOutPostOnDate]]>
            </line>
            <line>
              <![CDATA[Test Method resides in com.focus.testcases.PDCTest]]>
            </line>
            <line>
              <![CDATA[Test Status: Failed]]>
            </line>
            <line>
              <![CDATA[About to begin executing following method : BaseEngine.afterMethodExecution]]>
            </line>
          </reporter-output>
        </test-method> <!-- checkSavedVouchersInPDCVoucherScreenWithOutPostOnDate -->
        <test-method status="PASS" signature="beforeMethodExecution(java.lang.reflect.Method)[pri:0, instance:com.focus.testcases.PDCTest@3dd4520b]" name="beforeMethodExecution" is-config="true" duration-ms="0" started-at="2023-01-03T13:49:50Z" finished-at="2023-01-03T13:49:50Z">
          <params>
            <param index="0">
              <value>
                <![CDATA[public void com.focus.testcases.PDCTest.checkSavedVouchersInPDCVoucherScreenWithOutPostOnDate() throws org.apache.poi.EncryptedDocumentException,org.apache.poi.openxml4j.exceptions.InvalidFormatException,java.io.IOException,java.lang.InterruptedException]]>
              </value>
            </param>
          </params>
          <reporter-output>
            <line>
              <![CDATA[Completed executing following method : BaseEngine.beforeMethodExecution]]>
            </line>
          </reporter-output>
        </test-method> <!-- beforeMethodExecution -->
        <test-method status="PASS" signature="afterMethodExecution(org.testng.ITestResult)[pri:0, instance:com.focus.testcases.PDCTest@3dd4520b]" name="afterMethodExecution" is-config="true" duration-ms="3976" started-at="2023-01-03T13:50:01Z" finished-at="2023-01-03T13:50:05Z">
          <params>
            <param index="0">
              <value>
                <![CDATA[[TestResult name=checkSavedVouchersInPDCVoucherScreenWithOutPostOnDate status=FAILURE method=PDCTest.checkSavedVouchersInPDCVoucherScreenWithOutPostOnDate()[pri:700416, instance:com.focus.testcases.PDCTest@3dd4520b] output=Completed executing following method : PDCTest.checkSavedVouchersInPDCVoucherScreenWithOutPostOnDate]]]>
              </value>
            </param>
          </params>
          <reporter-output>
            <line>
              <![CDATA[Completed executing following method : BaseEngine.afterMethodExecution]]>
            </line>
          </reporter-output>
        </test-method> <!-- afterMethodExecution -->
        <test-method status="PASS" signature="beforeMethodExecution(java.lang.reflect.Method)[pri:0, instance:com.focus.testcases.PDCTest@3dd4520b]" name="beforeMethodExecution" is-config="true" duration-ms="0" started-at="2023-01-03T13:50:05Z" finished-at="2023-01-03T13:50:05Z">
          <params>
            <param index="0">
              <value>
                <![CDATA[public void com.focus.testcases.PDCTest.checkConvertingVouchersInPDCVoucherScreenWithOutPostOnDate() throws org.apache.poi.EncryptedDocumentException,org.apache.poi.openxml4j.exceptions.InvalidFormatException,java.io.IOException,java.lang.InterruptedException]]>
              </value>
            </param>
          </params>
          <reporter-output>
            <line>
              <![CDATA[Completed executing following method : BaseEngine.beforeMethodExecution]]>
            </line>
          </reporter-output>
        </test-method> <!-- beforeMethodExecution -->
        <test-method status="FAIL" signature="checkConvertingVouchersInPDCVoucherScreenWithOutPostOnDate()[pri:700417, instance:com.focus.testcases.PDCTest@3dd4520b]" name="checkConvertingVouchersInPDCVoucherScreenWithOutPostOnDate" duration-ms="6673" started-at="2023-01-03T13:50:05Z" finished-at="2023-01-03T13:50:12Z">
          <exception class="java.lang.AssertionError">
            <message>
              <![CDATA[expected [true] but found [false]]]>
            </message>
            <full-stacktrace>
              <![CDATA[java.lang.AssertionError: expected [true] but found [false]
	at org.testng.Assert.fail(Assert.java:94)
	at org.testng.Assert.failNotEquals(Assert.java:513)
	at org.testng.Assert.assertEqualsImpl(Assert.java:135)
	at org.testng.Assert.assertEquals(Assert.java:116)
	at org.testng.Assert.assertEquals(Assert.java:305)
	at org.testng.Assert.assertEquals(Assert.java:315)
	at com.focus.testcases.PDCTest.checkConvertingVouchersInPDCVoucherScreenWithOutPostOnDate(PDCTest.java:64)
	at sun.reflect.NativeMethodAccessorImpl.invoke0(Native Method)
	at sun.reflect.NativeMethodAccessorImpl.invoke(Unknown Source)
	at sun.reflect.DelegatingMethodAccessorImpl.invoke(Unknown Source)
	at java.lang.reflect.Method.invoke(Unknown Source)
	at org.testng.internal.MethodInvocationHelper.invokeMethod(MethodInvocationHelper.java:86)
	at org.testng.internal.Invoker.invokeMethod(Invoker.java:643)
	at org.testng.internal.Invoker.invokeTestMethod(Invoker.java:820)
	at org.testng.internal.Invoker.invokeTestMethods(Invoker.java:1128)
	at org.testng.internal.TestMethodWorker.invokeTestMethods(TestMethodWorker.java:129)
	at org.testng.internal.TestMethodWorker.run(TestMethodWorker.java:112)
	at org.testng.TestRunner.privateRun(TestRunner.java:782)
	at org.testng.TestRunner.run(TestRunner.java:632)
	at org.testng.SuiteRunner.runTest(SuiteRunner.java:366)
	at org.testng.SuiteRunner.runSequentially(SuiteRunner.java:361)
	at org.testng.SuiteRunner.privateRun(SuiteRunner.java:319)
	at org.testng.SuiteRunner.run(SuiteRunner.java:268)
	at org.testng.SuiteRunnerWorker.runSuite(SuiteRunnerWorker.java:52)
	at org.testng.SuiteRunnerWorker.run(SuiteRunnerWorker.java:86)
	at org.testng.TestNG.runSuitesSequentially(TestNG.java:1244)
	at org.testng.TestNG.runSuitesLocally(TestNG.java:1169)
	at org.testng.TestNG.run(TestNG.java:1064)
	at org.testng.remote.AbstractRemoteTestNG.run(AbstractRemoteTestNG.java:114)
	at org.testng.remote.RemoteTestNG.initAndRun(RemoteTestNG.java:251)
	at org.testng.remote.RemoteTestNG.main(RemoteTestNG.java:77)
]]>
            </full-stacktrace>
          </exception> <!-- java.lang.AssertionError -->
          <reporter-output>
            <line>
              <![CDATA[Completed executing following method : PDCTest.checkConvertingVouchersInPDCVoucherScreenWithOutPostOnDate]]>
            </line>
            <line>
              <![CDATA[Test Method resides in com.focus.testcases.PDCTest]]>
            </line>
            <line>
              <![CDATA[Test Status: Failed]]>
            </line>
            <line>
              <![CDATA[About to begin executing following method : BaseEngine.afterMethodExecution]]>
            </line>
          </reporter-output>
        </test-method> <!-- checkConvertingVouchersInPDCVoucherScreenWithOutPostOnDate -->
        <test-method status="PASS" signature="afterMethodExecution(org.testng.ITestResult)[pri:0, instance:com.focus.testcases.PDCTest@3dd4520b]" name="afterMethodExecution" is-config="true" duration-ms="104" started-at="2023-01-03T13:50:12Z" finished-at="2023-01-03T13:50:12Z">
          <params>
            <param index="0">
              <value>
                <![CDATA[[TestResult name=checkConvertingVouchersInPDCVoucherScreenWithOutPostOnDate status=FAILURE method=PDCTest.checkConvertingVouchersInPDCVoucherScreenWithOutPostOnDate()[pri:700417, instance:com.focus.testcases.PDCTest@3dd4520b] output=Completed executing following method : PDCTest.checkConvertingVouchersInPDCVoucherScreenWithOutPostOnDate]]]>
              </value>
            </param>
          </params>
          <reporter-output>
            <line>
              <![CDATA[Completed executing following method : BaseEngine.afterMethodExecution]]>
            </line>
          </reporter-output>
        </test-method> <!-- afterMethodExecution -->
        <test-method status="PASS" signature="beforeMethodExecution(java.lang.reflect.Method)[pri:0, instance:com.focus.testcases.PDCTest@3dd4520b]" name="beforeMethodExecution" is-config="true" duration-ms="1" started-at="2023-01-03T13:50:12Z" finished-at="2023-01-03T13:50:12Z">
          <params>
            <param index="0">
              <value>
                <![CDATA[public void com.focus.testcases.PDCTest.checkAddExtraFieldPDCInHeaderFieldOFReceipts() throws org.apache.poi.EncryptedDocumentException,org.apache.poi.openxml4j.exceptions.InvalidFormatException,java.io.IOException,java.lang.InterruptedException]]>
              </value>
            </param>
          </params>
          <reporter-output>
            <line>
              <![CDATA[Completed executing following method : BaseEngine.beforeMethodExecution]]>
            </line>
          </reporter-output>
        </test-method> <!-- beforeMethodExecution -->
        <test-method status="PASS" signature="checkAddExtraFieldPDCInHeaderFieldOFReceipts()[pri:700418, instance:com.focus.testcases.PDCTest@3dd4520b]" name="checkAddExtraFieldPDCInHeaderFieldOFReceipts" duration-ms="26319" started-at="2023-01-03T13:50:12Z" finished-at="2023-01-03T13:50:38Z">
          <reporter-output>
            <line>
              <![CDATA[Completed executing following method : PDCTest.checkAddExtraFieldPDCInHeaderFieldOFReceipts]]>
            </line>
            <line>
              <![CDATA[Test Method resides in com.focus.testcases.PDCTest]]>
            </line>
            <line>
              <![CDATA[Test Status: Pass]]>
            </line>
            <line>
              <![CDATA[About to begin executing following method : BaseEngine.afterMethodExecution]]>
            </line>
          </reporter-output>
        </test-method> <!-- checkAddExtraFieldPDCInHeaderFieldOFReceipts -->
        <test-method status="PASS" signature="beforeMethodExecution(java.lang.reflect.Method)[pri:0, instance:com.focus.testcases.PDCTest@3dd4520b]" name="beforeMethodExecution" is-config="true" duration-ms="0" started-at="2023-01-03T13:50:38Z" finished-at="2023-01-03T13:50:38Z">
          <params>
            <param index="0">
              <value>
                <![CDATA[public void com.focus.testcases.PDCTest.checkCovertingVoucherInPDC() throws org.apache.poi.EncryptedDocumentException,org.apache.poi.openxml4j.exceptions.InvalidFormatException,java.io.IOException,java.lang.InterruptedException]]>
              </value>
            </param>
          </params>
          <reporter-output>
            <line>
              <![CDATA[Completed executing following method : BaseEngine.beforeMethodExecution]]>
            </line>
          </reporter-output>
        </test-method> <!-- beforeMethodExecution -->
        <test-method status="PASS" signature="afterMethodExecution(org.testng.ITestResult)[pri:0, instance:com.focus.testcases.PDCTest@3dd4520b]" name="afterMethodExecution" is-config="true" duration-ms="0" started-at="2023-01-03T13:50:38Z" finished-at="2023-01-03T13:50:38Z">
          <params>
            <param index="0">
              <value>
                <![CDATA[[TestResult name=checkAddExtraFieldPDCInHeaderFieldOFReceipts status=SUCCESS method=PDCTest.checkAddExtraFieldPDCInHeaderFieldOFReceipts()[pri:700418, instance:com.focus.testcases.PDCTest@3dd4520b] output=Completed executing following method : PDCTest.checkAddExtraFieldPDCInHeaderFieldOFReceipts]]]>
              </value>
            </param>
          </params>
          <reporter-output>
            <line>
              <![CDATA[Completed executing following method : BaseEngine.afterMethodExecution]]>
            </line>
          </reporter-output>
        </test-method> <!-- afterMethodExecution -->
        <test-method status="PASS" signature="checkCovertingVoucherInPDC()[pri:700419, instance:com.focus.testcases.PDCTest@3dd4520b]" name="checkCovertingVoucherInPDC" duration-ms="10840" started-at="2023-01-03T13:50:38Z" finished-at="2023-01-03T13:50:49Z">
          <reporter-output>
            <line>
              <![CDATA[Completed executing following method : PDCTest.checkCovertingVoucherInPDC]]>
            </line>
            <line>
              <![CDATA[Test Method resides in com.focus.testcases.PDCTest]]>
            </line>
            <line>
              <![CDATA[Test Status: Pass]]>
            </line>
            <line>
              <![CDATA[About to begin executing following method : BaseEngine.afterMethodExecution]]>
            </line>
          </reporter-output>
        </test-method> <!-- checkCovertingVoucherInPDC -->
        <test-method status="PASS" signature="beforeMethodExecution(java.lang.reflect.Method)[pri:0, instance:com.focus.testcases.PDCTest@3dd4520b]" name="beforeMethodExecution" is-config="true" duration-ms="0" started-at="2023-01-03T13:50:49Z" finished-at="2023-01-03T13:50:49Z">
          <params>
            <param index="0">
              <value>
                <![CDATA[public void com.focus.testcases.PDCTest.checkConvertedPDCVoucherInReceipts() throws org.apache.poi.EncryptedDocumentException,org.apache.poi.openxml4j.exceptions.InvalidFormatException,java.io.IOException,java.lang.InterruptedException]]>
              </value>
            </param>
          </params>
          <reporter-output>
            <line>
              <![CDATA[Completed executing following method : BaseEngine.beforeMethodExecution]]>
            </line>
          </reporter-output>
        </test-method> <!-- beforeMethodExecution -->
        <test-method status="FAIL" signature="checkConvertedPDCVoucherInReceipts()[pri:700424, instance:com.focus.testcases.PDCTest@3dd4520b]" name="checkConvertedPDCVoucherInReceipts" duration-ms="45381" started-at="2023-01-03T13:50:49Z" finished-at="2023-01-03T13:51:35Z">
          <exception class="org.openqa.selenium.NoSuchElementException">
            <message>
              <![CDATA[no such element: Unable to locate element: {"method":"xpath","selector":"//input[@id='id_header_67108981']"}
  (Session info: chrome=108.0.5359.125)
For documentation on this error, please visit: http://seleniumhq.org/exceptions/no_such_element.html
Build info: version: '3.12.0', revision: '7c6e0b3', time: '2018-05-08T14:04:26.12Z'
System info: host: 'FOCUS-QA-10', ip: '192.168.4.206', os.name: 'Windows 10', os.arch: 'amd64', os.version: '10.0', java.version: '1.8.0_111'
Driver info: org.openqa.selenium.chrome.ChromeDriver
Capabilities {acceptInsecureCerts: false, browserName: chrome, browserVersion: 108.0.5359.125, chrome: {chromedriverVersion: 108.0.5359.71 (1e0e3868ee06..., userDataDir: C:\Users\Rakesh\AppData\Loc...}, goog:chromeOptions: {debuggerAddress: localhost:61342}, javascriptEnabled: true, networkConnectionEnabled: false, pageLoadStrategy: normal, platform: WINDOWS, platformName: WINDOWS, proxy: Proxy(), setWindowRect: true, strictFileInteractability: false, timeouts: {implicit: 0, pageLoad: 300000, script: 30000}, unhandledPromptBehavior: dismiss and notify, webauthn:extension:credBlob: true, webauthn:extension:largeBlob: true, webauthn:virtualAuthenticators: true}
Session ID: c8506335ae1f41eb975b75faa432a762
*** Element info: {Using=xpath, value=//input[@id='id_header_67108981']}]]>
            </message>
            <full-stacktrace>
              <![CDATA[org.openqa.selenium.NoSuchElementException: no such element: Unable to locate element: {"method":"xpath","selector":"//input[@id='id_header_67108981']"}
  (Session info: chrome=108.0.5359.125)
For documentation on this error, please visit: http://seleniumhq.org/exceptions/no_such_element.html
Build info: version: '3.12.0', revision: '7c6e0b3', time: '2018-05-08T14:04:26.12Z'
System info: host: 'FOCUS-QA-10', ip: '192.168.4.206', os.name: 'Windows 10', os.arch: 'amd64', os.version: '10.0', java.version: '1.8.0_111'
Driver info: org.openqa.selenium.chrome.ChromeDriver
Capabilities {acceptInsecureCerts: false, browserName: chrome, browserVersion: 108.0.5359.125, chrome: {chromedriverVersion: 108.0.5359.71 (1e0e3868ee06..., userDataDir: C:\Users\Rakesh\AppData\Loc...}, goog:chromeOptions: {debuggerAddress: localhost:61342}, javascriptEnabled: true, networkConnectionEnabled: false, pageLoadStrategy: normal, platform: WINDOWS, platformName: WINDOWS, proxy: Proxy(), setWindowRect: true, strictFileInteractability: false, timeouts: {implicit: 0, pageLoad: 300000, script: 30000}, unhandledPromptBehavior: dismiss and notify, webauthn:extension:credBlob: true, webauthn:extension:largeBlob: true, webauthn:virtualAuthenticators: true}
Session ID: c8506335ae1f41eb975b75faa432a762
*** Element info: {Using=xpath, value=//input[@id='id_header_67108981']}
	at sun.reflect.NativeConstructorAccessorImpl.newInstance0(Native Method)
	at sun.reflect.NativeConstructorAccessorImpl.newInstance(Unknown Source)
	at sun.reflect.DelegatingConstructorAccessorImpl.newInstance(Unknown Source)
	at java.lang.reflect.Constructor.newInstance(Unknown Source)
	at org.openqa.selenium.remote.http.W3CHttpResponseCodec.createException(W3CHttpResponseCodec.java:187)
	at org.openqa.selenium.remote.http.W3CHttpResponseCodec.decode(W3CHttpResponseCodec.java:122)
	at org.openqa.selenium.remote.http.W3CHttpResponseCodec.decode(W3CHttpResponseCodec.java:49)
	at org.openqa.selenium.remote.HttpCommandExecutor.execute(HttpCommandExecutor.java:158)
	at org.openqa.selenium.remote.service.DriverCommandExecutor.execute(DriverCommandExecutor.java:83)
	at org.openqa.selenium.remote.RemoteWebDriver.execute(RemoteWebDriver.java:543)
	at org.openqa.selenium.remote.RemoteWebDriver.findElement(RemoteWebDriver.java:317)
	at org.openqa.selenium.remote.RemoteWebDriver.findElementByXPath(RemoteWebDriver.java:419)
	at org.openqa.selenium.By$ByXPath.findElement(By.java:353)
	at org.openqa.selenium.remote.RemoteWebDriver.findElement(RemoteWebDriver.java:309)
	at org.openqa.selenium.support.pagefactory.DefaultElementLocator.findElement(DefaultElementLocator.java:69)
	at org.openqa.selenium.support.pagefactory.internal.LocatingElementHandler.invoke(LocatingElementHandler.java:38)
	at com.sun.proxy.$Proxy12.getAttribute(Unknown Source)
	at com.focus.Pages.PDCPage.checkConvertedPDCVoucherInReceipts(PDCPage.java:938)
	at com.focus.testcases.PDCTest.checkConvertedPDCVoucherInReceipts(PDCTest.java:86)
	at sun.reflect.NativeMethodAccessorImpl.invoke0(Native Method)
	at sun.reflect.NativeMethodAccessorImpl.invoke(Unknown Source)
	at sun.reflect.DelegatingMethodAccessorImpl.invoke(Unknown Source)
	at java.lang.reflect.Method.invoke(Unknown Source)
	at org.testng.internal.MethodInvocationHelper.invokeMethod(MethodInvocationHelper.java:86)
	at org.testng.internal.Invoker.invokeMethod(Invoker.java:643)
	at org.testng.internal.Invoker.invokeTestMethod(Invoker.java:820)
	at org.testng.internal.Invoker.invokeTestMethods(Invoker.java:1128)
	at org.testng.internal.TestMethodWorker.invokeTestMethods(TestMethodWorker.java:129)
	at org.testng.internal.TestMethodWorker.run(TestMethodWorker.java:112)
	at org.testng.TestRunner.privateRun(TestRunner.java:782)
	at org.testng.TestRunner.run(TestRunner.java:632)
	at org.testng.SuiteRunner.runTest(SuiteRunner.java:366)
	at org.testng.SuiteRunner.runSequentially(SuiteRunner.java:361)
	at org.testng.SuiteRunner.privateRun(SuiteRunner.java:319)
	at org.testng.SuiteRunner.run(SuiteRunner.java:268)
	at org.testng.SuiteRunnerWorker.runSuite(SuiteRunnerWorker.java:52)
	at org.testng.SuiteRunnerWorker.run(SuiteRunnerWorker.java:86)
	at org.testng.TestNG.runSuitesSequentially(TestNG.java:1244)
	at org.testng.TestNG.runSuitesLocally(TestNG.java:1169)
	at org.testng.TestNG.run(TestNG.java:1064)
	at org.testng.remote.AbstractRemoteTestNG.run(AbstractRemoteTestNG.java:114)
	at org.testng.remote.RemoteTestNG.initAndRun(RemoteTestNG.java:251)
	at org.testng.remote.RemoteTestNG.main(RemoteTestNG.java:77)
]]>
            </full-stacktrace>
          </exception> <!-- org.openqa.selenium.NoSuchElementException -->
          <reporter-output>
            <line>
              <![CDATA[Completed executing following method : PDCTest.checkConvertedPDCVoucherInReceipts]]>
            </line>
            <line>
              <![CDATA[Test Method resides in com.focus.testcases.PDCTest]]>
            </line>
            <line>
              <![CDATA[Test Status: Failed]]>
            </line>
            <line>
              <![CDATA[About to begin executing following method : BaseEngine.afterMethodExecution]]>
            </line>
          </reporter-output>
        </test-method> <!-- checkConvertedPDCVoucherInReceipts -->
        <test-method status="PASS" signature="afterMethodExecution(org.testng.ITestResult)[pri:0, instance:com.focus.testcases.PDCTest@3dd4520b]" name="afterMethodExecution" is-config="true" duration-ms="0" started-at="2023-01-03T13:50:49Z" finished-at="2023-01-03T13:50:49Z">
          <params>
            <param index="0">
              <value>
                <![CDATA[[TestResult name=checkCovertingVoucherInPDC status=SUCCESS method=PDCTest.checkCovertingVoucherInPDC()[pri:700419, instance:com.focus.testcases.PDCTest@3dd4520b] output=Completed executing following method : PDCTest.checkCovertingVoucherInPDC]]]>
              </value>
            </param>
          </params>
          <reporter-output>
            <line>
              <![CDATA[Completed executing following method : BaseEngine.afterMethodExecution]]>
            </line>
          </reporter-output>
        </test-method> <!-- afterMethodExecution -->
        <test-method status="PASS" signature="afterMethodExecution(org.testng.ITestResult)[pri:0, instance:com.focus.testcases.PDCTest@3dd4520b]" name="afterMethodExecution" is-config="true" duration-ms="130" started-at="2023-01-03T13:51:35Z" finished-at="2023-01-03T13:51:35Z">
          <params>
            <param index="0">
              <value>
                <![CDATA[[TestResult name=checkConvertedPDCVoucherInReceipts status=FAILURE method=PDCTest.checkConvertedPDCVoucherInReceipts()[pri:700424, instance:com.focus.testcases.PDCTest@3dd4520b] output=Completed executing following method : PDCTest.checkConvertedPDCVoucherInReceipts]]]>
              </value>
            </param>
          </params>
          <reporter-output>
            <line>
              <![CDATA[Completed executing following method : BaseEngine.afterMethodExecution]]>
            </line>
          </reporter-output>
        </test-method> <!-- afterMethodExecution -->
        <test-method status="PASS" signature="beforeMethodExecution(java.lang.reflect.Method)[pri:0, instance:com.focus.testcases.PDCTest@3dd4520b]" name="beforeMethodExecution" is-config="true" duration-ms="1" started-at="2023-01-03T13:51:35Z" finished-at="2023-01-03T13:51:35Z">
          <params>
            <param index="0">
              <value>
                <![CDATA[public void com.focus.testcases.PDCTest.checkDeleteOfConvertedVoucherinRecepits() throws org.apache.poi.EncryptedDocumentException,org.apache.poi.openxml4j.exceptions.InvalidFormatException,java.io.IOException,java.lang.InterruptedException]]>
              </value>
            </param>
          </params>
          <reporter-output>
            <line>
              <![CDATA[Completed executing following method : BaseEngine.beforeMethodExecution]]>
            </line>
          </reporter-output>
        </test-method> <!-- beforeMethodExecution -->
        <test-method status="PASS" signature="checkDeleteOfConvertedVoucherinRecepits()[pri:700425, instance:com.focus.testcases.PDCTest@3dd4520b]" name="checkDeleteOfConvertedVoucherinRecepits" duration-ms="4520" started-at="2023-01-03T13:51:35Z" finished-at="2023-01-03T13:51:39Z">
          <reporter-output>
            <line>
              <![CDATA[Completed executing following method : PDCTest.checkDeleteOfConvertedVoucherinRecepits]]>
            </line>
            <line>
              <![CDATA[Test Method resides in com.focus.testcases.PDCTest]]>
            </line>
            <line>
              <![CDATA[Test Status: Pass]]>
            </line>
            <line>
              <![CDATA[About to begin executing following method : BaseEngine.afterMethodExecution]]>
            </line>
          </reporter-output>
        </test-method> <!-- checkDeleteOfConvertedVoucherinRecepits -->
        <test-method status="PASS" signature="afterMethodExecution(org.testng.ITestResult)[pri:0, instance:com.focus.testcases.PDCTest@3dd4520b]" name="afterMethodExecution" is-config="true" duration-ms="1" started-at="2023-01-03T13:51:39Z" finished-at="2023-01-03T13:51:39Z">
          <params>
            <param index="0">
              <value>
                <![CDATA[[TestResult name=checkDeleteOfConvertedVoucherinRecepits status=SUCCESS method=PDCTest.checkDeleteOfConvertedVoucherinRecepits()[pri:700425, instance:com.focus.testcases.PDCTest@3dd4520b] output=Completed executing following method : PDCTest.checkDeleteOfConvertedVoucherinRecepits]]]>
              </value>
            </param>
          </params>
          <reporter-output>
            <line>
              <![CDATA[Completed executing following method : BaseEngine.afterMethodExecution]]>
            </line>
          </reporter-output>
        </test-method> <!-- afterMethodExecution -->
        <test-method status="PASS" signature="beforeMethodExecution(java.lang.reflect.Method)[pri:0, instance:com.focus.testcases.PDCTest@3dd4520b]" name="beforeMethodExecution" is-config="true" duration-ms="0" started-at="2023-01-03T13:51:39Z" finished-at="2023-01-03T13:51:39Z">
          <params>
            <param index="0">
              <value>
                <![CDATA[public void com.focus.testcases.PDCTest.checkClickOnConvertedPDCVouchersAfterDeletionOfConvertedVoucherInRecepits() throws org.apache.poi.EncryptedDocumentException,org.apache.poi.openxml4j.exceptions.InvalidFormatException,java.io.IOException,java.lang.InterruptedException]]>
              </value>
            </param>
          </params>
          <reporter-output>
            <line>
              <![CDATA[Completed executing following method : BaseEngine.beforeMethodExecution]]>
            </line>
          </reporter-output>
        </test-method> <!-- beforeMethodExecution -->
        <test-method status="PASS" signature="checkClickOnConvertedPDCVouchersAfterDeletionOfConvertedVoucherInRecepits()[pri:700426, instance:com.focus.testcases.PDCTest@3dd4520b]" name="checkClickOnConvertedPDCVouchersAfterDeletionOfConvertedVoucherInRecepits" duration-ms="10303" started-at="2023-01-03T13:51:39Z" finished-at="2023-01-03T13:51:50Z">
          <reporter-output>
            <line>
              <![CDATA[Completed executing following method : PDCTest.checkClickOnConvertedPDCVouchersAfterDeletionOfConvertedVoucherInRecepits]]>
            </line>
            <line>
              <![CDATA[Test Method resides in com.focus.testcases.PDCTest]]>
            </line>
            <line>
              <![CDATA[Test Status: Pass]]>
            </line>
            <line>
              <![CDATA[About to begin executing following method : BaseEngine.afterMethodExecution]]>
            </line>
          </reporter-output>
        </test-method> <!-- checkClickOnConvertedPDCVouchersAfterDeletionOfConvertedVoucherInRecepits -->
        <test-method status="PASS" signature="checkUpdateinPDCUnderSettingMenuForEnableReversePostingInRecepits()[pri:700427, instance:com.focus.testcases.PDCTest@3dd4520b]" name="checkUpdateinPDCUnderSettingMenuForEnableReversePostingInRecepits" duration-ms="16226" started-at="2023-01-03T13:51:50Z" finished-at="2023-01-03T13:52:06Z">
          <reporter-output>
            <line>
              <![CDATA[Completed executing following method : PDCTest.checkUpdateinPDCUnderSettingMenuForEnableReversePostingInRecepits]]>
            </line>
            <line>
              <![CDATA[Test Method resides in com.focus.testcases.PDCTest]]>
            </line>
            <line>
              <![CDATA[Test Status: Pass]]>
            </line>
            <line>
              <![CDATA[About to begin executing following method : BaseEngine.afterMethodExecution]]>
            </line>
          </reporter-output>
        </test-method> <!-- checkUpdateinPDCUnderSettingMenuForEnableReversePostingInRecepits -->
        <test-method status="PASS" signature="afterMethodExecution(org.testng.ITestResult)[pri:0, instance:com.focus.testcases.PDCTest@3dd4520b]" name="afterMethodExecution" is-config="true" duration-ms="0" started-at="2023-01-03T13:51:50Z" finished-at="2023-01-03T13:51:50Z">
          <params>
            <param index="0">
              <value>
                <![CDATA[[TestResult name=checkClickOnConvertedPDCVouchersAfterDeletionOfConvertedVoucherInRecepits status=SUCCESS method=PDCTest.checkClickOnConvertedPDCVouchersAfterDeletionOfConvertedVoucherInRecepits()[pri:700426, instance:com.focus.testcases.PDCTest@3dd4520b] output=Completed executing following method : PDCTest.checkClickOnConvertedPDCVouchersAfterDeletionOfConvertedVoucherInRecepits]]]>
              </value>
            </param>
          </params>
          <reporter-output>
            <line>
              <![CDATA[Completed executing following method : BaseEngine.afterMethodExecution]]>
            </line>
          </reporter-output>
        </test-method> <!-- afterMethodExecution -->
        <test-method status="PASS" signature="beforeMethodExecution(java.lang.reflect.Method)[pri:0, instance:com.focus.testcases.PDCTest@3dd4520b]" name="beforeMethodExecution" is-config="true" duration-ms="0" started-at="2023-01-03T13:51:50Z" finished-at="2023-01-03T13:51:50Z">
          <params>
            <param index="0">
              <value>
                <![CDATA[public void com.focus.testcases.PDCTest.checkUpdateinPDCUnderSettingMenuForEnableReversePostingInRecepits() throws org.apache.poi.EncryptedDocumentException,org.apache.poi.openxml4j.exceptions.InvalidFormatException,java.io.IOException,java.lang.InterruptedException]]>
              </value>
            </param>
          </params>
          <reporter-output>
            <line>
              <![CDATA[Completed executing following method : BaseEngine.beforeMethodExecution]]>
            </line>
          </reporter-output>
        </test-method> <!-- beforeMethodExecution -->
        <test-method status="PASS" signature="afterMethodExecution(org.testng.ITestResult)[pri:0, instance:com.focus.testcases.PDCTest@3dd4520b]" name="afterMethodExecution" is-config="true" duration-ms="1" started-at="2023-01-03T13:52:06Z" finished-at="2023-01-03T13:52:06Z">
          <params>
            <param index="0">
              <value>
                <![CDATA[[TestResult name=checkUpdateinPDCUnderSettingMenuForEnableReversePostingInRecepits status=SUCCESS method=PDCTest.checkUpdateinPDCUnderSettingMenuForEnableReversePostingInRecepits()[pri:700427, instance:com.focus.testcases.PDCTest@3dd4520b] output=Completed executing following method : PDCTest.checkUpdateinPDCUnderSettingMenuForEnableReversePostingInRecepits]]]>
              </value>
            </param>
          </params>
          <reporter-output>
            <line>
              <![CDATA[Completed executing following method : BaseEngine.afterMethodExecution]]>
            </line>
          </reporter-output>
        </test-method> <!-- afterMethodExecution -->
        <test-method status="PASS" signature="beforeMethodExecution(java.lang.reflect.Method)[pri:0, instance:com.focus.testcases.PDCTest@3dd4520b]" name="beforeMethodExecution" is-config="true" duration-ms="0" started-at="2023-01-03T13:52:06Z" finished-at="2023-01-03T13:52:06Z">
          <params>
            <param index="0">
              <value>
                <![CDATA[public void com.focus.testcases.PDCTest.checkLogoutAndLoginWithSU() throws org.apache.poi.EncryptedDocumentException,org.apache.poi.openxml4j.exceptions.InvalidFormatException,java.io.IOException,java.lang.InterruptedException]]>
              </value>
            </param>
          </params>
          <reporter-output>
            <line>
              <![CDATA[Completed executing following method : BaseEngine.beforeMethodExecution]]>
            </line>
          </reporter-output>
        </test-method> <!-- beforeMethodExecution -->
        <test-method status="FAIL" signature="checkLogoutAndLoginWithSU()[pri:700428, instance:com.focus.testcases.PDCTest@3dd4520b]" name="checkLogoutAndLoginWithSU" duration-ms="53307" started-at="2023-01-03T13:52:06Z" finished-at="2023-01-03T13:52:59Z">
          <exception class="org.openqa.selenium.NoSuchElementException">
            <message>
              <![CDATA[no such element: Unable to locate element: {"method":"xpath","selector":"//*[@id='ddlCompany']"}
  (Session info: chrome=108.0.5359.125)
For documentation on this error, please visit: http://seleniumhq.org/exceptions/no_such_element.html
Build info: version: '3.12.0', revision: '7c6e0b3', time: '2018-05-08T14:04:26.12Z'
System info: host: 'FOCUS-QA-10', ip: '192.168.4.206', os.name: 'Windows 10', os.arch: 'amd64', os.version: '10.0', java.version: '1.8.0_111'
Driver info: org.openqa.selenium.chrome.ChromeDriver
Capabilities {acceptInsecureCerts: false, browserName: chrome, browserVersion: 108.0.5359.125, chrome: {chromedriverVersion: 108.0.5359.71 (1e0e3868ee06..., userDataDir: C:\Users\Rakesh\AppData\Loc...}, goog:chromeOptions: {debuggerAddress: localhost:61342}, javascriptEnabled: true, networkConnectionEnabled: false, pageLoadStrategy: normal, platform: WINDOWS, platformName: WINDOWS, proxy: Proxy(), setWindowRect: true, strictFileInteractability: false, timeouts: {implicit: 0, pageLoad: 300000, script: 30000}, unhandledPromptBehavior: dismiss and notify, webauthn:extension:credBlob: true, webauthn:extension:largeBlob: true, webauthn:virtualAuthenticators: true}
Session ID: c8506335ae1f41eb975b75faa432a762
*** Element info: {Using=xpath, value=//*[@id='ddlCompany']}]]>
            </message>
            <full-stacktrace>
              <![CDATA[org.openqa.selenium.NoSuchElementException: no such element: Unable to locate element: {"method":"xpath","selector":"//*[@id='ddlCompany']"}
  (Session info: chrome=108.0.5359.125)
For documentation on this error, please visit: http://seleniumhq.org/exceptions/no_such_element.html
Build info: version: '3.12.0', revision: '7c6e0b3', time: '2018-05-08T14:04:26.12Z'
System info: host: 'FOCUS-QA-10', ip: '192.168.4.206', os.name: 'Windows 10', os.arch: 'amd64', os.version: '10.0', java.version: '1.8.0_111'
Driver info: org.openqa.selenium.chrome.ChromeDriver
Capabilities {acceptInsecureCerts: false, browserName: chrome, browserVersion: 108.0.5359.125, chrome: {chromedriverVersion: 108.0.5359.71 (1e0e3868ee06..., userDataDir: C:\Users\Rakesh\AppData\Loc...}, goog:chromeOptions: {debuggerAddress: localhost:61342}, javascriptEnabled: true, networkConnectionEnabled: false, pageLoadStrategy: normal, platform: WINDOWS, platformName: WINDOWS, proxy: Proxy(), setWindowRect: true, strictFileInteractability: false, timeouts: {implicit: 0, pageLoad: 300000, script: 30000}, unhandledPromptBehavior: dismiss and notify, webauthn:extension:credBlob: true, webauthn:extension:largeBlob: true, webauthn:virtualAuthenticators: true}
Session ID: c8506335ae1f41eb975b75faa432a762
*** Element info: {Using=xpath, value=//*[@id='ddlCompany']}
	at sun.reflect.NativeConstructorAccessorImpl.newInstance0(Native Method)
	at sun.reflect.NativeConstructorAccessorImpl.newInstance(Unknown Source)
	at sun.reflect.DelegatingConstructorAccessorImpl.newInstance(Unknown Source)
	at java.lang.reflect.Constructor.newInstance(Unknown Source)
	at org.openqa.selenium.remote.http.W3CHttpResponseCodec.createException(W3CHttpResponseCodec.java:187)
	at org.openqa.selenium.remote.http.W3CHttpResponseCodec.decode(W3CHttpResponseCodec.java:122)
	at org.openqa.selenium.remote.http.W3CHttpResponseCodec.decode(W3CHttpResponseCodec.java:49)
	at org.openqa.selenium.remote.HttpCommandExecutor.execute(HttpCommandExecutor.java:158)
	at org.openqa.selenium.remote.service.DriverCommandExecutor.execute(DriverCommandExecutor.java:83)
	at org.openqa.selenium.remote.RemoteWebDriver.execute(RemoteWebDriver.java:543)
	at org.openqa.selenium.remote.RemoteWebDriver.findElement(RemoteWebDriver.java:317)
	at org.openqa.selenium.remote.RemoteWebDriver.findElementByXPath(RemoteWebDriver.java:419)
	at org.openqa.selenium.By$ByXPath.findElement(By.java:353)
	at org.openqa.selenium.remote.RemoteWebDriver.findElement(RemoteWebDriver.java:309)
	at org.openqa.selenium.support.pagefactory.DefaultElementLocator.findElement(DefaultElementLocator.java:69)
	at org.openqa.selenium.support.pagefactory.internal.LocatingElementHandler.invoke(LocatingElementHandler.java:38)
	at com.sun.proxy.$Proxy12.getTagName(Unknown Source)
	at org.openqa.selenium.support.ui.Select.<init>(Select.java:44)
	at com.focus.Pages.PDCPage.checkLogoutAndLoginWithSU(PDCPage.java:1243)
	at com.focus.testcases.PDCTest.checkLogoutAndLoginWithSU(PDCTest.java:117)
	at sun.reflect.NativeMethodAccessorImpl.invoke0(Native Method)
	at sun.reflect.NativeMethodAccessorImpl.invoke(Unknown Source)
	at sun.reflect.DelegatingMethodAccessorImpl.invoke(Unknown Source)
	at java.lang.reflect.Method.invoke(Unknown Source)
	at org.testng.internal.MethodInvocationHelper.invokeMethod(MethodInvocationHelper.java:86)
	at org.testng.internal.Invoker.invokeMethod(Invoker.java:643)
	at org.testng.internal.Invoker.invokeTestMethod(Invoker.java:820)
	at org.testng.internal.Invoker.invokeTestMethods(Invoker.java:1128)
	at org.testng.internal.TestMethodWorker.invokeTestMethods(TestMethodWorker.java:129)
	at org.testng.internal.TestMethodWorker.run(TestMethodWorker.java:112)
	at org.testng.TestRunner.privateRun(TestRunner.java:782)
	at org.testng.TestRunner.run(TestRunner.java:632)
	at org.testng.SuiteRunner.runTest(SuiteRunner.java:366)
	at org.testng.SuiteRunner.runSequentially(SuiteRunner.java:361)
	at org.testng.SuiteRunner.privateRun(SuiteRunner.java:319)
	at org.testng.SuiteRunner.run(SuiteRunner.java:268)
	at org.testng.SuiteRunnerWorker.runSuite(SuiteRunnerWorker.java:52)
	at org.testng.SuiteRunnerWorker.run(SuiteRunnerWorker.java:86)
	at org.testng.TestNG.runSuitesSequentially(TestNG.java:1244)
	at org.testng.TestNG.runSuitesLocally(TestNG.java:1169)
	at org.testng.TestNG.run(TestNG.java:1064)
	at org.testng.remote.AbstractRemoteTestNG.run(AbstractRemoteTestNG.java:114)
	at org.testng.remote.RemoteTestNG.initAndRun(RemoteTestNG.java:251)
	at org.testng.remote.RemoteTestNG.main(RemoteTestNG.java:77)
]]>
            </full-stacktrace>
          </exception> <!-- org.openqa.selenium.NoSuchElementException -->
          <reporter-output>
            <line>
              <![CDATA[Completed executing following method : PDCTest.checkLogoutAndLoginWithSU]]>
            </line>
            <line>
              <![CDATA[Test Method resides in com.focus.testcases.PDCTest]]>
            </line>
            <line>
              <![CDATA[Test Status: Failed]]>
            </line>
            <line>
              <![CDATA[About to begin executing following method : BaseEngine.afterMethodExecution]]>
            </line>
          </reporter-output>
        </test-method> <!-- checkLogoutAndLoginWithSU -->
        <test-method status="PASS" signature="afterMethodExecution(org.testng.ITestResult)[pri:0, instance:com.focus.testcases.PDCTest@3dd4520b]" name="afterMethodExecution" is-config="true" duration-ms="117" started-at="2023-01-03T13:52:59Z" finished-at="2023-01-03T13:52:59Z">
          <params>
            <param index="0">
              <value>
                <![CDATA[[TestResult name=checkLogoutAndLoginWithSU status=FAILURE method=PDCTest.checkLogoutAndLoginWithSU()[pri:700428, instance:com.focus.testcases.PDCTest@3dd4520b] output=Completed executing following method : PDCTest.checkLogoutAndLoginWithSU]]]>
              </value>
            </param>
          </params>
          <reporter-output>
            <line>
              <![CDATA[Completed executing following method : BaseEngine.afterMethodExecution]]>
            </line>
          </reporter-output>
        </test-method> <!-- afterMethodExecution -->
        <test-method status="FAIL" signature="checkCreationOfNewCashAndBankAccountType()[pri:700429, instance:com.focus.testcases.PDCTest@3dd4520b]" name="checkCreationOfNewCashAndBankAccountType" duration-ms="32067" started-at="2023-01-03T13:52:59Z" finished-at="2023-01-03T13:53:31Z">
          <exception class="java.lang.AssertionError">
            <message>
              <![CDATA[expected [true] but found [false]]]>
            </message>
            <full-stacktrace>
              <![CDATA[java.lang.AssertionError: expected [true] but found [false]
	at org.testng.Assert.fail(Assert.java:94)
	at org.testng.Assert.failNotEquals(Assert.java:513)
	at org.testng.Assert.assertEqualsImpl(Assert.java:135)
	at org.testng.Assert.assertEquals(Assert.java:116)
	at org.testng.Assert.assertEquals(Assert.java:305)
	at org.testng.Assert.assertEquals(Assert.java:315)
	at com.focus.testcases.PDCTest.checkCreationOfNewCashAndBankAccountType(PDCTest.java:126)
	at sun.reflect.NativeMethodAccessorImpl.invoke0(Native Method)
	at sun.reflect.NativeMethodAccessorImpl.invoke(Unknown Source)
	at sun.reflect.DelegatingMethodAccessorImpl.invoke(Unknown Source)
	at java.lang.reflect.Method.invoke(Unknown Source)
	at org.testng.internal.MethodInvocationHelper.invokeMethod(MethodInvocationHelper.java:86)
	at org.testng.internal.Invoker.invokeMethod(Invoker.java:643)
	at org.testng.internal.Invoker.invokeTestMethod(Invoker.java:820)
	at org.testng.internal.Invoker.invokeTestMethods(Invoker.java:1128)
	at org.testng.internal.TestMethodWorker.invokeTestMethods(TestMethodWorker.java:129)
	at org.testng.internal.TestMethodWorker.run(TestMethodWorker.java:112)
	at org.testng.TestRunner.privateRun(TestRunner.java:782)
	at org.testng.TestRunner.run(TestRunner.java:632)
	at org.testng.SuiteRunner.runTest(SuiteRunner.java:366)
	at org.testng.SuiteRunner.runSequentially(SuiteRunner.java:361)
	at org.testng.SuiteRunner.privateRun(SuiteRunner.java:319)
	at org.testng.SuiteRunner.run(SuiteRunner.java:268)
	at org.testng.SuiteRunnerWorker.runSuite(SuiteRunnerWorker.java:52)
	at org.testng.SuiteRunnerWorker.run(SuiteRunnerWorker.java:86)
	at org.testng.TestNG.runSuitesSequentially(TestNG.java:1244)
	at org.testng.TestNG.runSuitesLocally(TestNG.java:1169)
	at org.testng.TestNG.run(TestNG.java:1064)
	at org.testng.remote.AbstractRemoteTestNG.run(AbstractRemoteTestNG.java:114)
	at org.testng.remote.RemoteTestNG.initAndRun(RemoteTestNG.java:251)
	at org.testng.remote.RemoteTestNG.main(RemoteTestNG.java:77)
]]>
            </full-stacktrace>
          </exception> <!-- java.lang.AssertionError -->
          <reporter-output>
            <line>
              <![CDATA[Completed executing following method : PDCTest.checkCreationOfNewCashAndBankAccountType]]>
            </line>
            <line>
              <![CDATA[Test Method resides in com.focus.testcases.PDCTest]]>
            </line>
            <line>
              <![CDATA[Test Status: Failed]]>
            </line>
            <line>
              <![CDATA[About to begin executing following method : BaseEngine.afterMethodExecution]]>
            </line>
          </reporter-output>
        </test-method> <!-- checkCreationOfNewCashAndBankAccountType -->
        <test-method status="PASS" signature="beforeMethodExecution(java.lang.reflect.Method)[pri:0, instance:com.focus.testcases.PDCTest@3dd4520b]" name="beforeMethodExecution" is-config="true" duration-ms="0" started-at="2023-01-03T13:52:59Z" finished-at="2023-01-03T13:52:59Z">
          <params>
            <param index="0">
              <value>
                <![CDATA[public void com.focus.testcases.PDCTest.checkCreationOfNewCashAndBankAccountType() throws org.apache.poi.EncryptedDocumentException,org.apache.poi.openxml4j.exceptions.InvalidFormatException,java.io.IOException,java.lang.InterruptedException]]>
              </value>
            </param>
          </params>
          <reporter-output>
            <line>
              <![CDATA[Completed executing following method : BaseEngine.beforeMethodExecution]]>
            </line>
          </reporter-output>
        </test-method> <!-- beforeMethodExecution -->
        <test-method status="PASS" signature="afterMethodExecution(org.testng.ITestResult)[pri:0, instance:com.focus.testcases.PDCTest@3dd4520b]" name="afterMethodExecution" is-config="true" duration-ms="106" started-at="2023-01-03T13:53:31Z" finished-at="2023-01-03T13:53:31Z">
          <params>
            <param index="0">
              <value>
                <![CDATA[[TestResult name=checkCreationOfNewCashAndBankAccountType status=FAILURE method=PDCTest.checkCreationOfNewCashAndBankAccountType()[pri:700429, instance:com.focus.testcases.PDCTest@3dd4520b] output=Completed executing following method : PDCTest.checkCreationOfNewCashAndBankAccountType]]]>
              </value>
            </param>
          </params>
          <reporter-output>
            <line>
              <![CDATA[Completed executing following method : BaseEngine.afterMethodExecution]]>
            </line>
          </reporter-output>
        </test-method> <!-- afterMethodExecution -->
        <test-method status="FAIL" signature="checkSavingVoucherInPostDatedReceiptsWithCustomerC()[pri:700430, instance:com.focus.testcases.PDCTest@3dd4520b]" name="checkSavingVoucherInPostDatedReceiptsWithCustomerC" duration-ms="18000" started-at="2023-01-03T13:53:31Z" finished-at="2023-01-03T13:53:49Z">
          <exception class="java.lang.AssertionError">
            <message>
              <![CDATA[expected [true] but found [false]]]>
            </message>
            <full-stacktrace>
              <![CDATA[java.lang.AssertionError: expected [true] but found [false]
	at org.testng.Assert.fail(Assert.java:94)
	at org.testng.Assert.failNotEquals(Assert.java:513)
	at org.testng.Assert.assertEqualsImpl(Assert.java:135)
	at org.testng.Assert.assertEquals(Assert.java:116)
	at org.testng.Assert.assertEquals(Assert.java:305)
	at org.testng.Assert.assertEquals(Assert.java:315)
	at com.focus.testcases.PDCTest.checkSavingVoucherInPostDatedReceiptsWithCustomerC(PDCTest.java:134)
	at sun.reflect.NativeMethodAccessorImpl.invoke0(Native Method)
	at sun.reflect.NativeMethodAccessorImpl.invoke(Unknown Source)
	at sun.reflect.DelegatingMethodAccessorImpl.invoke(Unknown Source)
	at java.lang.reflect.Method.invoke(Unknown Source)
	at org.testng.internal.MethodInvocationHelper.invokeMethod(MethodInvocationHelper.java:86)
	at org.testng.internal.Invoker.invokeMethod(Invoker.java:643)
	at org.testng.internal.Invoker.invokeTestMethod(Invoker.java:820)
	at org.testng.internal.Invoker.invokeTestMethods(Invoker.java:1128)
	at org.testng.internal.TestMethodWorker.invokeTestMethods(TestMethodWorker.java:129)
	at org.testng.internal.TestMethodWorker.run(TestMethodWorker.java:112)
	at org.testng.TestRunner.privateRun(TestRunner.java:782)
	at org.testng.TestRunner.run(TestRunner.java:632)
	at org.testng.SuiteRunner.runTest(SuiteRunner.java:366)
	at org.testng.SuiteRunner.runSequentially(SuiteRunner.java:361)
	at org.testng.SuiteRunner.privateRun(SuiteRunner.java:319)
	at org.testng.SuiteRunner.run(SuiteRunner.java:268)
	at org.testng.SuiteRunnerWorker.runSuite(SuiteRunnerWorker.java:52)
	at org.testng.SuiteRunnerWorker.run(SuiteRunnerWorker.java:86)
	at org.testng.TestNG.runSuitesSequentially(TestNG.java:1244)
	at org.testng.TestNG.runSuitesLocally(TestNG.java:1169)
	at org.testng.TestNG.run(TestNG.java:1064)
	at org.testng.remote.AbstractRemoteTestNG.run(AbstractRemoteTestNG.java:114)
	at org.testng.remote.RemoteTestNG.initAndRun(RemoteTestNG.java:251)
	at org.testng.remote.RemoteTestNG.main(RemoteTestNG.java:77)
]]>
            </full-stacktrace>
          </exception> <!-- java.lang.AssertionError -->
          <reporter-output>
            <line>
              <![CDATA[Completed executing following method : PDCTest.checkSavingVoucherInPostDatedReceiptsWithCustomerC]]>
            </line>
            <line>
              <![CDATA[Test Method resides in com.focus.testcases.PDCTest]]>
            </line>
            <line>
              <![CDATA[Test Status: Failed]]>
            </line>
            <line>
              <![CDATA[About to begin executing following method : BaseEngine.afterMethodExecution]]>
            </line>
          </reporter-output>
        </test-method> <!-- checkSavingVoucherInPostDatedReceiptsWithCustomerC -->
        <test-method status="PASS" signature="beforeMethodExecution(java.lang.reflect.Method)[pri:0, instance:com.focus.testcases.PDCTest@3dd4520b]" name="beforeMethodExecution" is-config="true" duration-ms="0" started-at="2023-01-03T13:53:31Z" finished-at="2023-01-03T13:53:31Z">
          <params>
            <param index="0">
              <value>
                <![CDATA[public void com.focus.testcases.PDCTest.checkSavingVoucherInPostDatedReceiptsWithCustomerC() throws org.apache.poi.EncryptedDocumentException,org.apache.poi.openxml4j.exceptions.InvalidFormatException,java.io.IOException,java.lang.InterruptedException]]>
              </value>
            </param>
          </params>
          <reporter-output>
            <line>
              <![CDATA[Completed executing following method : BaseEngine.beforeMethodExecution]]>
            </line>
          </reporter-output>
        </test-method> <!-- beforeMethodExecution -->
        <test-method status="PASS" signature="afterMethodExecution(org.testng.ITestResult)[pri:0, instance:com.focus.testcases.PDCTest@3dd4520b]" name="afterMethodExecution" is-config="true" duration-ms="110" started-at="2023-01-03T13:53:49Z" finished-at="2023-01-03T13:53:49Z">
          <params>
            <param index="0">
              <value>
                <![CDATA[[TestResult name=checkSavingVoucherInPostDatedReceiptsWithCustomerC status=FAILURE method=PDCTest.checkSavingVoucherInPostDatedReceiptsWithCustomerC()[pri:700430, instance:com.focus.testcases.PDCTest@3dd4520b] output=Completed executing following method : PDCTest.checkSavingVoucherInPostDatedReceiptsWithCustomerC]]]>
              </value>
            </param>
          </params>
          <reporter-output>
            <line>
              <![CDATA[Completed executing following method : BaseEngine.afterMethodExecution]]>
            </line>
          </reporter-output>
        </test-method> <!-- afterMethodExecution -->
        <test-method status="PASS" signature="beforeMethodExecution(java.lang.reflect.Method)[pri:0, instance:com.focus.testcases.PDCTest@3dd4520b]" name="beforeMethodExecution" is-config="true" duration-ms="0" started-at="2023-01-03T13:53:49Z" finished-at="2023-01-03T13:53:49Z">
          <params>
            <param index="0">
              <value>
                <![CDATA[public void com.focus.testcases.PDCTest.checkDeleteOptionInPDRVAT() throws org.apache.poi.EncryptedDocumentException,org.apache.poi.openxml4j.exceptions.InvalidFormatException,java.io.IOException,java.lang.InterruptedException]]>
              </value>
            </param>
          </params>
          <reporter-output>
            <line>
              <![CDATA[Completed executing following method : BaseEngine.beforeMethodExecution]]>
            </line>
          </reporter-output>
        </test-method> <!-- beforeMethodExecution -->
        <test-method status="PASS" signature="checkDeleteOptionInPDRVAT()[pri:700431, instance:com.focus.testcases.PDCTest@3dd4520b]" name="checkDeleteOptionInPDRVAT" duration-ms="6426" started-at="2023-01-03T13:53:49Z" finished-at="2023-01-03T13:53:56Z">
          <reporter-output>
            <line>
              <![CDATA[Completed executing following method : PDCTest.checkDeleteOptionInPDRVAT]]>
            </line>
            <line>
              <![CDATA[Test Method resides in com.focus.testcases.PDCTest]]>
            </line>
            <line>
              <![CDATA[Test Status: Pass]]>
            </line>
            <line>
              <![CDATA[About to begin executing following method : BaseEngine.afterMethodExecution]]>
            </line>
          </reporter-output>
        </test-method> <!-- checkDeleteOptionInPDRVAT -->
        <test-method status="PASS" signature="afterMethodExecution(org.testng.ITestResult)[pri:0, instance:com.focus.testcases.PDCTest@3dd4520b]" name="afterMethodExecution" is-config="true" duration-ms="0" started-at="2023-01-03T13:53:56Z" finished-at="2023-01-03T13:53:56Z">
          <params>
            <param index="0">
              <value>
                <![CDATA[[TestResult name=checkDeleteOptionInPDRVAT status=SUCCESS method=PDCTest.checkDeleteOptionInPDRVAT()[pri:700431, instance:com.focus.testcases.PDCTest@3dd4520b] output=Completed executing following method : PDCTest.checkDeleteOptionInPDRVAT]]]>
              </value>
            </param>
          </params>
          <reporter-output>
            <line>
              <![CDATA[Completed executing following method : BaseEngine.afterMethodExecution]]>
            </line>
          </reporter-output>
        </test-method> <!-- afterMethodExecution -->
        <test-method status="PASS" signature="checkCovertingVoucherInPDCWithReversePosting()[pri:700435, instance:com.focus.testcases.PDCTest@3dd4520b]" name="checkCovertingVoucherInPDCWithReversePosting" duration-ms="13325" started-at="2023-01-03T13:53:56Z" finished-at="2023-01-03T13:54:09Z">
          <reporter-output>
            <line>
              <![CDATA[Completed executing following method : PDCTest.checkCovertingVoucherInPDCWithReversePosting]]>
            </line>
            <line>
              <![CDATA[Test Method resides in com.focus.testcases.PDCTest]]>
            </line>
            <line>
              <![CDATA[Test Status: Pass]]>
            </line>
            <line>
              <![CDATA[About to begin executing following method : BaseEngine.afterMethodExecution]]>
            </line>
          </reporter-output>
        </test-method> <!-- checkCovertingVoucherInPDCWithReversePosting -->
        <test-method status="PASS" signature="beforeMethodExecution(java.lang.reflect.Method)[pri:0, instance:com.focus.testcases.PDCTest@3dd4520b]" name="beforeMethodExecution" is-config="true" duration-ms="0" started-at="2023-01-03T13:53:56Z" finished-at="2023-01-03T13:53:56Z">
          <params>
            <param index="0">
              <value>
                <![CDATA[public void com.focus.testcases.PDCTest.checkCovertingVoucherInPDCWithReversePosting() throws org.apache.poi.EncryptedDocumentException,org.apache.poi.openxml4j.exceptions.InvalidFormatException,java.io.IOException,java.lang.InterruptedException]]>
              </value>
            </param>
          </params>
          <reporter-output>
            <line>
              <![CDATA[Completed executing following method : BaseEngine.beforeMethodExecution]]>
            </line>
          </reporter-output>
        </test-method> <!-- beforeMethodExecution -->
        <test-method status="FAIL" signature="checkSavedCovertedVoucherInReceiptsAfterReversePosting()[pri:700436, instance:com.focus.testcases.PDCTest@3dd4520b]" name="checkSavedCovertedVoucherInReceiptsAfterReversePosting" duration-ms="47217" started-at="2023-01-03T13:54:09Z" finished-at="2023-01-03T13:54:56Z">
          <exception class="org.openqa.selenium.NoSuchElementException">
            <message>
              <![CDATA[no such element: Unable to locate element: {"method":"xpath","selector":"//input[@id='id_header_67108981']"}
  (Session info: chrome=108.0.5359.125)
For documentation on this error, please visit: http://seleniumhq.org/exceptions/no_such_element.html
Build info: version: '3.12.0', revision: '7c6e0b3', time: '2018-05-08T14:04:26.12Z'
System info: host: 'FOCUS-QA-10', ip: '192.168.4.206', os.name: 'Windows 10', os.arch: 'amd64', os.version: '10.0', java.version: '1.8.0_111'
Driver info: org.openqa.selenium.chrome.ChromeDriver
Capabilities {acceptInsecureCerts: false, browserName: chrome, browserVersion: 108.0.5359.125, chrome: {chromedriverVersion: 108.0.5359.71 (1e0e3868ee06..., userDataDir: C:\Users\Rakesh\AppData\Loc...}, goog:chromeOptions: {debuggerAddress: localhost:61342}, javascriptEnabled: true, networkConnectionEnabled: false, pageLoadStrategy: normal, platform: WINDOWS, platformName: WINDOWS, proxy: Proxy(), setWindowRect: true, strictFileInteractability: false, timeouts: {implicit: 0, pageLoad: 300000, script: 30000}, unhandledPromptBehavior: dismiss and notify, webauthn:extension:credBlob: true, webauthn:extension:largeBlob: true, webauthn:virtualAuthenticators: true}
Session ID: c8506335ae1f41eb975b75faa432a762
*** Element info: {Using=xpath, value=//input[@id='id_header_67108981']}]]>
            </message>
            <full-stacktrace>
              <![CDATA[org.openqa.selenium.NoSuchElementException: no such element: Unable to locate element: {"method":"xpath","selector":"//input[@id='id_header_67108981']"}
  (Session info: chrome=108.0.5359.125)
For documentation on this error, please visit: http://seleniumhq.org/exceptions/no_such_element.html
Build info: version: '3.12.0', revision: '7c6e0b3', time: '2018-05-08T14:04:26.12Z'
System info: host: 'FOCUS-QA-10', ip: '192.168.4.206', os.name: 'Windows 10', os.arch: 'amd64', os.version: '10.0', java.version: '1.8.0_111'
Driver info: org.openqa.selenium.chrome.ChromeDriver
Capabilities {acceptInsecureCerts: false, browserName: chrome, browserVersion: 108.0.5359.125, chrome: {chromedriverVersion: 108.0.5359.71 (1e0e3868ee06..., userDataDir: C:\Users\Rakesh\AppData\Loc...}, goog:chromeOptions: {debuggerAddress: localhost:61342}, javascriptEnabled: true, networkConnectionEnabled: false, pageLoadStrategy: normal, platform: WINDOWS, platformName: WINDOWS, proxy: Proxy(), setWindowRect: true, strictFileInteractability: false, timeouts: {implicit: 0, pageLoad: 300000, script: 30000}, unhandledPromptBehavior: dismiss and notify, webauthn:extension:credBlob: true, webauthn:extension:largeBlob: true, webauthn:virtualAuthenticators: true}
Session ID: c8506335ae1f41eb975b75faa432a762
*** Element info: {Using=xpath, value=//input[@id='id_header_67108981']}
	at sun.reflect.NativeConstructorAccessorImpl.newInstance0(Native Method)
	at sun.reflect.NativeConstructorAccessorImpl.newInstance(Unknown Source)
	at sun.reflect.DelegatingConstructorAccessorImpl.newInstance(Unknown Source)
	at java.lang.reflect.Constructor.newInstance(Unknown Source)
	at org.openqa.selenium.remote.http.W3CHttpResponseCodec.createException(W3CHttpResponseCodec.java:187)
	at org.openqa.selenium.remote.http.W3CHttpResponseCodec.decode(W3CHttpResponseCodec.java:122)
	at org.openqa.selenium.remote.http.W3CHttpResponseCodec.decode(W3CHttpResponseCodec.java:49)
	at org.openqa.selenium.remote.HttpCommandExecutor.execute(HttpCommandExecutor.java:158)
	at org.openqa.selenium.remote.service.DriverCommandExecutor.execute(DriverCommandExecutor.java:83)
	at org.openqa.selenium.remote.RemoteWebDriver.execute(RemoteWebDriver.java:543)
	at org.openqa.selenium.remote.RemoteWebDriver.findElement(RemoteWebDriver.java:317)
	at org.openqa.selenium.remote.RemoteWebDriver.findElementByXPath(RemoteWebDriver.java:419)
	at org.openqa.selenium.By$ByXPath.findElement(By.java:353)
	at org.openqa.selenium.remote.RemoteWebDriver.findElement(RemoteWebDriver.java:309)
	at org.openqa.selenium.support.pagefactory.DefaultElementLocator.findElement(DefaultElementLocator.java:69)
	at org.openqa.selenium.support.pagefactory.internal.LocatingElementHandler.invoke(LocatingElementHandler.java:38)
	at com.sun.proxy.$Proxy12.getAttribute(Unknown Source)
	at com.focus.Pages.PDCPage.checkSavedCovertedVoucherInReceiptsAfterReversePosting(PDCPage.java:1827)
	at com.focus.testcases.PDCTest.checkSavedCovertedVoucherInReceiptsAfterReversePosting(PDCTest.java:156)
	at sun.reflect.NativeMethodAccessorImpl.invoke0(Native Method)
	at sun.reflect.NativeMethodAccessorImpl.invoke(Unknown Source)
	at sun.reflect.DelegatingMethodAccessorImpl.invoke(Unknown Source)
	at java.lang.reflect.Method.invoke(Unknown Source)
	at org.testng.internal.MethodInvocationHelper.invokeMethod(MethodInvocationHelper.java:86)
	at org.testng.internal.Invoker.invokeMethod(Invoker.java:643)
	at org.testng.internal.Invoker.invokeTestMethod(Invoker.java:820)
	at org.testng.internal.Invoker.invokeTestMethods(Invoker.java:1128)
	at org.testng.internal.TestMethodWorker.invokeTestMethods(TestMethodWorker.java:129)
	at org.testng.internal.TestMethodWorker.run(TestMethodWorker.java:112)
	at org.testng.TestRunner.privateRun(TestRunner.java:782)
	at org.testng.TestRunner.run(TestRunner.java:632)
	at org.testng.SuiteRunner.runTest(SuiteRunner.java:366)
	at org.testng.SuiteRunner.runSequentially(SuiteRunner.java:361)
	at org.testng.SuiteRunner.privateRun(SuiteRunner.java:319)
	at org.testng.SuiteRunner.run(SuiteRunner.java:268)
	at org.testng.SuiteRunnerWorker.runSuite(SuiteRunnerWorker.java:52)
	at org.testng.SuiteRunnerWorker.run(SuiteRunnerWorker.java:86)
	at org.testng.TestNG.runSuitesSequentially(TestNG.java:1244)
	at org.testng.TestNG.runSuitesLocally(TestNG.java:1169)
	at org.testng.TestNG.run(TestNG.java:1064)
	at org.testng.remote.AbstractRemoteTestNG.run(AbstractRemoteTestNG.java:114)
	at org.testng.remote.RemoteTestNG.initAndRun(RemoteTestNG.java:251)
	at org.testng.remote.RemoteTestNG.main(RemoteTestNG.java:77)
]]>
            </full-stacktrace>
          </exception> <!-- org.openqa.selenium.NoSuchElementException -->
          <reporter-output>
            <line>
              <![CDATA[Completed executing following method : PDCTest.checkSavedCovertedVoucherInReceiptsAfterReversePosting]]>
            </line>
            <line>
              <![CDATA[Test Method resides in com.focus.testcases.PDCTest]]>
            </line>
            <line>
              <![CDATA[Test Status: Failed]]>
            </line>
            <line>
              <![CDATA[About to begin executing following method : BaseEngine.afterMethodExecution]]>
            </line>
          </reporter-output>
        </test-method> <!-- checkSavedCovertedVoucherInReceiptsAfterReversePosting -->
        <test-method status="PASS" signature="afterMethodExecution(org.testng.ITestResult)[pri:0, instance:com.focus.testcases.PDCTest@3dd4520b]" name="afterMethodExecution" is-config="true" duration-ms="0" started-at="2023-01-03T13:54:09Z" finished-at="2023-01-03T13:54:09Z">
          <params>
            <param index="0">
              <value>
                <![CDATA[[TestResult name=checkCovertingVoucherInPDCWithReversePosting status=SUCCESS method=PDCTest.checkCovertingVoucherInPDCWithReversePosting()[pri:700435, instance:com.focus.testcases.PDCTest@3dd4520b] output=Completed executing following method : PDCTest.checkCovertingVoucherInPDCWithReversePosting]]]>
              </value>
            </param>
          </params>
          <reporter-output>
            <line>
              <![CDATA[Completed executing following method : BaseEngine.afterMethodExecution]]>
            </line>
          </reporter-output>
        </test-method> <!-- afterMethodExecution -->
        <test-method status="PASS" signature="beforeMethodExecution(java.lang.reflect.Method)[pri:0, instance:com.focus.testcases.PDCTest@3dd4520b]" name="beforeMethodExecution" is-config="true" duration-ms="0" started-at="2023-01-03T13:54:09Z" finished-at="2023-01-03T13:54:09Z">
          <params>
            <param index="0">
              <value>
                <![CDATA[public void com.focus.testcases.PDCTest.checkSavedCovertedVoucherInReceiptsAfterReversePosting() throws org.apache.poi.EncryptedDocumentException,org.apache.poi.openxml4j.exceptions.InvalidFormatException,java.io.IOException,java.lang.InterruptedException]]>
              </value>
            </param>
          </params>
          <reporter-output>
            <line>
              <![CDATA[Completed executing following method : BaseEngine.beforeMethodExecution]]>
            </line>
          </reporter-output>
        </test-method> <!-- beforeMethodExecution -->
        <test-method status="PASS" signature="afterMethodExecution(org.testng.ITestResult)[pri:0, instance:com.focus.testcases.PDCTest@3dd4520b]" name="afterMethodExecution" is-config="true" duration-ms="119" started-at="2023-01-03T13:54:56Z" finished-at="2023-01-03T13:54:57Z">
          <params>
            <param index="0">
              <value>
                <![CDATA[[TestResult name=checkSavedCovertedVoucherInReceiptsAfterReversePosting status=FAILURE method=PDCTest.checkSavedCovertedVoucherInReceiptsAfterReversePosting()[pri:700436, instance:com.focus.testcases.PDCTest@3dd4520b] output=Completed executing following method : PDCTest.checkSavedCovertedVoucherInReceiptsAfterReversePosting]]]>
              </value>
            </param>
          </params>
          <reporter-output>
            <line>
              <![CDATA[Completed executing following method : BaseEngine.afterMethodExecution]]>
            </line>
          </reporter-output>
        </test-method> <!-- afterMethodExecution -->
        <test-method status="PASS" signature="beforeMethodExecution(java.lang.reflect.Method)[pri:0, instance:com.focus.testcases.PDCTest@3dd4520b]" name="beforeMethodExecution" is-config="true" duration-ms="0" started-at="2023-01-03T13:54:57Z" finished-at="2023-01-03T13:54:57Z">
          <params>
            <param index="0">
              <value>
                <![CDATA[public void com.focus.testcases.PDCTest.checkUpdateinPDCUnderSettingMenuForDisableEnableReversePostingInRecepits() throws org.apache.poi.EncryptedDocumentException,org.apache.poi.openxml4j.exceptions.InvalidFormatException,java.io.IOException,java.lang.InterruptedException]]>
              </value>
            </param>
          </params>
          <reporter-output>
            <line>
              <![CDATA[Completed executing following method : BaseEngine.beforeMethodExecution]]>
            </line>
          </reporter-output>
        </test-method> <!-- beforeMethodExecution -->
        <test-method status="PASS" signature="checkUpdateinPDCUnderSettingMenuForDisableEnableReversePostingInRecepits()[pri:700437, instance:com.focus.testcases.PDCTest@3dd4520b]" name="checkUpdateinPDCUnderSettingMenuForDisableEnableReversePostingInRecepits" duration-ms="11359" started-at="2023-01-03T13:54:57Z" finished-at="2023-01-03T13:55:08Z">
          <reporter-output>
            <line>
              <![CDATA[Completed executing following method : PDCTest.checkUpdateinPDCUnderSettingMenuForDisableEnableReversePostingInRecepits]]>
            </line>
            <line>
              <![CDATA[Test Method resides in com.focus.testcases.PDCTest]]>
            </line>
            <line>
              <![CDATA[Test Status: Pass]]>
            </line>
            <line>
              <![CDATA[About to begin executing following method : BaseEngine.afterMethodExecution]]>
            </line>
          </reporter-output>
        </test-method> <!-- checkUpdateinPDCUnderSettingMenuForDisableEnableReversePostingInRecepits -->
        <test-method status="PASS" signature="afterMethodExecution(org.testng.ITestResult)[pri:0, instance:com.focus.testcases.PDCTest@3dd4520b]" name="afterMethodExecution" is-config="true" duration-ms="0" started-at="2023-01-03T13:55:08Z" finished-at="2023-01-03T13:55:08Z">
          <params>
            <param index="0">
              <value>
                <![CDATA[[TestResult name=checkUpdateinPDCUnderSettingMenuForDisableEnableReversePostingInRecepits status=SUCCESS method=PDCTest.checkUpdateinPDCUnderSettingMenuForDisableEnableReversePostingInRecepits()[pri:700437, instance:com.focus.testcases.PDCTest@3dd4520b] output=Completed executing following method : PDCTest.checkUpdateinPDCUnderSettingMenuForDisableEnableReversePostingInRecepits]]]>
              </value>
            </param>
          </params>
          <reporter-output>
            <line>
              <![CDATA[Completed executing following method : BaseEngine.afterMethodExecution]]>
            </line>
          </reporter-output>
        </test-method> <!-- afterMethodExecution -->
        <test-method status="PASS" signature="checkConvertMaturedPDCScreenForPDPVAT()[pri:700500, instance:com.focus.testcases.PDCTest@3dd4520b]" name="checkConvertMaturedPDCScreenForPDPVAT" duration-ms="7198" started-at="2023-01-03T13:55:08Z" finished-at="2023-01-03T13:55:15Z">
          <reporter-output>
            <line>
              <![CDATA[Completed executing following method : PDCTest.checkConvertMaturedPDCScreenForPDPVAT]]>
            </line>
            <line>
              <![CDATA[Test Method resides in com.focus.testcases.PDCTest]]>
            </line>
            <line>
              <![CDATA[Test Status: Pass]]>
            </line>
            <line>
              <![CDATA[About to begin executing following method : BaseEngine.afterMethodExecution]]>
            </line>
          </reporter-output>
        </test-method> <!-- checkConvertMaturedPDCScreenForPDPVAT -->
        <test-method status="PASS" signature="beforeMethodExecution(java.lang.reflect.Method)[pri:0, instance:com.focus.testcases.PDCTest@3dd4520b]" name="beforeMethodExecution" is-config="true" duration-ms="0" started-at="2023-01-03T13:55:08Z" finished-at="2023-01-03T13:55:08Z">
          <params>
            <param index="0">
              <value>
                <![CDATA[public void com.focus.testcases.PDCTest.checkConvertMaturedPDCScreenForPDPVAT() throws org.apache.poi.EncryptedDocumentException,org.apache.poi.openxml4j.exceptions.InvalidFormatException,java.io.IOException,java.lang.InterruptedException]]>
              </value>
            </param>
          </params>
          <reporter-output>
            <line>
              <![CDATA[Completed executing following method : BaseEngine.beforeMethodExecution]]>
            </line>
          </reporter-output>
        </test-method> <!-- beforeMethodExecution -->
        <test-method status="PASS" signature="beforeMethodExecution(java.lang.reflect.Method)[pri:0, instance:com.focus.testcases.PDCTest@3dd4520b]" name="beforeMethodExecution" is-config="true" duration-ms="0" started-at="2023-01-03T13:55:15Z" finished-at="2023-01-03T13:55:15Z">
          <params>
            <param index="0">
              <value>
                <![CDATA[public void com.focus.testcases.PDCTest.CheckSavingVoucherInPDPVAT() throws org.apache.poi.EncryptedDocumentException,org.apache.poi.openxml4j.exceptions.InvalidFormatException,java.io.IOException,java.lang.InterruptedException]]>
              </value>
            </param>
          </params>
          <reporter-output>
            <line>
              <![CDATA[Completed executing following method : BaseEngine.beforeMethodExecution]]>
            </line>
          </reporter-output>
        </test-method> <!-- beforeMethodExecution -->
        <test-method status="FAIL" signature="CheckSavingVoucherInPDPVAT()[pri:700501, instance:com.focus.testcases.PDCTest@3dd4520b]" name="CheckSavingVoucherInPDPVAT" duration-ms="29262" started-at="2023-01-03T13:55:15Z" finished-at="2023-01-03T13:55:44Z">
          <exception class="java.lang.AssertionError">
            <message>
              <![CDATA[expected [true] but found [false]]]>
            </message>
            <full-stacktrace>
              <![CDATA[java.lang.AssertionError: expected [true] but found [false]
	at org.testng.Assert.fail(Assert.java:94)
	at org.testng.Assert.failNotEquals(Assert.java:513)
	at org.testng.Assert.assertEqualsImpl(Assert.java:135)
	at org.testng.Assert.assertEquals(Assert.java:116)
	at org.testng.Assert.assertEquals(Assert.java:305)
	at org.testng.Assert.assertEquals(Assert.java:315)
	at com.focus.testcases.PDCTest.CheckSavingVoucherInPDPVAT(PDCTest.java:181)
	at sun.reflect.NativeMethodAccessorImpl.invoke0(Native Method)
	at sun.reflect.NativeMethodAccessorImpl.invoke(Unknown Source)
	at sun.reflect.DelegatingMethodAccessorImpl.invoke(Unknown Source)
	at java.lang.reflect.Method.invoke(Unknown Source)
	at org.testng.internal.MethodInvocationHelper.invokeMethod(MethodInvocationHelper.java:86)
	at org.testng.internal.Invoker.invokeMethod(Invoker.java:643)
	at org.testng.internal.Invoker.invokeTestMethod(Invoker.java:820)
	at org.testng.internal.Invoker.invokeTestMethods(Invoker.java:1128)
	at org.testng.internal.TestMethodWorker.invokeTestMethods(TestMethodWorker.java:129)
	at org.testng.internal.TestMethodWorker.run(TestMethodWorker.java:112)
	at org.testng.TestRunner.privateRun(TestRunner.java:782)
	at org.testng.TestRunner.run(TestRunner.java:632)
	at org.testng.SuiteRunner.runTest(SuiteRunner.java:366)
	at org.testng.SuiteRunner.runSequentially(SuiteRunner.java:361)
	at org.testng.SuiteRunner.privateRun(SuiteRunner.java:319)
	at org.testng.SuiteRunner.run(SuiteRunner.java:268)
	at org.testng.SuiteRunnerWorker.runSuite(SuiteRunnerWorker.java:52)
	at org.testng.SuiteRunnerWorker.run(SuiteRunnerWorker.java:86)
	at org.testng.TestNG.runSuitesSequentially(TestNG.java:1244)
	at org.testng.TestNG.runSuitesLocally(TestNG.java:1169)
	at org.testng.TestNG.run(TestNG.java:1064)
	at org.testng.remote.AbstractRemoteTestNG.run(AbstractRemoteTestNG.java:114)
	at org.testng.remote.RemoteTestNG.initAndRun(RemoteTestNG.java:251)
	at org.testng.remote.RemoteTestNG.main(RemoteTestNG.java:77)
]]>
            </full-stacktrace>
          </exception> <!-- java.lang.AssertionError -->
          <reporter-output>
            <line>
              <![CDATA[Completed executing following method : PDCTest.CheckSavingVoucherInPDPVAT]]>
            </line>
            <line>
              <![CDATA[Test Method resides in com.focus.testcases.PDCTest]]>
            </line>
            <line>
              <![CDATA[Test Status: Failed]]>
            </line>
            <line>
              <![CDATA[About to begin executing following method : BaseEngine.afterMethodExecution]]>
            </line>
          </reporter-output>
        </test-method> <!-- CheckSavingVoucherInPDPVAT -->
        <test-method status="PASS" signature="afterMethodExecution(org.testng.ITestResult)[pri:0, instance:com.focus.testcases.PDCTest@3dd4520b]" name="afterMethodExecution" is-config="true" duration-ms="0" started-at="2023-01-03T13:55:15Z" finished-at="2023-01-03T13:55:15Z">
          <params>
            <param index="0">
              <value>
                <![CDATA[[TestResult name=checkConvertMaturedPDCScreenForPDPVAT status=SUCCESS method=PDCTest.checkConvertMaturedPDCScreenForPDPVAT()[pri:700500, instance:com.focus.testcases.PDCTest@3dd4520b] output=Completed executing following method : PDCTest.checkConvertMaturedPDCScreenForPDPVAT]]]>
              </value>
            </param>
          </params>
          <reporter-output>
            <line>
              <![CDATA[Completed executing following method : BaseEngine.afterMethodExecution]]>
            </line>
          </reporter-output>
        </test-method> <!-- afterMethodExecution -->
        <test-method status="PASS" signature="afterMethodExecution(org.testng.ITestResult)[pri:0, instance:com.focus.testcases.PDCTest@3dd4520b]" name="afterMethodExecution" is-config="true" duration-ms="119" started-at="2023-01-03T13:55:44Z" finished-at="2023-01-03T13:55:45Z">
          <params>
            <param index="0">
              <value>
                <![CDATA[[TestResult name=CheckSavingVoucherInPDPVAT status=FAILURE method=PDCTest.CheckSavingVoucherInPDPVAT()[pri:700501, instance:com.focus.testcases.PDCTest@3dd4520b] output=Completed executing following method : PDCTest.CheckSavingVoucherInPDPVAT]]]>
              </value>
            </param>
          </params>
          <reporter-output>
            <line>
              <![CDATA[Completed executing following method : BaseEngine.afterMethodExecution]]>
            </line>
          </reporter-output>
        </test-method> <!-- afterMethodExecution -->
        <test-method status="PASS" signature="beforeMethodExecution(java.lang.reflect.Method)[pri:0, instance:com.focus.testcases.PDCTest@3dd4520b]" name="beforeMethodExecution" is-config="true" duration-ms="0" started-at="2023-01-03T13:55:45Z" finished-at="2023-01-03T13:55:45Z">
          <params>
            <param index="0">
              <value>
                <![CDATA[public void com.focus.testcases.PDCTest.checkSavingNewVoucherInPDPVATOnFutureDateWithCurrencyAEDAndDepartmentINDIA() throws org.apache.poi.EncryptedDocumentException,org.apache.poi.openxml4j.exceptions.InvalidFormatException,java.io.IOException,java.lang.InterruptedException]]>
              </value>
            </param>
          </params>
          <reporter-output>
            <line>
              <![CDATA[Completed executing following method : BaseEngine.beforeMethodExecution]]>
            </line>
          </reporter-output>
        </test-method> <!-- beforeMethodExecution -->
        <test-method status="PASS" signature="checkSavingNewVoucherInPDPVATOnFutureDateWithCurrencyAEDAndDepartmentINDIA()[pri:700502, instance:com.focus.testcases.PDCTest@3dd4520b]" name="checkSavingNewVoucherInPDPVATOnFutureDateWithCurrencyAEDAndDepartmentINDIA" duration-ms="33573" started-at="2023-01-03T13:55:45Z" finished-at="2023-01-03T13:56:18Z">
          <reporter-output>
            <line>
              <![CDATA[Completed executing following method : PDCTest.checkSavingNewVoucherInPDPVATOnFutureDateWithCurrencyAEDAndDepartmentINDIA]]>
            </line>
            <line>
              <![CDATA[Test Method resides in com.focus.testcases.PDCTest]]>
            </line>
            <line>
              <![CDATA[Test Status: Pass]]>
            </line>
            <line>
              <![CDATA[About to begin executing following method : BaseEngine.afterMethodExecution]]>
            </line>
          </reporter-output>
        </test-method> <!-- checkSavingNewVoucherInPDPVATOnFutureDateWithCurrencyAEDAndDepartmentINDIA -->
        <test-method status="PASS" signature="afterMethodExecution(org.testng.ITestResult)[pri:0, instance:com.focus.testcases.PDCTest@3dd4520b]" name="afterMethodExecution" is-config="true" duration-ms="0" started-at="2023-01-03T13:56:18Z" finished-at="2023-01-03T13:56:18Z">
          <params>
            <param index="0">
              <value>
                <![CDATA[[TestResult name=checkSavingNewVoucherInPDPVATOnFutureDateWithCurrencyAEDAndDepartmentINDIA status=SUCCESS method=PDCTest.checkSavingNewVoucherInPDPVATOnFutureDateWithCurrencyAEDAndDepartmentINDIA()[pri:700502, instance:com.focus.testcases.PDCTest@3dd4520b] output=Completed executing following method : PDCTest.checkSavingNewVoucherInPDPVATOnFutureDateWithCurrencyAEDAndDepartmentINDIA]]]>
              </value>
            </param>
          </params>
          <reporter-output>
            <line>
              <![CDATA[Completed executing following method : BaseEngine.afterMethodExecution]]>
            </line>
          </reporter-output>
        </test-method> <!-- afterMethodExecution -->
        <test-method status="PASS" signature="beforeMethodExecution(java.lang.reflect.Method)[pri:0, instance:com.focus.testcases.PDCTest@3dd4520b]" name="beforeMethodExecution" is-config="true" duration-ms="1" started-at="2023-01-03T13:56:18Z" finished-at="2023-01-03T13:56:18Z">
          <params>
            <param index="0">
              <value>
                <![CDATA[public void com.focus.testcases.PDCTest.checkSavedVoucherInPDPVAT() throws org.apache.poi.EncryptedDocumentException,org.apache.poi.openxml4j.exceptions.InvalidFormatException,java.io.IOException,java.lang.InterruptedException]]>
              </value>
            </param>
          </params>
          <reporter-output>
            <line>
              <![CDATA[Completed executing following method : BaseEngine.beforeMethodExecution]]>
            </line>
          </reporter-output>
        </test-method> <!-- beforeMethodExecution -->
        <test-method status="PASS" signature="checkSavedVoucherInPDPVAT()[pri:700503, instance:com.focus.testcases.PDCTest@3dd4520b]" name="checkSavedVoucherInPDPVAT" duration-ms="11629" started-at="2023-01-03T13:56:18Z" finished-at="2023-01-03T13:56:30Z">
          <reporter-output>
            <line>
              <![CDATA[Completed executing following method : PDCTest.checkSavedVoucherInPDPVAT]]>
            </line>
            <line>
              <![CDATA[Test Method resides in com.focus.testcases.PDCTest]]>
            </line>
            <line>
              <![CDATA[Test Status: Pass]]>
            </line>
            <line>
              <![CDATA[About to begin executing following method : BaseEngine.afterMethodExecution]]>
            </line>
          </reporter-output>
        </test-method> <!-- checkSavedVoucherInPDPVAT -->
        <test-method status="PASS" signature="checkEditingVoucherAndSavingInPDPVAT()[pri:700504, instance:com.focus.testcases.PDCTest@3dd4520b]" name="checkEditingVoucherAndSavingInPDPVAT" duration-ms="8945" started-at="2023-01-03T13:56:30Z" finished-at="2023-01-03T13:56:39Z">
          <reporter-output>
            <line>
              <![CDATA[Completed executing following method : PDCTest.checkEditingVoucherAndSavingInPDPVAT]]>
            </line>
            <line>
              <![CDATA[Test Method resides in com.focus.testcases.PDCTest]]>
            </line>
            <line>
              <![CDATA[Test Status: Pass]]>
            </line>
            <line>
              <![CDATA[About to begin executing following method : BaseEngine.afterMethodExecution]]>
            </line>
          </reporter-output>
        </test-method> <!-- checkEditingVoucherAndSavingInPDPVAT -->
        <test-method status="PASS" signature="afterMethodExecution(org.testng.ITestResult)[pri:0, instance:com.focus.testcases.PDCTest@3dd4520b]" name="afterMethodExecution" is-config="true" duration-ms="0" started-at="2023-01-03T13:56:30Z" finished-at="2023-01-03T13:56:30Z">
          <params>
            <param index="0">
              <value>
                <![CDATA[[TestResult name=checkSavedVoucherInPDPVAT status=SUCCESS method=PDCTest.checkSavedVoucherInPDPVAT()[pri:700503, instance:com.focus.testcases.PDCTest@3dd4520b] output=Completed executing following method : PDCTest.checkSavedVoucherInPDPVAT]]]>
              </value>
            </param>
          </params>
          <reporter-output>
            <line>
              <![CDATA[Completed executing following method : BaseEngine.afterMethodExecution]]>
            </line>
          </reporter-output>
        </test-method> <!-- afterMethodExecution -->
        <test-method status="PASS" signature="beforeMethodExecution(java.lang.reflect.Method)[pri:0, instance:com.focus.testcases.PDCTest@3dd4520b]" name="beforeMethodExecution" is-config="true" duration-ms="0" started-at="2023-01-03T13:56:30Z" finished-at="2023-01-03T13:56:30Z">
          <params>
            <param index="0">
              <value>
                <![CDATA[public void com.focus.testcases.PDCTest.checkEditingVoucherAndSavingInPDPVAT() throws org.apache.poi.EncryptedDocumentException,org.apache.poi.openxml4j.exceptions.InvalidFormatException,java.io.IOException,java.lang.InterruptedException]]>
              </value>
            </param>
          </params>
          <reporter-output>
            <line>
              <![CDATA[Completed executing following method : BaseEngine.beforeMethodExecution]]>
            </line>
          </reporter-output>
        </test-method> <!-- beforeMethodExecution -->
        <test-method status="PASS" signature="afterMethodExecution(org.testng.ITestResult)[pri:0, instance:com.focus.testcases.PDCTest@3dd4520b]" name="afterMethodExecution" is-config="true" duration-ms="1" started-at="2023-01-03T13:56:39Z" finished-at="2023-01-03T13:56:39Z">
          <params>
            <param index="0">
              <value>
                <![CDATA[[TestResult name=checkEditingVoucherAndSavingInPDPVAT status=SUCCESS method=PDCTest.checkEditingVoucherAndSavingInPDPVAT()[pri:700504, instance:com.focus.testcases.PDCTest@3dd4520b] output=Completed executing following method : PDCTest.checkEditingVoucherAndSavingInPDPVAT]]]>
              </value>
            </param>
          </params>
          <reporter-output>
            <line>
              <![CDATA[Completed executing following method : BaseEngine.afterMethodExecution]]>
            </line>
          </reporter-output>
        </test-method> <!-- afterMethodExecution -->
        <test-method status="PASS" signature="beforeMethodExecution(java.lang.reflect.Method)[pri:0, instance:com.focus.testcases.PDCTest@3dd4520b]" name="beforeMethodExecution" is-config="true" duration-ms="0" started-at="2023-01-03T13:56:39Z" finished-at="2023-01-03T13:56:39Z">
          <params>
            <param index="0">
              <value>
                <![CDATA[public void com.focus.testcases.PDCTest.checkDeleteOptionInPDPVAT() throws org.apache.poi.EncryptedDocumentException,org.apache.poi.openxml4j.exceptions.InvalidFormatException,java.io.IOException,java.lang.InterruptedException]]>
              </value>
            </param>
          </params>
          <reporter-output>
            <line>
              <![CDATA[Completed executing following method : BaseEngine.beforeMethodExecution]]>
            </line>
          </reporter-output>
        </test-method> <!-- beforeMethodExecution -->
        <test-method status="PASS" signature="checkDeleteOptionInPDPVAT()[pri:700505, instance:com.focus.testcases.PDCTest@3dd4520b]" name="checkDeleteOptionInPDPVAT" duration-ms="6450" started-at="2023-01-03T13:56:39Z" finished-at="2023-01-03T13:56:45Z">
          <reporter-output>
            <line>
              <![CDATA[Completed executing following method : PDCTest.checkDeleteOptionInPDPVAT]]>
            </line>
            <line>
              <![CDATA[Test Method resides in com.focus.testcases.PDCTest]]>
            </line>
            <line>
              <![CDATA[Test Status: Pass]]>
            </line>
            <line>
              <![CDATA[About to begin executing following method : BaseEngine.afterMethodExecution]]>
            </line>
          </reporter-output>
        </test-method> <!-- checkDeleteOptionInPDPVAT -->
        <test-method status="PASS" signature="beforeMethodExecution(java.lang.reflect.Method)[pri:0, instance:com.focus.testcases.PDCTest@3dd4520b]" name="beforeMethodExecution" is-config="true" duration-ms="0" started-at="2023-01-03T13:56:45Z" finished-at="2023-01-03T13:56:45Z">
          <params>
            <param index="0">
              <value>
                <![CDATA[public void com.focus.testcases.PDCTest.CheckSavedVoucherInPDPVATInCovertedPDCScreen() throws org.apache.poi.EncryptedDocumentException,org.apache.poi.openxml4j.exceptions.InvalidFormatException,java.io.IOException,java.lang.InterruptedException]]>
              </value>
            </param>
          </params>
          <reporter-output>
            <line>
              <![CDATA[Completed executing following method : BaseEngine.beforeMethodExecution]]>
            </line>
          </reporter-output>
        </test-method> <!-- beforeMethodExecution -->
        <test-method status="PASS" signature="afterMethodExecution(org.testng.ITestResult)[pri:0, instance:com.focus.testcases.PDCTest@3dd4520b]" name="afterMethodExecution" is-config="true" duration-ms="0" started-at="2023-01-03T13:56:45Z" finished-at="2023-01-03T13:56:45Z">
          <params>
            <param index="0">
              <value>
                <![CDATA[[TestResult name=checkDeleteOptionInPDPVAT status=SUCCESS method=PDCTest.checkDeleteOptionInPDPVAT()[pri:700505, instance:com.focus.testcases.PDCTest@3dd4520b] output=Completed executing following method : PDCTest.checkDeleteOptionInPDPVAT]]]>
              </value>
            </param>
          </params>
          <reporter-output>
            <line>
              <![CDATA[Completed executing following method : BaseEngine.afterMethodExecution]]>
            </line>
          </reporter-output>
        </test-method> <!-- afterMethodExecution -->
        <test-method status="FAIL" signature="CheckSavedVoucherInPDPVATInCovertedPDCScreen()[pri:700506, instance:com.focus.testcases.PDCTest@3dd4520b]" name="CheckSavedVoucherInPDPVATInCovertedPDCScreen" duration-ms="10647" started-at="2023-01-03T13:56:45Z" finished-at="2023-01-03T13:56:56Z">
          <exception class="java.lang.AssertionError">
            <message>
              <![CDATA[expected [true] but found [false]]]>
            </message>
            <full-stacktrace>
              <![CDATA[java.lang.AssertionError: expected [true] but found [false]
	at org.testng.Assert.fail(Assert.java:94)
	at org.testng.Assert.failNotEquals(Assert.java:513)
	at org.testng.Assert.assertEqualsImpl(Assert.java:135)
	at org.testng.Assert.assertEquals(Assert.java:116)
	at org.testng.Assert.assertEquals(Assert.java:305)
	at org.testng.Assert.assertEquals(Assert.java:315)
	at com.focus.testcases.PDCTest.CheckSavedVoucherInPDPVATInCovertedPDCScreen(PDCTest.java:218)
	at sun.reflect.NativeMethodAccessorImpl.invoke0(Native Method)
	at sun.reflect.NativeMethodAccessorImpl.invoke(Unknown Source)
	at sun.reflect.DelegatingMethodAccessorImpl.invoke(Unknown Source)
	at java.lang.reflect.Method.invoke(Unknown Source)
	at org.testng.internal.MethodInvocationHelper.invokeMethod(MethodInvocationHelper.java:86)
	at org.testng.internal.Invoker.invokeMethod(Invoker.java:643)
	at org.testng.internal.Invoker.invokeTestMethod(Invoker.java:820)
	at org.testng.internal.Invoker.invokeTestMethods(Invoker.java:1128)
	at org.testng.internal.TestMethodWorker.invokeTestMethods(TestMethodWorker.java:129)
	at org.testng.internal.TestMethodWorker.run(TestMethodWorker.java:112)
	at org.testng.TestRunner.privateRun(TestRunner.java:782)
	at org.testng.TestRunner.run(TestRunner.java:632)
	at org.testng.SuiteRunner.runTest(SuiteRunner.java:366)
	at org.testng.SuiteRunner.runSequentially(SuiteRunner.java:361)
	at org.testng.SuiteRunner.privateRun(SuiteRunner.java:319)
	at org.testng.SuiteRunner.run(SuiteRunner.java:268)
	at org.testng.SuiteRunnerWorker.runSuite(SuiteRunnerWorker.java:52)
	at org.testng.SuiteRunnerWorker.run(SuiteRunnerWorker.java:86)
	at org.testng.TestNG.runSuitesSequentially(TestNG.java:1244)
	at org.testng.TestNG.runSuitesLocally(TestNG.java:1169)
	at org.testng.TestNG.run(TestNG.java:1064)
	at org.testng.remote.AbstractRemoteTestNG.run(AbstractRemoteTestNG.java:114)
	at org.testng.remote.RemoteTestNG.initAndRun(RemoteTestNG.java:251)
	at org.testng.remote.RemoteTestNG.main(RemoteTestNG.java:77)
]]>
            </full-stacktrace>
          </exception> <!-- java.lang.AssertionError -->
          <reporter-output>
            <line>
              <![CDATA[Completed executing following method : PDCTest.CheckSavedVoucherInPDPVATInCovertedPDCScreen]]>
            </line>
            <line>
              <![CDATA[Test Method resides in com.focus.testcases.PDCTest]]>
            </line>
            <line>
              <![CDATA[Test Status: Failed]]>
            </line>
            <line>
              <![CDATA[About to begin executing following method : BaseEngine.afterMethodExecution]]>
            </line>
          </reporter-output>
        </test-method> <!-- CheckSavedVoucherInPDPVATInCovertedPDCScreen -->
        <test-method status="PASS" signature="afterMethodExecution(org.testng.ITestResult)[pri:0, instance:com.focus.testcases.PDCTest@3dd4520b]" name="afterMethodExecution" is-config="true" duration-ms="122" started-at="2023-01-03T13:56:56Z" finished-at="2023-01-03T13:56:56Z">
          <params>
            <param index="0">
              <value>
                <![CDATA[[TestResult name=CheckSavedVoucherInPDPVATInCovertedPDCScreen status=FAILURE method=PDCTest.CheckSavedVoucherInPDPVATInCovertedPDCScreen()[pri:700506, instance:com.focus.testcases.PDCTest@3dd4520b] output=Completed executing following method : PDCTest.CheckSavedVoucherInPDPVATInCovertedPDCScreen]]]>
              </value>
            </param>
          </params>
          <reporter-output>
            <line>
              <![CDATA[Completed executing following method : BaseEngine.afterMethodExecution]]>
            </line>
          </reporter-output>
        </test-method> <!-- afterMethodExecution -->
        <test-method status="FAIL" signature="checkConvertingVouchersPDPInPDCVoucherScreenWithOutPostOnDate()[pri:700516, instance:com.focus.testcases.PDCTest@3dd4520b]" name="checkConvertingVouchersPDPInPDCVoucherScreenWithOutPostOnDate" duration-ms="4172" started-at="2023-01-03T13:56:56Z" finished-at="2023-01-03T13:57:00Z">
          <exception class="java.lang.AssertionError">
            <message>
              <![CDATA[expected [true] but found [false]]]>
            </message>
            <full-stacktrace>
              <![CDATA[java.lang.AssertionError: expected [true] but found [false]
	at org.testng.Assert.fail(Assert.java:94)
	at org.testng.Assert.failNotEquals(Assert.java:513)
	at org.testng.Assert.assertEqualsImpl(Assert.java:135)
	at org.testng.Assert.assertEquals(Assert.java:116)
	at org.testng.Assert.assertEquals(Assert.java:305)
	at org.testng.Assert.assertEquals(Assert.java:315)
	at com.focus.testcases.PDCTest.checkConvertingVouchersPDPInPDCVoucherScreenWithOutPostOnDate(PDCTest.java:225)
	at sun.reflect.NativeMethodAccessorImpl.invoke0(Native Method)
	at sun.reflect.NativeMethodAccessorImpl.invoke(Unknown Source)
	at sun.reflect.DelegatingMethodAccessorImpl.invoke(Unknown Source)
	at java.lang.reflect.Method.invoke(Unknown Source)
	at org.testng.internal.MethodInvocationHelper.invokeMethod(MethodInvocationHelper.java:86)
	at org.testng.internal.Invoker.invokeMethod(Invoker.java:643)
	at org.testng.internal.Invoker.invokeTestMethod(Invoker.java:820)
	at org.testng.internal.Invoker.invokeTestMethods(Invoker.java:1128)
	at org.testng.internal.TestMethodWorker.invokeTestMethods(TestMethodWorker.java:129)
	at org.testng.internal.TestMethodWorker.run(TestMethodWorker.java:112)
	at org.testng.TestRunner.privateRun(TestRunner.java:782)
	at org.testng.TestRunner.run(TestRunner.java:632)
	at org.testng.SuiteRunner.runTest(SuiteRunner.java:366)
	at org.testng.SuiteRunner.runSequentially(SuiteRunner.java:361)
	at org.testng.SuiteRunner.privateRun(SuiteRunner.java:319)
	at org.testng.SuiteRunner.run(SuiteRunner.java:268)
	at org.testng.SuiteRunnerWorker.runSuite(SuiteRunnerWorker.java:52)
	at org.testng.SuiteRunnerWorker.run(SuiteRunnerWorker.java:86)
	at org.testng.TestNG.runSuitesSequentially(TestNG.java:1244)
	at org.testng.TestNG.runSuitesLocally(TestNG.java:1169)
	at org.testng.TestNG.run(TestNG.java:1064)
	at org.testng.remote.AbstractRemoteTestNG.run(AbstractRemoteTestNG.java:114)
	at org.testng.remote.RemoteTestNG.initAndRun(RemoteTestNG.java:251)
	at org.testng.remote.RemoteTestNG.main(RemoteTestNG.java:77)
]]>
            </full-stacktrace>
          </exception> <!-- java.lang.AssertionError -->
          <reporter-output>
            <line>
              <![CDATA[Completed executing following method : PDCTest.checkConvertingVouchersPDPInPDCVoucherScreenWithOutPostOnDate]]>
            </line>
            <line>
              <![CDATA[Test Method resides in com.focus.testcases.PDCTest]]>
            </line>
            <line>
              <![CDATA[Test Status: Failed]]>
            </line>
            <line>
              <![CDATA[About to begin executing following method : BaseEngine.afterMethodExecution]]>
            </line>
          </reporter-output>
        </test-method> <!-- checkConvertingVouchersPDPInPDCVoucherScreenWithOutPostOnDate -->
        <test-method status="PASS" signature="beforeMethodExecution(java.lang.reflect.Method)[pri:0, instance:com.focus.testcases.PDCTest@3dd4520b]" name="beforeMethodExecution" is-config="true" duration-ms="0" started-at="2023-01-03T13:56:56Z" finished-at="2023-01-03T13:56:56Z">
          <params>
            <param index="0">
              <value>
                <![CDATA[public void com.focus.testcases.PDCTest.checkConvertingVouchersPDPInPDCVoucherScreenWithOutPostOnDate() throws org.apache.poi.EncryptedDocumentException,org.apache.poi.openxml4j.exceptions.InvalidFormatException,java.io.IOException,java.lang.InterruptedException]]>
              </value>
            </param>
          </params>
          <reporter-output>
            <line>
              <![CDATA[Completed executing following method : BaseEngine.beforeMethodExecution]]>
            </line>
          </reporter-output>
        </test-method> <!-- beforeMethodExecution -->
        <test-method status="PASS" signature="afterMethodExecution(org.testng.ITestResult)[pri:0, instance:com.focus.testcases.PDCTest@3dd4520b]" name="afterMethodExecution" is-config="true" duration-ms="104" started-at="2023-01-03T13:57:00Z" finished-at="2023-01-03T13:57:00Z">
          <params>
            <param index="0">
              <value>
                <![CDATA[[TestResult name=checkConvertingVouchersPDPInPDCVoucherScreenWithOutPostOnDate status=FAILURE method=PDCTest.checkConvertingVouchersPDPInPDCVoucherScreenWithOutPostOnDate()[pri:700516, instance:com.focus.testcases.PDCTest@3dd4520b] output=Completed executing following method : PDCTest.checkConvertingVouchersPDPInPDCVoucherScreenWithOutPostOnDate]]]>
              </value>
            </param>
          </params>
          <reporter-output>
            <line>
              <![CDATA[Completed executing following method : BaseEngine.afterMethodExecution]]>
            </line>
          </reporter-output>
        </test-method> <!-- afterMethodExecution -->
        <test-method status="PASS" signature="beforeMethodExecution(java.lang.reflect.Method)[pri:0, instance:com.focus.testcases.PDCTest@3dd4520b]" name="beforeMethodExecution" is-config="true" duration-ms="0" started-at="2023-01-03T13:57:00Z" finished-at="2023-01-03T13:57:00Z">
          <params>
            <param index="0">
              <value>
                <![CDATA[public void com.focus.testcases.PDCTest.checkAddExtraFieldPDCInHeaderFieldOFPayments() throws org.apache.poi.EncryptedDocumentException,org.apache.poi.openxml4j.exceptions.InvalidFormatException,java.io.IOException,java.lang.InterruptedException]]>
              </value>
            </param>
          </params>
          <reporter-output>
            <line>
              <![CDATA[Completed executing following method : BaseEngine.beforeMethodExecution]]>
            </line>
          </reporter-output>
        </test-method> <!-- beforeMethodExecution -->
        <test-method status="PASS" signature="checkAddExtraFieldPDCInHeaderFieldOFPayments()[pri:700517, instance:com.focus.testcases.PDCTest@3dd4520b]" name="checkAddExtraFieldPDCInHeaderFieldOFPayments" duration-ms="28149" started-at="2023-01-03T13:57:00Z" finished-at="2023-01-03T13:57:28Z">
          <reporter-output>
            <line>
              <![CDATA[Completed executing following method : PDCTest.checkAddExtraFieldPDCInHeaderFieldOFPayments]]>
            </line>
            <line>
              <![CDATA[Test Method resides in com.focus.testcases.PDCTest]]>
            </line>
            <line>
              <![CDATA[Test Status: Pass]]>
            </line>
            <line>
              <![CDATA[About to begin executing following method : BaseEngine.afterMethodExecution]]>
            </line>
          </reporter-output>
        </test-method> <!-- checkAddExtraFieldPDCInHeaderFieldOFPayments -->
        <test-method status="PASS" signature="beforeMethodExecution(java.lang.reflect.Method)[pri:0, instance:com.focus.testcases.PDCTest@3dd4520b]" name="beforeMethodExecution" is-config="true" duration-ms="1" started-at="2023-01-03T13:57:28Z" finished-at="2023-01-03T13:57:28Z">
          <params>
            <param index="0">
              <value>
                <![CDATA[public void com.focus.testcases.PDCTest.checkConvertingPDPVoucherInPDCScreenAfterExtraField() throws org.apache.poi.EncryptedDocumentException,org.apache.poi.openxml4j.exceptions.InvalidFormatException,java.io.IOException,java.lang.InterruptedException]]>
              </value>
            </param>
          </params>
          <reporter-output>
            <line>
              <![CDATA[Completed executing following method : BaseEngine.beforeMethodExecution]]>
            </line>
          </reporter-output>
        </test-method> <!-- beforeMethodExecution -->
        <test-method status="PASS" signature="afterMethodExecution(org.testng.ITestResult)[pri:0, instance:com.focus.testcases.PDCTest@3dd4520b]" name="afterMethodExecution" is-config="true" duration-ms="0" started-at="2023-01-03T13:57:28Z" finished-at="2023-01-03T13:57:28Z">
          <params>
            <param index="0">
              <value>
                <![CDATA[[TestResult name=checkAddExtraFieldPDCInHeaderFieldOFPayments status=SUCCESS method=PDCTest.checkAddExtraFieldPDCInHeaderFieldOFPayments()[pri:700517, instance:com.focus.testcases.PDCTest@3dd4520b] output=Completed executing following method : PDCTest.checkAddExtraFieldPDCInHeaderFieldOFPayments]]]>
              </value>
            </param>
          </params>
          <reporter-output>
            <line>
              <![CDATA[Completed executing following method : BaseEngine.afterMethodExecution]]>
            </line>
          </reporter-output>
        </test-method> <!-- afterMethodExecution -->
        <test-method status="PASS" signature="checkConvertingPDPVoucherInPDCScreenAfterExtraField()[pri:700520, instance:com.focus.testcases.PDCTest@3dd4520b]" name="checkConvertingPDPVoucherInPDCScreenAfterExtraField" duration-ms="10620" started-at="2023-01-03T13:57:28Z" finished-at="2023-01-03T13:57:39Z">
          <reporter-output>
            <line>
              <![CDATA[Completed executing following method : PDCTest.checkConvertingPDPVoucherInPDCScreenAfterExtraField]]>
            </line>
            <line>
              <![CDATA[Test Method resides in com.focus.testcases.PDCTest]]>
            </line>
            <line>
              <![CDATA[Test Status: Pass]]>
            </line>
            <line>
              <![CDATA[About to begin executing following method : BaseEngine.afterMethodExecution]]>
            </line>
          </reporter-output>
        </test-method> <!-- checkConvertingPDPVoucherInPDCScreenAfterExtraField -->
        <test-method status="PASS" signature="afterMethodExecution(org.testng.ITestResult)[pri:0, instance:com.focus.testcases.PDCTest@3dd4520b]" name="afterMethodExecution" is-config="true" duration-ms="0" started-at="2023-01-03T13:57:39Z" finished-at="2023-01-03T13:57:39Z">
          <params>
            <param index="0">
              <value>
                <![CDATA[[TestResult name=checkConvertingPDPVoucherInPDCScreenAfterExtraField status=SUCCESS method=PDCTest.checkConvertingPDPVoucherInPDCScreenAfterExtraField()[pri:700520, instance:com.focus.testcases.PDCTest@3dd4520b] output=Completed executing following method : PDCTest.checkConvertingPDPVoucherInPDCScreenAfterExtraField]]]>
              </value>
            </param>
          </params>
          <reporter-output>
            <line>
              <![CDATA[Completed executing following method : BaseEngine.afterMethodExecution]]>
            </line>
          </reporter-output>
        </test-method> <!-- afterMethodExecution -->
        <test-method status="PASS" signature="beforeMethodExecution(java.lang.reflect.Method)[pri:0, instance:com.focus.testcases.PDCTest@3dd4520b]" name="beforeMethodExecution" is-config="true" duration-ms="0" started-at="2023-01-03T13:57:39Z" finished-at="2023-01-03T13:57:39Z">
          <params>
            <param index="0">
              <value>
                <![CDATA[public void com.focus.testcases.PDCTest.checkConvertedPDCVoucherInPayments() throws org.apache.poi.EncryptedDocumentException,org.apache.poi.openxml4j.exceptions.InvalidFormatException,java.io.IOException,java.lang.InterruptedException]]>
              </value>
            </param>
          </params>
          <reporter-output>
            <line>
              <![CDATA[Completed executing following method : BaseEngine.beforeMethodExecution]]>
            </line>
          </reporter-output>
        </test-method> <!-- beforeMethodExecution -->
        <test-method status="FAIL" signature="checkConvertedPDCVoucherInPayments()[pri:700523, instance:com.focus.testcases.PDCTest@3dd4520b]" name="checkConvertedPDCVoucherInPayments" duration-ms="11761" started-at="2023-01-03T13:57:39Z" finished-at="2023-01-03T13:57:51Z">
          <exception class="java.lang.AssertionError">
            <message>
              <![CDATA[expected [true] but found [false]]]>
            </message>
            <full-stacktrace>
              <![CDATA[java.lang.AssertionError: expected [true] but found [false]
	at org.testng.Assert.fail(Assert.java:94)
	at org.testng.Assert.failNotEquals(Assert.java:513)
	at org.testng.Assert.assertEqualsImpl(Assert.java:135)
	at org.testng.Assert.assertEquals(Assert.java:116)
	at org.testng.Assert.assertEquals(Assert.java:305)
	at org.testng.Assert.assertEquals(Assert.java:315)
	at com.focus.testcases.PDCTest.checkConvertedPDCVoucherInPayments(PDCTest.java:246)
	at sun.reflect.NativeMethodAccessorImpl.invoke0(Native Method)
	at sun.reflect.NativeMethodAccessorImpl.invoke(Unknown Source)
	at sun.reflect.DelegatingMethodAccessorImpl.invoke(Unknown Source)
	at java.lang.reflect.Method.invoke(Unknown Source)
	at org.testng.internal.MethodInvocationHelper.invokeMethod(MethodInvocationHelper.java:86)
	at org.testng.internal.Invoker.invokeMethod(Invoker.java:643)
	at org.testng.internal.Invoker.invokeTestMethod(Invoker.java:820)
	at org.testng.internal.Invoker.invokeTestMethods(Invoker.java:1128)
	at org.testng.internal.TestMethodWorker.invokeTestMethods(TestMethodWorker.java:129)
	at org.testng.internal.TestMethodWorker.run(TestMethodWorker.java:112)
	at org.testng.TestRunner.privateRun(TestRunner.java:782)
	at org.testng.TestRunner.run(TestRunner.java:632)
	at org.testng.SuiteRunner.runTest(SuiteRunner.java:366)
	at org.testng.SuiteRunner.runSequentially(SuiteRunner.java:361)
	at org.testng.SuiteRunner.privateRun(SuiteRunner.java:319)
	at org.testng.SuiteRunner.run(SuiteRunner.java:268)
	at org.testng.SuiteRunnerWorker.runSuite(SuiteRunnerWorker.java:52)
	at org.testng.SuiteRunnerWorker.run(SuiteRunnerWorker.java:86)
	at org.testng.TestNG.runSuitesSequentially(TestNG.java:1244)
	at org.testng.TestNG.runSuitesLocally(TestNG.java:1169)
	at org.testng.TestNG.run(TestNG.java:1064)
	at org.testng.remote.AbstractRemoteTestNG.run(AbstractRemoteTestNG.java:114)
	at org.testng.remote.RemoteTestNG.initAndRun(RemoteTestNG.java:251)
	at org.testng.remote.RemoteTestNG.main(RemoteTestNG.java:77)
]]>
            </full-stacktrace>
          </exception> <!-- java.lang.AssertionError -->
          <reporter-output>
            <line>
              <![CDATA[Completed executing following method : PDCTest.checkConvertedPDCVoucherInPayments]]>
            </line>
            <line>
              <![CDATA[Test Method resides in com.focus.testcases.PDCTest]]>
            </line>
            <line>
              <![CDATA[Test Status: Failed]]>
            </line>
            <line>
              <![CDATA[About to begin executing following method : BaseEngine.afterMethodExecution]]>
            </line>
          </reporter-output>
        </test-method> <!-- checkConvertedPDCVoucherInPayments -->
        <test-method status="PASS" signature="afterMethodExecution(org.testng.ITestResult)[pri:0, instance:com.focus.testcases.PDCTest@3dd4520b]" name="afterMethodExecution" is-config="true" duration-ms="108" started-at="2023-01-03T13:57:51Z" finished-at="2023-01-03T13:57:51Z">
          <params>
            <param index="0">
              <value>
                <![CDATA[[TestResult name=checkConvertedPDCVoucherInPayments status=FAILURE method=PDCTest.checkConvertedPDCVoucherInPayments()[pri:700523, instance:com.focus.testcases.PDCTest@3dd4520b] output=Completed executing following method : PDCTest.checkConvertedPDCVoucherInPayments]]]>
              </value>
            </param>
          </params>
          <reporter-output>
            <line>
              <![CDATA[Completed executing following method : BaseEngine.afterMethodExecution]]>
            </line>
          </reporter-output>
        </test-method> <!-- afterMethodExecution -->
        <test-method status="PASS" signature="beforeMethodExecution(java.lang.reflect.Method)[pri:0, instance:com.focus.testcases.PDCTest@3dd4520b]" name="beforeMethodExecution" is-config="true" duration-ms="0" started-at="2023-01-03T13:57:51Z" finished-at="2023-01-03T13:57:51Z">
          <params>
            <param index="0">
              <value>
                <![CDATA[public void com.focus.testcases.PDCTest.checkUpdateinPDCUnderSettingMenuForEnableReversePostingInPayments() throws org.apache.poi.EncryptedDocumentException,org.apache.poi.openxml4j.exceptions.InvalidFormatException,java.io.IOException,java.lang.InterruptedException]]>
              </value>
            </param>
          </params>
          <reporter-output>
            <line>
              <![CDATA[Completed executing following method : BaseEngine.beforeMethodExecution]]>
            </line>
          </reporter-output>
        </test-method> <!-- beforeMethodExecution -->
        <test-method status="FAIL" signature="checkUpdateinPDCUnderSettingMenuForEnableReversePostingInPayments()[pri:700524, instance:com.focus.testcases.PDCTest@3dd4520b]" name="checkUpdateinPDCUnderSettingMenuForEnableReversePostingInPayments" duration-ms="16122" started-at="2023-01-03T13:57:51Z" finished-at="2023-01-03T13:58:07Z">
          <exception class="java.lang.AssertionError">
            <message>
              <![CDATA[expected [true] but found [false]]]>
            </message>
            <full-stacktrace>
              <![CDATA[java.lang.AssertionError: expected [true] but found [false]
	at org.testng.Assert.fail(Assert.java:94)
	at org.testng.Assert.failNotEquals(Assert.java:513)
	at org.testng.Assert.assertEqualsImpl(Assert.java:135)
	at org.testng.Assert.assertEquals(Assert.java:116)
	at org.testng.Assert.assertEquals(Assert.java:305)
	at org.testng.Assert.assertEquals(Assert.java:315)
	at com.focus.testcases.PDCTest.checkUpdateinPDCUnderSettingMenuForEnableReversePostingInPayments(PDCTest.java:255)
	at sun.reflect.NativeMethodAccessorImpl.invoke0(Native Method)
	at sun.reflect.NativeMethodAccessorImpl.invoke(Unknown Source)
	at sun.reflect.DelegatingMethodAccessorImpl.invoke(Unknown Source)
	at java.lang.reflect.Method.invoke(Unknown Source)
	at org.testng.internal.MethodInvocationHelper.invokeMethod(MethodInvocationHelper.java:86)
	at org.testng.internal.Invoker.invokeMethod(Invoker.java:643)
	at org.testng.internal.Invoker.invokeTestMethod(Invoker.java:820)
	at org.testng.internal.Invoker.invokeTestMethods(Invoker.java:1128)
	at org.testng.internal.TestMethodWorker.invokeTestMethods(TestMethodWorker.java:129)
	at org.testng.internal.TestMethodWorker.run(TestMethodWorker.java:112)
	at org.testng.TestRunner.privateRun(TestRunner.java:782)
	at org.testng.TestRunner.run(TestRunner.java:632)
	at org.testng.SuiteRunner.runTest(SuiteRunner.java:366)
	at org.testng.SuiteRunner.runSequentially(SuiteRunner.java:361)
	at org.testng.SuiteRunner.privateRun(SuiteRunner.java:319)
	at org.testng.SuiteRunner.run(SuiteRunner.java:268)
	at org.testng.SuiteRunnerWorker.runSuite(SuiteRunnerWorker.java:52)
	at org.testng.SuiteRunnerWorker.run(SuiteRunnerWorker.java:86)
	at org.testng.TestNG.runSuitesSequentially(TestNG.java:1244)
	at org.testng.TestNG.runSuitesLocally(TestNG.java:1169)
	at org.testng.TestNG.run(TestNG.java:1064)
	at org.testng.remote.AbstractRemoteTestNG.run(AbstractRemoteTestNG.java:114)
	at org.testng.remote.RemoteTestNG.initAndRun(RemoteTestNG.java:251)
	at org.testng.remote.RemoteTestNG.main(RemoteTestNG.java:77)
]]>
            </full-stacktrace>
          </exception> <!-- java.lang.AssertionError -->
          <reporter-output>
            <line>
              <![CDATA[Completed executing following method : PDCTest.checkUpdateinPDCUnderSettingMenuForEnableReversePostingInPayments]]>
            </line>
            <line>
              <![CDATA[Test Method resides in com.focus.testcases.PDCTest]]>
            </line>
            <line>
              <![CDATA[Test Status: Failed]]>
            </line>
            <line>
              <![CDATA[About to begin executing following method : BaseEngine.afterMethodExecution]]>
            </line>
          </reporter-output>
        </test-method> <!-- checkUpdateinPDCUnderSettingMenuForEnableReversePostingInPayments -->
        <test-method status="PASS" signature="afterMethodExecution(org.testng.ITestResult)[pri:0, instance:com.focus.testcases.PDCTest@3dd4520b]" name="afterMethodExecution" is-config="true" duration-ms="100" started-at="2023-01-03T13:58:07Z" finished-at="2023-01-03T13:58:07Z">
          <params>
            <param index="0">
              <value>
                <![CDATA[[TestResult name=checkUpdateinPDCUnderSettingMenuForEnableReversePostingInPayments status=FAILURE method=PDCTest.checkUpdateinPDCUnderSettingMenuForEnableReversePostingInPayments()[pri:700524, instance:com.focus.testcases.PDCTest@3dd4520b] output=Completed executing following method : PDCTest.checkUpdateinPDCUnderSettingMenuForEnableReversePostingInPayments]]]>
              </value>
            </param>
          </params>
          <reporter-output>
            <line>
              <![CDATA[Completed executing following method : BaseEngine.afterMethodExecution]]>
            </line>
          </reporter-output>
        </test-method> <!-- afterMethodExecution -->
        <test-method status="PASS" signature="checkSavingVoucherInPDPVATWithVendorB()[pri:700525, instance:com.focus.testcases.PDCTest@3dd4520b]" name="checkSavingVoucherInPDPVATWithVendorB" duration-ms="34951" started-at="2023-01-03T13:58:07Z" finished-at="2023-01-03T13:58:42Z">
          <reporter-output>
            <line>
              <![CDATA[Completed executing following method : PDCTest.checkSavingVoucherInPDPVATWithVendorB]]>
            </line>
            <line>
              <![CDATA[Test Method resides in com.focus.testcases.PDCTest]]>
            </line>
            <line>
              <![CDATA[Test Status: Pass]]>
            </line>
            <line>
              <![CDATA[About to begin executing following method : BaseEngine.afterMethodExecution]]>
            </line>
          </reporter-output>
        </test-method> <!-- checkSavingVoucherInPDPVATWithVendorB -->
        <test-method status="PASS" signature="beforeMethodExecution(java.lang.reflect.Method)[pri:0, instance:com.focus.testcases.PDCTest@3dd4520b]" name="beforeMethodExecution" is-config="true" duration-ms="0" started-at="2023-01-03T13:58:07Z" finished-at="2023-01-03T13:58:07Z">
          <params>
            <param index="0">
              <value>
                <![CDATA[public void com.focus.testcases.PDCTest.checkSavingVoucherInPDPVATWithVendorB() throws org.apache.poi.EncryptedDocumentException,org.apache.poi.openxml4j.exceptions.InvalidFormatException,java.io.IOException,java.lang.InterruptedException]]>
              </value>
            </param>
          </params>
          <reporter-output>
            <line>
              <![CDATA[Completed executing following method : BaseEngine.beforeMethodExecution]]>
            </line>
          </reporter-output>
        </test-method> <!-- beforeMethodExecution -->
        <test-method status="PASS" signature="checkCovertingPDPVoucherInPDCWithReversePosting()[pri:700526, instance:com.focus.testcases.PDCTest@3dd4520b]" name="checkCovertingPDPVoucherInPDCWithReversePosting" duration-ms="20804" started-at="2023-01-03T13:58:42Z" finished-at="2023-01-03T13:59:03Z">
          <reporter-output>
            <line>
              <![CDATA[Completed executing following method : PDCTest.checkCovertingPDPVoucherInPDCWithReversePosting]]>
            </line>
            <line>
              <![CDATA[Test Method resides in com.focus.testcases.PDCTest]]>
            </line>
            <line>
              <![CDATA[Test Status: Pass]]>
            </line>
            <line>
              <![CDATA[About to begin executing following method : BaseEngine.afterMethodExecution]]>
            </line>
          </reporter-output>
        </test-method> <!-- checkCovertingPDPVoucherInPDCWithReversePosting -->
        <test-method status="PASS" signature="afterMethodExecution(org.testng.ITestResult)[pri:0, instance:com.focus.testcases.PDCTest@3dd4520b]" name="afterMethodExecution" is-config="true" duration-ms="0" started-at="2023-01-03T13:58:42Z" finished-at="2023-01-03T13:58:42Z">
          <params>
            <param index="0">
              <value>
                <![CDATA[[TestResult name=checkSavingVoucherInPDPVATWithVendorB status=SUCCESS method=PDCTest.checkSavingVoucherInPDPVATWithVendorB()[pri:700525, instance:com.focus.testcases.PDCTest@3dd4520b] output=Completed executing following method : PDCTest.checkSavingVoucherInPDPVATWithVendorB]]]>
              </value>
            </param>
          </params>
          <reporter-output>
            <line>
              <![CDATA[Completed executing following method : BaseEngine.afterMethodExecution]]>
            </line>
          </reporter-output>
        </test-method> <!-- afterMethodExecution -->
        <test-method status="PASS" signature="beforeMethodExecution(java.lang.reflect.Method)[pri:0, instance:com.focus.testcases.PDCTest@3dd4520b]" name="beforeMethodExecution" is-config="true" duration-ms="0" started-at="2023-01-03T13:58:42Z" finished-at="2023-01-03T13:58:42Z">
          <params>
            <param index="0">
              <value>
                <![CDATA[public void com.focus.testcases.PDCTest.checkCovertingPDPVoucherInPDCWithReversePosting() throws org.apache.poi.EncryptedDocumentException,org.apache.poi.openxml4j.exceptions.InvalidFormatException,java.io.IOException,java.lang.InterruptedException]]>
              </value>
            </param>
          </params>
          <reporter-output>
            <line>
              <![CDATA[Completed executing following method : BaseEngine.beforeMethodExecution]]>
            </line>
          </reporter-output>
        </test-method> <!-- beforeMethodExecution -->
        <test-method status="PASS" signature="beforeMethodExecution(java.lang.reflect.Method)[pri:0, instance:com.focus.testcases.PDCTest@3dd4520b]" name="beforeMethodExecution" is-config="true" duration-ms="0" started-at="2023-01-03T13:59:03Z" finished-at="2023-01-03T13:59:03Z">
          <params>
            <param index="0">
              <value>
                <![CDATA[public void com.focus.testcases.PDCTest.checkSavedCovertedVoucherInPaymentsAfterReversePosting() throws org.apache.poi.EncryptedDocumentException,org.apache.poi.openxml4j.exceptions.InvalidFormatException,java.io.IOException,java.lang.InterruptedException]]>
              </value>
            </param>
          </params>
          <reporter-output>
            <line>
              <![CDATA[Completed executing following method : BaseEngine.beforeMethodExecution]]>
            </line>
          </reporter-output>
        </test-method> <!-- beforeMethodExecution -->
        <test-method status="PASS" signature="checkSavedCovertedVoucherInPaymentsAfterReversePosting()[pri:700527, instance:com.focus.testcases.PDCTest@3dd4520b]" name="checkSavedCovertedVoucherInPaymentsAfterReversePosting" duration-ms="13119" started-at="2023-01-03T13:59:03Z" finished-at="2023-01-03T13:59:16Z">
          <reporter-output>
            <line>
              <![CDATA[Completed executing following method : PDCTest.checkSavedCovertedVoucherInPaymentsAfterReversePosting]]>
            </line>
            <line>
              <![CDATA[Test Method resides in com.focus.testcases.PDCTest]]>
            </line>
            <line>
              <![CDATA[Test Status: Pass]]>
            </line>
            <line>
              <![CDATA[About to begin executing following method : BaseEngine.afterMethodExecution]]>
            </line>
          </reporter-output>
        </test-method> <!-- checkSavedCovertedVoucherInPaymentsAfterReversePosting -->
        <test-method status="PASS" signature="afterMethodExecution(org.testng.ITestResult)[pri:0, instance:com.focus.testcases.PDCTest@3dd4520b]" name="afterMethodExecution" is-config="true" duration-ms="0" started-at="2023-01-03T13:59:03Z" finished-at="2023-01-03T13:59:03Z">
          <params>
            <param index="0">
              <value>
                <![CDATA[[TestResult name=checkCovertingPDPVoucherInPDCWithReversePosting status=SUCCESS method=PDCTest.checkCovertingPDPVoucherInPDCWithReversePosting()[pri:700526, instance:com.focus.testcases.PDCTest@3dd4520b] output=Completed executing following method : PDCTest.checkCovertingPDPVoucherInPDCWithReversePosting]]]>
              </value>
            </param>
          </params>
          <reporter-output>
            <line>
              <![CDATA[Completed executing following method : BaseEngine.afterMethodExecution]]>
            </line>
          </reporter-output>
        </test-method> <!-- afterMethodExecution -->
        <test-method status="PASS" signature="afterMethodExecution(org.testng.ITestResult)[pri:0, instance:com.focus.testcases.PDCTest@3dd4520b]" name="afterMethodExecution" is-config="true" duration-ms="0" started-at="2023-01-03T13:59:16Z" finished-at="2023-01-03T13:59:16Z">
          <params>
            <param index="0">
              <value>
                <![CDATA[[TestResult name=checkSavedCovertedVoucherInPaymentsAfterReversePosting status=SUCCESS method=PDCTest.checkSavedCovertedVoucherInPaymentsAfterReversePosting()[pri:700527, instance:com.focus.testcases.PDCTest@3dd4520b] output=Completed executing following method : PDCTest.checkSavedCovertedVoucherInPaymentsAfterReversePosting]]]>
              </value>
            </param>
          </params>
          <reporter-output>
            <line>
              <![CDATA[Completed executing following method : BaseEngine.afterMethodExecution]]>
            </line>
          </reporter-output>
        </test-method> <!-- afterMethodExecution -->
      </class> <!-- com.focus.testcases.PDCTest -->
      <class name="com.focus.testcases.URLBrowserTest">
        <test-method status="PASS" signature="openBrowser(java.lang.String)[pri:0, instance:com.focus.testcases.URLBrowserTest@47ef968d]" name="openBrowser" is-config="true" duration-ms="5224" started-at="2023-01-03T13:48:00Z" finished-at="2023-01-03T13:48:05Z">
          <params>
            <param index="0">
              <value>
                <![CDATA[chrome]]>
              </value>
            </param>
          </params>
          <reporter-output>
            <line>
              <![CDATA[Completed executing following method : BaseEngine.openBrowser]]>
            </line>
          </reporter-output>
        </test-method> <!-- openBrowser -->
        <test-method status="PASS" signature="intialiseReports()[pri:0, instance:com.focus.testcases.URLBrowserTest@47ef968d]" name="intialiseReports" is-config="true" duration-ms="159" started-at="2023-01-03T13:48:05Z" finished-at="2023-01-03T13:48:05Z">
          <reporter-output>
            <line>
              <![CDATA[Completed executing following method : BaseEngine.intialiseReports]]>
            </line>
          </reporter-output>
        </test-method> <!-- intialiseReports -->
        <test-method status="PASS" signature="beforeMethodExecution(java.lang.reflect.Method)[pri:0, instance:com.focus.testcases.URLBrowserTest@47ef968d]" name="beforeMethodExecution" is-config="true" duration-ms="3" started-at="2023-01-03T13:48:05Z" finished-at="2023-01-03T13:48:05Z">
          <params>
            <param index="0">
              <value>
                <![CDATA[public void com.focus.testcases.URLBrowserTest.verifyBrowserOpen() throws org.apache.poi.EncryptedDocumentException,org.apache.poi.openxml4j.exceptions.InvalidFormatException,java.io.IOException,java.lang.InterruptedException]]>
              </value>
            </param>
          </params>
          <reporter-output>
            <line>
              <![CDATA[Completed executing following method : BaseEngine.beforeMethodExecution]]>
            </line>
          </reporter-output>
        </test-method> <!-- beforeMethodExecution -->
        <test-method status="PASS" signature="verifyBrowserOpen()[pri:1, instance:com.focus.testcases.URLBrowserTest@47ef968d]" name="verifyBrowserOpen" duration-ms="6887" started-at="2023-01-03T13:48:05Z" finished-at="2023-01-03T13:48:12Z">
          <reporter-output>
            <line>
              <![CDATA[Completed executing following method : URLBrowserTest.verifyBrowserOpen]]>
            </line>
            <line>
              <![CDATA[Test Method resides in com.focus.testcases.URLBrowserTest]]>
            </line>
            <line>
              <![CDATA[Test Status: Pass]]>
            </line>
            <line>
              <![CDATA[About to begin executing following method : BaseEngine.afterMethodExecution]]>
            </line>
          </reporter-output>
        </test-method> <!-- verifyBrowserOpen -->
        <test-method status="PASS" signature="afterMethodExecution(org.testng.ITestResult)[pri:0, instance:com.focus.testcases.URLBrowserTest@47ef968d]" name="afterMethodExecution" is-config="true" duration-ms="1" started-at="2023-01-03T13:48:12Z" finished-at="2023-01-03T13:48:12Z">
          <params>
            <param index="0">
              <value>
                <![CDATA[[TestResult name=verifyBrowserOpen status=SUCCESS method=URLBrowserTest.verifyBrowserOpen()[pri:1, instance:com.focus.testcases.URLBrowserTest@47ef968d] output=Completed executing following method : URLBrowserTest.verifyBrowserOpen]]]>
              </value>
            </param>
          </params>
          <reporter-output>
            <line>
              <![CDATA[Completed executing following method : BaseEngine.afterMethodExecution]]>
            </line>
          </reporter-output>
        </test-method> <!-- afterMethodExecution -->
        <test-method status="PASS" signature="beforeMethodExecution(java.lang.reflect.Method)[pri:0, instance:com.focus.testcases.URLBrowserTest@47ef968d]" name="beforeMethodExecution" is-config="true" duration-ms="1" started-at="2023-01-03T13:48:12Z" finished-at="2023-01-03T13:48:12Z">
          <params>
            <param index="0">
              <value>
                <![CDATA[public void com.focus.testcases.URLBrowserTest.checkLoginPageTitleByURLInputInBrowser() throws org.apache.poi.EncryptedDocumentException,org.apache.poi.openxml4j.exceptions.InvalidFormatException,java.io.IOException,java.lang.InterruptedException]]>
              </value>
            </param>
          </params>
          <reporter-output>
            <line>
              <![CDATA[Completed executing following method : BaseEngine.beforeMethodExecution]]>
            </line>
          </reporter-output>
        </test-method> <!-- beforeMethodExecution -->
        <test-method status="PASS" signature="checkLoginPageTitleByURLInputInBrowser()[pri:2, instance:com.focus.testcases.URLBrowserTest@47ef968d]" name="checkLoginPageTitleByURLInputInBrowser" duration-ms="3919" started-at="2023-01-03T13:48:12Z" finished-at="2023-01-03T13:48:16Z">
          <reporter-output>
            <line>
              <![CDATA[Completed executing following method : URLBrowserTest.checkLoginPageTitleByURLInputInBrowser]]>
            </line>
            <line>
              <![CDATA[Test Method resides in com.focus.testcases.URLBrowserTest]]>
            </line>
            <line>
              <![CDATA[Test Status: Pass]]>
            </line>
            <line>
              <![CDATA[About to begin executing following method : BaseEngine.afterMethodExecution]]>
            </line>
          </reporter-output>
        </test-method> <!-- checkLoginPageTitleByURLInputInBrowser -->
        <test-method status="PASS" signature="afterMethodExecution(org.testng.ITestResult)[pri:0, instance:com.focus.testcases.URLBrowserTest@47ef968d]" name="afterMethodExecution" is-config="true" duration-ms="1" started-at="2023-01-03T13:48:16Z" finished-at="2023-01-03T13:48:16Z">
          <params>
            <param index="0">
              <value>
                <![CDATA[[TestResult name=checkLoginPageTitleByURLInputInBrowser status=SUCCESS method=URLBrowserTest.checkLoginPageTitleByURLInputInBrowser()[pri:2, instance:com.focus.testcases.URLBrowserTest@47ef968d] output=Completed executing following method : URLBrowserTest.checkLoginPageTitleByURLInputInBrowser]]]>
              </value>
            </param>
          </params>
          <reporter-output>
            <line>
              <![CDATA[Completed executing following method : BaseEngine.afterMethodExecution]]>
            </line>
          </reporter-output>
        </test-method> <!-- afterMethodExecution -->
        <test-method status="PASS" signature="generateReports()[pri:0, instance:com.focus.testcases.URLBrowserTest@47ef968d]" name="generateReports" is-config="true" duration-ms="238" started-at="2023-01-03T13:59:16Z" finished-at="2023-01-03T13:59:16Z">
          <reporter-output>
            <line>
              <![CDATA[Completed executing following method : BaseEngine.generateReports]]>
            </line>
          </reporter-output>
        </test-method> <!-- generateReports -->
        <test-method status="PASS" signature="closeBrowser()[pri:0, instance:com.focus.testcases.URLBrowserTest@47ef968d]" name="closeBrowser" is-config="true" duration-ms="170" started-at="2023-01-03T13:59:16Z" finished-at="2023-01-03T13:59:16Z">
          <reporter-output>
            <line>
              <![CDATA[Completed executing following method : BaseEngine.closeBrowser]]>
            </line>
          </reporter-output>
        </test-method> <!-- closeBrowser -->
      </class> <!-- com.focus.testcases.URLBrowserTest -->
    </test> <!-- Test -->
  </suite> <!-- Suite -->
</testng-results>
