<?xml version="1.0" encoding="UTF-8"?>
<!-- Generated by org.testng.reporters.JUnitReportReporter -->
<testsuite hostname="FOCUS-QA-10" name="com.focus.testcases.MasterPreloadTest" tests="17" failures="2" timestamp="7 Dec 2022 21:51:35 GMT" time="711.033" errors="0">
  <testcase name="checkRestoreAutomationCompany" time="208.308" classname="com.focus.testcases.MasterPreloadTest"/>
  <testcase name="checkEraseAllTransactionsAfterCompletingAllValidations" time="14.565" classname="com.focus.testcases.MasterPreloadTest"/>
  <testcase name="checkUpdatingItemRateEditableForSalesInvoiceVAT" time="16.593" classname="com.focus.testcases.MasterPreloadTest"/>
  <testcase name="checkAssigningCostCenterToStockItem" time="38.597" classname="com.focus.testcases.MasterPreloadTest"/>
  <testcase name="checkValidatingCannotBeBelowCostDropdownAndSavingVoucher" time="92.100" classname="com.focus.testcases.MasterPreloadTest">
    <failure type="java.lang.AssertionError" message="expected [true] but found [false]">
      <![CDATA[java.lang.AssertionError: expected [true] but found [false]
	at org.testng.Assert.fail(Assert.java:94)
	at org.testng.Assert.failNotEquals(Assert.java:513)
	at org.testng.Assert.assertEqualsImpl(Assert.java:135)
	at org.testng.Assert.assertEquals(Assert.java:116)
	at org.testng.Assert.assertEquals(Assert.java:305)
	at org.testng.Assert.assertEquals(Assert.java:315)
	at com.focus.testcases.MasterPreloadTest.checkValidatingCannotBeBelowCostDropdownAndSavingVoucher(MasterPreloadTest.java:115)
	at sun.reflect.NativeMethodAccessorImpl.invoke0(Native Method)
	at sun.reflect.NativeMethodAccessorImpl.invoke(Unknown Source)
	at sun.reflect.DelegatingMethodAccessorImpl.invoke(Unknown Source)
	at java.lang.reflect.Method.invoke(Unknown Source)
	at org.testng.internal.MethodInvocationHelper.invokeMethod(MethodInvocationHelper.java:86)
	at org.testng.internal.Invoker.invokeMethod(Invoker.java:643)
	at org.testng.internal.Invoker.invokeTestMethod(Invoker.java:820)
	at org.testng.internal.Invoker.invokeTestMethods(Invoker.java:1128)
	at org.testng.internal.TestMethodWorker.invokeTestMethods(TestMethodWorker.java:129)
	at org.testng.internal.TestMethodWorker.run(TestMethodWorker.java:112)
	at org.testng.TestRunner.privateRun(TestRunner.java:782)
	at org.testng.TestRunner.run(TestRunner.java:632)
	at org.testng.SuiteRunner.runTest(SuiteRunner.java:366)
	at org.testng.SuiteRunner.runSequentially(SuiteRunner.java:361)
	at org.testng.SuiteRunner.privateRun(SuiteRunner.java:319)
	at org.testng.SuiteRunner.run(SuiteRunner.java:268)
	at org.testng.SuiteRunnerWorker.runSuite(SuiteRunnerWorker.java:52)
	at org.testng.SuiteRunnerWorker.run(SuiteRunnerWorker.java:86)
	at org.testng.TestNG.runSuitesSequentially(TestNG.java:1244)
	at org.testng.TestNG.runSuitesLocally(TestNG.java:1169)
	at org.testng.TestNG.run(TestNG.java:1064)
	at org.testng.remote.AbstractRemoteTestNG.run(AbstractRemoteTestNG.java:114)
	at org.testng.remote.RemoteTestNG.initAndRun(RemoteTestNG.java:251)
	at org.testng.remote.RemoteTestNG.main(RemoteTestNG.java:77)
]]>
    </failure>
  </testcase> <!-- checkValidatingCannotBeBelowCostDropdownAndSavingVoucher -->
  <testcase name="checkUpdatingItemRateCannotBeBelowCostForSalesInvoiceVAT" time="24.217" classname="com.focus.testcases.MasterPreloadTest"/>
  <testcase name="checkSavedPurchaseVoucherAfterEditingVoucher" time="6.098" classname="com.focus.testcases.MasterPreloadTest"/>
  <testcase name="CheckCostCenterInSavedVoucherWithStockItemAndSTDRateItem" time="8.292" classname="com.focus.testcases.MasterPreloadTest"/>
  <testcase name="checkAssigningCostCenterToSTDRateItem" time="26.004" classname="com.focus.testcases.MasterPreloadTest"/>
  <testcase name="checkAddingExtraFieldInGeneralTabAsCostCenter" time="58.680" classname="com.focus.testcases.MasterPreloadTest"/>
  <testcase name="checkAddingFieldsInEditLayoutBodyTabAsCostCenterBodyInPurchaseVoucher" time="43.304" classname="com.focus.testcases.MasterPreloadTest"/>
  <testcase name="checkCreatingCostCenterWithSTDRateCostCenter" time="11.767" classname="com.focus.testcases.MasterPreloadTest"/>
  <testcase name="checkValidatingCannotBeChangedInSavedVoucher" time="6.589" classname="com.focus.testcases.MasterPreloadTest"/>
  <testcase name="checkCreatingCostCenterWithStockCostCenter" time="24.956" classname="com.focus.testcases.MasterPreloadTest"/>
  <testcase name="CheckSavingPurchaseVoucherWithStockItemAndSTDRateItem" time="77.469" classname="com.focus.testcases.MasterPreloadTest"/>
  <testcase name="checkUpdatingItemRateCannotBeChangedForSalesInvoiceVAT" time="16.787" classname="com.focus.testcases.MasterPreloadTest"/>
  <testcase name="CheckEditingPurchaseVoucher1WithStockItemAndSTDRateItem" time="36.707" classname="com.focus.testcases.MasterPreloadTest">
    <failure type="java.lang.AssertionError" message="expected [true] but found [false]">
      <![CDATA[java.lang.AssertionError: expected [true] but found [false]
	at org.testng.Assert.fail(Assert.java:94)
	at org.testng.Assert.failNotEquals(Assert.java:513)
	at org.testng.Assert.assertEqualsImpl(Assert.java:135)
	at org.testng.Assert.assertEquals(Assert.java:116)
	at org.testng.Assert.assertEquals(Assert.java:305)
	at org.testng.Assert.assertEquals(Assert.java:315)
	at com.focus.testcases.MasterPreloadTest.CheckEditingPurchaseVoucher1WithStockItemAndSTDRateItem(MasterPreloadTest.java:89)
	at sun.reflect.NativeMethodAccessorImpl.invoke0(Native Method)
	at sun.reflect.NativeMethodAccessorImpl.invoke(Unknown Source)
	at sun.reflect.DelegatingMethodAccessorImpl.invoke(Unknown Source)
	at java.lang.reflect.Method.invoke(Unknown Source)
	at org.testng.internal.MethodInvocationHelper.invokeMethod(MethodInvocationHelper.java:86)
	at org.testng.internal.Invoker.invokeMethod(Invoker.java:643)
	at org.testng.internal.Invoker.invokeTestMethod(Invoker.java:820)
	at org.testng.internal.Invoker.invokeTestMethods(Invoker.java:1128)
	at org.testng.internal.TestMethodWorker.invokeTestMethods(TestMethodWorker.java:129)
	at org.testng.internal.TestMethodWorker.run(TestMethodWorker.java:112)
	at org.testng.TestRunner.privateRun(TestRunner.java:782)
	at org.testng.TestRunner.run(TestRunner.java:632)
	at org.testng.SuiteRunner.runTest(SuiteRunner.java:366)
	at org.testng.SuiteRunner.runSequentially(SuiteRunner.java:361)
	at org.testng.SuiteRunner.privateRun(SuiteRunner.java:319)
	at org.testng.SuiteRunner.run(SuiteRunner.java:268)
	at org.testng.SuiteRunnerWorker.runSuite(SuiteRunnerWorker.java:52)
	at org.testng.SuiteRunnerWorker.run(SuiteRunnerWorker.java:86)
	at org.testng.TestNG.runSuitesSequentially(TestNG.java:1244)
	at org.testng.TestNG.runSuitesLocally(TestNG.java:1169)
	at org.testng.TestNG.run(TestNG.java:1064)
	at org.testng.remote.AbstractRemoteTestNG.run(AbstractRemoteTestNG.java:114)
	at org.testng.remote.RemoteTestNG.initAndRun(RemoteTestNG.java:251)
	at org.testng.remote.RemoteTestNG.main(RemoteTestNG.java:77)
]]>
    </failure>
  </testcase> <!-- CheckEditingPurchaseVoucher1WithStockItemAndSTDRateItem -->
</testsuite> <!-- com.focus.testcases.MasterPreloadTest -->
