<?xml version="1.0" encoding="UTF-8"?>
<!-- Generated by org.testng.reporters.JUnitReportReporter -->
<testsuite hostname="FOCUS-QA-10" name="com.focus.testcases.AccountsTest" tests="12" failures="1" timestamp="26 Dec 2022 17:33:20 GMT" time="198.813" errors="0">
  <testcase name="checkDeleteAccountInAccountMaster" time="19.667" classname="com.focus.testcases.AccountsTest"/>
  <testcase name="checkDeleteGroupAccountinAccountMaster" time="21.310" classname="com.focus.testcases.AccountsTest"/>
  <testcase name="checkSearchinganAccountUnderSubGroup" time="4.589" classname="com.focus.testcases.AccountsTest"/>
  <testcase name="checkSavingAccountSubGroupinAccountMaster" time="12.957" classname="com.focus.testcases.AccountsTest"/>
  <testcase name="checkOpenGroupAccountMaster" time="26.049" classname="com.focus.testcases.AccountsTest"/>
  <testcase name="checkEditingInSavedAccountINAccountMaster" time="10.857" classname="com.focus.testcases.AccountsTest"/>
  <testcase name="checkSavingAccountGroupinAccountMaster" time="15.841" classname="com.focus.testcases.AccountsTest"/>
  <testcase name="checkUpdatedAccountDisplayInAccountGridBeforeCustomization" time="2.426" classname="com.focus.testcases.AccountsTest"/>
  <testcase name="checkSavingAccountINAccountMaster" time="30.893" classname="com.focus.testcases.AccountsTest"/>
  <testcase name="checkSavingAccountsinSubGroupsinAccountMaster" time="25.529" classname="com.focus.testcases.AccountsTest"/>
  <testcase name="checkAccountsSavedinGroupsandSubGroupsinAccountMaster" time="28.623" classname="com.focus.testcases.AccountsTest">
    <failure type="java.lang.AssertionError" message="expected [true] but found [false]">
      <![CDATA[java.lang.AssertionError: expected [true] but found [false]
	at org.testng.Assert.fail(Assert.java:94)
	at org.testng.Assert.failNotEquals(Assert.java:513)
	at org.testng.Assert.assertEqualsImpl(Assert.java:135)
	at org.testng.Assert.assertEquals(Assert.java:116)
	at org.testng.Assert.assertEquals(Assert.java:305)
	at org.testng.Assert.assertEquals(Assert.java:315)
	at com.focus.testcases.AccountsTest.checkAccountsSavedinGroupsandSubGroupsinAccountMaster(AccountsTest.java:140)
	at sun.reflect.NativeMethodAccessorImpl.invoke0(Native Method)
	at sun.reflect.NativeMethodAccessorImpl.invoke(Unknown Source)
	at sun.reflect.DelegatingMethodAccessorImpl.invoke(Unknown Source)
	at java.lang.reflect.Method.invoke(Unknown Source)
	at org.testng.internal.MethodInvocationHelper.invokeMethod(MethodInvocationHelper.java:86)
	at org.testng.internal.Invoker.invokeMethod(Invoker.java:643)
	at org.testng.internal.Invoker.invokeTestMethod(Invoker.java:820)
	at org.testng.internal.Invoker.invokeTestMethods(Invoker.java:1128)
	at org.testng.internal.TestMethodWorker.invokeTestMethods(TestMethodWorker.java:129)
	at org.testng.internal.TestMethodWorker.run(TestMethodWorker.java:112)
	at org.testng.TestRunner.privateRun(TestRunner.java:782)
	at org.testng.TestRunner.run(TestRunner.java:632)
	at org.testng.SuiteRunner.runTest(SuiteRunner.java:366)
	at org.testng.SuiteRunner.runSequentially(SuiteRunner.java:361)
	at org.testng.SuiteRunner.privateRun(SuiteRunner.java:319)
	at org.testng.SuiteRunner.run(SuiteRunner.java:268)
	at org.testng.SuiteRunnerWorker.runSuite(SuiteRunnerWorker.java:52)
	at org.testng.SuiteRunnerWorker.run(SuiteRunnerWorker.java:86)
	at org.testng.TestNG.runSuitesSequentially(TestNG.java:1244)
	at org.testng.TestNG.runSuitesLocally(TestNG.java:1169)
	at org.testng.TestNG.run(TestNG.java:1064)
	at org.testng.remote.AbstractRemoteTestNG.run(AbstractRemoteTestNG.java:114)
	at org.testng.remote.RemoteTestNG.initAndRun(RemoteTestNG.java:251)
	at org.testng.remote.RemoteTestNG.main(RemoteTestNG.java:77)
]]>
    </failure>
  </testcase> <!-- checkAccountsSavedinGroupsandSubGroupsinAccountMaster -->
  <testcase name="checkCreatedGroupDisplayedonLeftPanel" time="0.072" classname="com.focus.testcases.AccountsTest"/>
</testsuite> <!-- com.focus.testcases.AccountsTest -->
