<?xml version="1.0" encoding="UTF-8"?>
<!-- Generated by org.testng.reporters.JUnitReportReporter -->
<testsuite hostname="FOCUS-QA-4" name="com.focus.testcases.TransactionsTest" tests="12" failures="1" timestamp="24 Aug 2021 07:37:30 GMT" time="461.342" errors="0">
  <testcase name="checkDeletingCreatedViewInHomePageOfPurchaseVoucherVAT" time="6.357" classname="com.focus.testcases.TransactionsTest"/>
  <testcase name="checkSavingPurchaseVoucherVATVoucher2WithAllItems" time="75.694" classname="com.focus.testcases.TransactionsTest"/>
  <testcase name="checkEditingCreatedViewInHomePageOfPurchaseVoucherVAT" time="6.514" classname="com.focus.testcases.TransactionsTest"/>
  <testcase name="checkVoucherHomeCustomizationEditingAndAddingWarehouse" time="10.785" classname="com.focus.testcases.TransactionsTest"/>
  <testcase name="checkVoucherHomeCustomizationAddingDepartment" time="13.223" classname="com.focus.testcases.TransactionsTest"/>
  <testcase name="checkSavingCreateViewInHomePageOfPurchaseVoucherVAT" time="23.764" classname="com.focus.testcases.TransactionsTest"/>
  <testcase name="checkVoucherHomeCustomizationEditingAndRemoveWarehouse" time="9.283" classname="com.focus.testcases.TransactionsTest">
    <failure type="java.lang.AssertionError" message="expected [true] but found [false]">
      <![CDATA[java.lang.AssertionError: expected [true] but found [false]
	at org.testng.Assert.fail(Assert.java:94)
	at org.testng.Assert.failNotEquals(Assert.java:513)
	at org.testng.Assert.assertEqualsImpl(Assert.java:135)
	at org.testng.Assert.assertEquals(Assert.java:116)
	at org.testng.Assert.assertEquals(Assert.java:305)
	at org.testng.Assert.assertEquals(Assert.java:315)
	at com.focus.testcases.TransactionsTest.checkVoucherHomeCustomizationEditingAndRemoveWarehouse(TransactionsTest.java:74)
	at sun.reflect.NativeMethodAccessorImpl.invoke0(Native Method)
	at sun.reflect.NativeMethodAccessorImpl.invoke(Unknown Source)
	at sun.reflect.DelegatingMethodAccessorImpl.invoke(Unknown Source)
	at java.lang.reflect.Method.invoke(Unknown Source)
	at org.testng.internal.MethodInvocationHelper.invokeMethod(MethodInvocationHelper.java:86)
	at org.testng.internal.Invoker.invokeMethod(Invoker.java:643)
	at org.testng.internal.Invoker.invokeTestMethod(Invoker.java:820)
	at org.testng.internal.Invoker.invokeTestMethods(Invoker.java:1128)
	at org.testng.internal.TestMethodWorker.invokeTestMethods(TestMethodWorker.java:129)
	at org.testng.internal.TestMethodWorker.run(TestMethodWorker.java:112)
	at org.testng.TestRunner.privateRun(TestRunner.java:782)
	at org.testng.TestRunner.run(TestRunner.java:632)
	at org.testng.SuiteRunner.runTest(SuiteRunner.java:366)
	at org.testng.SuiteRunner.runSequentially(SuiteRunner.java:361)
	at org.testng.SuiteRunner.privateRun(SuiteRunner.java:319)
	at org.testng.SuiteRunner.run(SuiteRunner.java:268)
	at org.testng.SuiteRunnerWorker.runSuite(SuiteRunnerWorker.java:52)
	at org.testng.SuiteRunnerWorker.run(SuiteRunnerWorker.java:86)
	at org.testng.TestNG.runSuitesSequentially(TestNG.java:1244)
	at org.testng.TestNG.runSuitesLocally(TestNG.java:1169)
	at org.testng.TestNG.run(TestNG.java:1064)
	at org.testng.remote.AbstractRemoteTestNG.run(AbstractRemoteTestNG.java:114)
	at org.testng.remote.RemoteTestNG.initAndRun(RemoteTestNG.java:251)
	at org.testng.remote.RemoteTestNG.main(RemoteTestNG.java:77)
]]>
    </failure>
  </testcase> <!-- checkVoucherHomeCustomizationEditingAndRemoveWarehouse -->
  <testcase name="checkCustomizingFieldForVendorAccountInPurchaseVoucherVAT" time="29.498" classname="com.focus.testcases.TransactionsTest"/>
  <testcase name="checkSavingCreateViewInHomePageForDelete" time="94.707" classname="com.focus.testcases.TransactionsTest"/>
  <testcase name="checkEditingPurchaseVoucherVATVoucher1" time="42.186" classname="com.focus.testcases.TransactionsTest"/>
  <testcase name="checkDeletingPurchaseVoucherVATVoucher2" time="54.247" classname="com.focus.testcases.TransactionsTest"/>
  <testcase name="checkSavingPurchaseVoucherVATVoucher1WithAllItems" time="95.084" classname="com.focus.testcases.TransactionsTest"/>
</testsuite> <!-- com.focus.testcases.TransactionsTest -->
